{"total": {"lines":{"total":90746,"covered":81238,"skipped":0,"pct":89.52},"statements":{"total":90746,"covered":81238,"skipped":0,"pct":89.52},"functions":{"total":4103,"covered":3484,"skipped":0,"pct":84.91},"branches":{"total":20041,"covered":17365,"skipped":0,"pct":86.64},"branchesTrue":{"total":0,"covered":0,"skipped":0,"pct":100}}
,"C:\\Users\\Ekii\\Desktop\\datazup\\internal-dev\\ui\\dzup-ui\\apps\\landing\\src\\App.vue": {"lines":{"total":97,"covered":91,"skipped":0,"pct":93.81},"functions":{"total":4,"covered":1,"skipped":0,"pct":25},"statements":{"total":97,"covered":91,"skipped":0,"pct":93.81},"branches":{"total":24,"covered":20,"skipped":0,"pct":83.33}}
,"C:\\Users\\Ekii\\Desktop\\datazup\\internal-dev\\ui\\dzup-ui\\apps\\landing\\src\\config.ts": {"lines":{"total":86,"covered":84,"skipped":0,"pct":97.67},"functions":{"total":3,"covered":2,"skipped":0,"pct":66.66},"statements":{"total":86,"covered":84,"skipped":0,"pct":97.67},"branches":{"total":3,"covered":2,"skipped":0,"pct":66.66}}
,"C:\\Users\\Ekii\\Desktop\\datazup\\internal-dev\\ui\\dzup-ui\\apps\\landing\\src\\data.ts": {"lines":{"total":104,"covered":104,"skipped":0,"pct":100},"functions":{"total":0,"covered":0,"skipped":0,"pct":100},"statements":{"total":104,"covered":104,"skipped":0,"pct":100},"branches":{"total":4,"covered":3,"skipped":0,"pct":75}}
,"C:\\Users\\Ekii\\Desktop\\datazup\\internal-dev\\ui\\dzup-ui\\apps\\landing\\src\\icons.ts": {"lines":{"total":56,"covered":56,"skipped":0,"pct":100},"functions":{"total":0,"covered":0,"skipped":0,"pct":100},"statements":{"total":56,"covered":56,"skipped":0,"pct":100},"branches":{"total":0,"covered":0,"skipped":0,"pct":100}}
,"C:\\Users\\Ekii\\Desktop\\datazup\\internal-dev\\ui\\dzup-ui\\apps\\landing\\src\\main.ts": {"lines":{"total":29,"covered":0,"skipped":0,"pct":0},"functions":{"total":1,"covered":0,"skipped":0,"pct":0},"statements":{"total":29,"covered":0,"skipped":0,"pct":0},"branches":{"total":1,"covered":0,"skipped":0,"pct":0}}
,"C:\\Users\\Ekii\\Desktop\\datazup\\internal-dev\\ui\\dzup-ui\\apps\\landing\\src\\nav.ts": {"lines":{"total":35,"covered":35,"skipped":0,"pct":100},"functions":{"total":3,"covered":3,"skipped":0,"pct":100},"statements":{"total":35,"covered":35,"skipped":0,"pct":100},"branches":{"total":8,"covered":8,"skipped":0,"pct":100}}
,"C:\\Users\\Ekii\\Desktop\\datazup\\internal-dev\\ui\\dzup-ui\\apps\\landing\\src\\origin.ts": {"lines":{"total":3,"covered":3,"skipped":0,"pct":100},"functions":{"total":0,"covered":0,"skipped":0,"pct":100},"statements":{"total":3,"covered":3,"skipped":0,"pct":100},"branches":{"total":0,"covered":0,"skipped":0,"pct":100}}
,"C:\\Users\\Ekii\\Desktop\\datazup\\internal-dev\\ui\\dzup-ui\\apps\\landing\\src\\router.ts": {"lines":{"total":407,"covered":380,"skipped":0,"pct":93.36},"functions":{"total":34,"covered":31,"skipped":0,"pct":91.17},"statements":{"total":407,"covered":380,"skipped":0,"pct":93.36},"branches":{"total":86,"covered":74,"skipped":0,"pct":86.04}}
,"C:\\Users\\Ekii\\Desktop\\datazup\\internal-dev\\ui\\dzup-ui\\apps\\landing\\src\\blocks\\certifications.ts": {"lines":{"total":32,"covered":32,"skipped":0,"pct":100},"functions":{"total":1,"covered":1,"skipped":0,"pct":100},"statements":{"total":32,"covered":32,"skipped":0,"pct":100},"branches":{"total":4,"covered":4,"skipped":0,"pct":100}}
,"C:\\Users\\Ekii\\Desktop\\datazup\\internal-dev\\ui\\dzup-ui\\apps\\landing\\src\\blocks\\config.ts": {"lines":{"total":128,"covered":126,"skipped":0,"pct":98.43},"functions":{"total":18,"covered":17,"skipped":0,"pct":94.44},"statements":{"total":128,"covered":126,"skipped":0,"pct":98.43},"branches":{"total":28,"covered":21,"skipped":0,"pct":75}}
,"C:\\Users\\Ekii\\Desktop\\datazup\\internal-dev\\ui\\dzup-ui\\apps\\landing\\src\\blocks\\llmsText.ts": {"lines":{"total":129,"covered":127,"skipped":0,"pct":98.44},"functions":{"total":12,"covered":11,"skipped":0,"pct":91.66},"statements":{"total":129,"covered":127,"skipped":0,"pct":98.44},"branches":{"total":25,"covered":23,"skipped":0,"pct":92}}
,"C:\\Users\\Ekii\\Desktop\\datazup\\internal-dev\\ui\\dzup-ui\\apps\\landing\\src\\blocks\\registry.ts": {"lines":{"total":928,"covered":924,"skipped":0,"pct":99.56},"functions":{"total":94,"covered":94,"skipped":0,"pct":100},"statements":{"total":928,"covered":924,"skipped":0,"pct":99.56},"branches":{"total":110,"covered":109,"skipped":0,"pct":99.09}}
,"C:\\Users\\Ekii\\Desktop\\datazup\\internal-dev\\ui\\dzup-ui\\apps\\landing\\src\\blocks\\registryItem.ts": {"lines":{"total":49,"covered":49,"skipped":0,"pct":100},"functions":{"total":3,"covered":3,"skipped":0,"pct":100},"statements":{"total":49,"covered":49,"skipped":0,"pct":100},"branches":{"total":5,"covered":5,"skipped":0,"pct":100}}
,"C:\\Users\\Ekii\\Desktop\\datazup\\internal-dev\\ui\\dzup-ui\\apps\\landing\\src\\blocks\\responsiveCertification.ts": {"lines":{"total":61,"covered":61,"skipped":0,"pct":100},"functions":{"total":0,"covered":0,"skipped":0,"pct":100},"statements":{"total":61,"covered":61,"skipped":0,"pct":100},"branches":{"total":0,"covered":0,"skipped":0,"pct":100}}
,"C:\\Users\\Ekii\\Desktop\\datazup\\internal-dev\\ui\\dzup-ui\\apps\\landing\\src\\blocks\\sources.ts": {"lines":{"total":11,"covered":7,"skipped":0,"pct":63.63},"functions":{"total":1,"covered":1,"skipped":0,"pct":100},"statements":{"total":11,"covered":7,"skipped":0,"pct":63.63},"branches":{"total":2,"covered":1,"skipped":0,"pct":50}}
,"C:\\Users\\Ekii\\Desktop\\datazup\\internal-dev\\ui\\dzup-ui\\apps\\landing\\src\\blocks\\templatesItem.ts": {"lines":{"total":45,"covered":45,"skipped":0,"pct":100},"functions":{"total":2,"covered":2,"skipped":0,"pct":100},"statements":{"total":45,"covered":45,"skipped":0,"pct":100},"branches":{"total":8,"covered":8,"skipped":0,"pct":100}}
,"C:\\Users\\Ekii\\Desktop\\datazup\\internal-dev\\ui\\dzup-ui\\apps\\landing\\src\\blocks\\tokensItem.ts": {"lines":{"total":62,"covered":60,"skipped":0,"pct":96.77},"functions":{"total":4,"covered":3,"skipped":0,"pct":75},"statements":{"total":62,"covered":60,"skipped":0,"pct":96.77},"branches":{"total":18,"covered":18,"skipped":0,"pct":100}}
,"C:\\Users\\Ekii\\Desktop\\datazup\\internal-dev\\ui\\dzup-ui\\apps\\landing\\src\\blocks\\application\\AppShell.vue": {"lines":{"total":1,"covered":1,"skipped":0,"pct":100},"functions":{"total":21,"covered":20,"skipped":0,"pct":95.23},"statements":{"total":1,"covered":1,"skipped":0,"pct":100},"branches":{"total":27,"covered":27,"skipped":0,"pct":100}}
,"C:\\Users\\Ekii\\Desktop\\datazup\\internal-dev\\ui\\dzup-ui\\apps\\landing\\src\\blocks\\application\\EmptyState.vue": {"lines":{"total":1,"covered":1,"skipped":0,"pct":100},"functions":{"total":5,"covered":5,"skipped":0,"pct":100},"statements":{"total":1,"covered":1,"skipped":0,"pct":100},"branches":{"total":5,"covered":5,"skipped":0,"pct":100}}
,"C:\\Users\\Ekii\\Desktop\\datazup\\internal-dev\\ui\\dzup-ui\\apps\\landing\\src\\blocks\\application\\PageHeader.vue": {"lines":{"total":1,"covered":1,"skipped":0,"pct":100},"functions":{"total":9,"covered":9,"skipped":0,"pct":100},"statements":{"total":1,"covered":1,"skipped":0,"pct":100},"branches":{"total":10,"covered":10,"skipped":0,"pct":100}}
,"C:\\Users\\Ekii\\Desktop\\datazup\\internal-dev\\ui\\dzup-ui\\apps\\landing\\src\\blocks\\application\\SettingsLayout.vue": {"lines":{"total":1,"covered":1,"skipped":0,"pct":100},"functions":{"total":16,"covered":14,"skipped":0,"pct":87.5},"statements":{"total":1,"covered":1,"skipped":0,"pct":100},"branches":{"total":27,"covered":27,"skipped":0,"pct":100}}
,"C:\\Users\\Ekii\\Desktop\\datazup\\internal-dev\\ui\\dzup-ui\\apps\\landing\\src\\blocks\\application\\StatRow.vue": {"lines":{"total":1,"covered":1,"skipped":0,"pct":100},"functions":{"total":2,"covered":2,"skipped":0,"pct":100},"statements":{"total":1,"covered":1,"skipped":0,"pct":100},"branches":{"total":2,"covered":2,"skipped":0,"pct":100}}
,"C:\\Users\\Ekii\\Desktop\\datazup\\internal-dev\\ui\\dzup-ui\\apps\\landing\\src\\blocks\\application\\TableCard.vue": {"lines":{"total":1,"covered":1,"skipped":0,"pct":100},"functions":{"total":17,"covered":15,"skipped":0,"pct":88.23},"statements":{"total":1,"covered":1,"skipped":0,"pct":100},"branches":{"total":26,"covered":24,"skipped":0,"pct":92.3}}
,"C:\\Users\\Ekii\\Desktop\\datazup\\internal-dev\\ui\\dzup-ui\\apps\\landing\\src\\blocks\\auth\\AuthSplit.vue": {"lines":{"total":1,"covered":1,"skipped":0,"pct":100},"functions":{"total":10,"covered":9,"skipped":0,"pct":90},"statements":{"total":1,"covered":1,"skipped":0,"pct":100},"branches":{"total":15,"covered":15,"skipped":0,"pct":100}}
,"C:\\Users\\Ekii\\Desktop\\datazup\\internal-dev\\ui\\dzup-ui\\apps\\landing\\src\\blocks\\auth\\ForgotPassword.vue": {"lines":{"total":1,"covered":1,"skipped":0,"pct":100},"functions":{"total":14,"covered":12,"skipped":0,"pct":85.71},"statements":{"total":1,"covered":1,"skipped":0,"pct":100},"branches":{"total":18,"covered":15,"skipped":0,"pct":83.33}}
,"C:\\Users\\Ekii\\Desktop\\datazup\\internal-dev\\ui\\dzup-ui\\apps\\landing\\src\\blocks\\auth\\OtpVerify.vue": {"lines":{"total":1,"covered":1,"skipped":0,"pct":100},"functions":{"total":12,"covered":6,"skipped":0,"pct":50},"statements":{"total":1,"covered":1,"skipped":0,"pct":100},"branches":{"total":11,"covered":10,"skipped":0,"pct":90.9}}
,"C:\\Users\\Ekii\\Desktop\\datazup\\internal-dev\\ui\\dzup-ui\\apps\\landing\\src\\blocks\\auth\\SignIn.vue": {"lines":{"total":1,"covered":1,"skipped":0,"pct":100},"functions":{"total":13,"covered":12,"skipped":0,"pct":92.3},"statements":{"total":1,"covered":1,"skipped":0,"pct":100},"branches":{"total":19,"covered":19,"skipped":0,"pct":100}}
,"C:\\Users\\Ekii\\Desktop\\datazup\\internal-dev\\ui\\dzup-ui\\apps\\landing\\src\\blocks\\auth\\SignUp.vue": {"lines":{"total":1,"covered":1,"skipped":0,"pct":100},"functions":{"total":11,"covered":10,"skipped":0,"pct":90.9},"statements":{"total":1,"covered":1,"skipped":0,"pct":100},"branches":{"total":14,"covered":14,"skipped":0,"pct":100}}
,"C:\\Users\\Ekii\\Desktop\\datazup\\internal-dev\\ui\\dzup-ui\\apps\\landing\\src\\blocks\\auth\\Wizard.vue": {"lines":{"total":1,"covered":1,"skipped":0,"pct":100},"functions":{"total":14,"covered":10,"skipped":0,"pct":71.42},"statements":{"total":1,"covered":1,"skipped":0,"pct":100},"branches":{"total":22,"covered":22,"skipped":0,"pct":100}}
,"C:\\Users\\Ekii\\Desktop\\datazup\\internal-dev\\ui\\dzup-ui\\apps\\landing\\src\\blocks\\buttons\\ButtonGroups.vue": {"lines":{"total":1,"covered":1,"skipped":0,"pct":100},"functions":{"total":11,"covered":11,"skipped":0,"pct":100},"statements":{"total":1,"covered":1,"skipped":0,"pct":100},"branches":{"total":22,"covered":22,"skipped":0,"pct":100}}
,"C:\\Users\\Ekii\\Desktop\\datazup\\internal-dev\\ui\\dzup-ui\\apps\\landing\\src\\blocks\\buttons\\ButtonShowcase.vue": {"lines":{"total":1,"covered":1,"skipped":0,"pct":100},"functions":{"total":6,"covered":6,"skipped":0,"pct":100},"statements":{"total":1,"covered":1,"skipped":0,"pct":100},"branches":{"total":11,"covered":11,"skipped":0,"pct":100}}
,"C:\\Users\\Ekii\\Desktop\\datazup\\internal-dev\\ui\\dzup-ui\\apps\\landing\\src\\blocks\\buttons\\EditorToolbar.vue": {"lines":{"total":1,"covered":1,"skipped":0,"pct":100},"functions":{"total":22,"covered":22,"skipped":0,"pct":100},"statements":{"total":1,"covered":1,"skipped":0,"pct":100},"branches":{"total":29,"covered":29,"skipped":0,"pct":100}}
,"C:\\Users\\Ekii\\Desktop\\datazup\\internal-dev\\ui\\dzup-ui\\apps\\landing\\src\\blocks\\buttons\\FloatingActions.vue": {"lines":{"total":1,"covered":1,"skipped":0,"pct":100},"functions":{"total":8,"covered":8,"skipped":0,"pct":100},"statements":{"total":1,"covered":1,"skipped":0,"pct":100},"branches":{"total":9,"covered":9,"skipped":0,"pct":100}}
,"C:\\Users\\Ekii\\Desktop\\datazup\\internal-dev\\ui\\dzup-ui\\apps\\landing\\src\\blocks\\buttons\\SocialAuthButtons.vue": {"lines":{"total":1,"covered":1,"skipped":0,"pct":100},"functions":{"total":7,"covered":7,"skipped":0,"pct":100},"statements":{"total":1,"covered":1,"skipped":0,"pct":100},"branches":{"total":8,"covered":8,"skipped":0,"pct":100}}
,"C:\\Users\\Ekii\\Desktop\\datazup\\internal-dev\\ui\\dzup-ui\\apps\\landing\\src\\blocks\\commerce\\CartSummary.vue": {"lines":{"total":1,"covered":1,"skipped":0,"pct":100},"functions":{"total":11,"covered":11,"skipped":0,"pct":100},"statements":{"total":1,"covered":1,"skipped":0,"pct":100},"branches":{"total":24,"covered":23,"skipped":0,"pct":95.83}}
,"C:\\Users\\Ekii\\Desktop\\datazup\\internal-dev\\ui\\dzup-ui\\apps\\landing\\src\\blocks\\commerce\\CategoryHeader.vue": {"lines":{"total":1,"covered":1,"skipped":0,"pct":100},"functions":{"total":7,"covered":7,"skipped":0,"pct":100},"statements":{"total":1,"covered":1,"skipped":0,"pct":100},"branches":{"total":9,"covered":9,"skipped":0,"pct":100}}
,"C:\\Users\\Ekii\\Desktop\\datazup\\internal-dev\\ui\\dzup-ui\\apps\\landing\\src\\blocks\\commerce\\CheckoutSummary.vue": {"lines":{"total":1,"covered":1,"skipped":0,"pct":100},"functions":{"total":11,"covered":11,"skipped":0,"pct":100},"statements":{"total":1,"covered":1,"skipped":0,"pct":100},"branches":{"total":27,"covered":25,"skipped":0,"pct":92.59}}
,"C:\\Users\\Ekii\\Desktop\\datazup\\internal-dev\\ui\\dzup-ui\\apps\\landing\\src\\blocks\\commerce\\OrderStatus.vue": {"lines":{"total":1,"covered":1,"skipped":0,"pct":100},"functions":{"total":10,"covered":7,"skipped":0,"pct":70},"statements":{"total":1,"covered":1,"skipped":0,"pct":100},"branches":{"total":14,"covered":12,"skipped":0,"pct":85.71}}
,"C:\\Users\\Ekii\\Desktop\\datazup\\internal-dev\\ui\\dzup-ui\\apps\\landing\\src\\blocks\\commerce\\ProductDetail.vue": {"lines":{"total":1,"covered":1,"skipped":0,"pct":100},"functions":{"total":18,"covered":18,"skipped":0,"pct":100},"statements":{"total":1,"covered":1,"skipped":0,"pct":100},"branches":{"total":27,"covered":27,"skipped":0,"pct":100}}
,"C:\\Users\\Ekii\\Desktop\\datazup\\internal-dev\\ui\\dzup-ui\\apps\\landing\\src\\blocks\\commerce\\ProductGrid.vue": {"lines":{"total":1,"covered":1,"skipped":0,"pct":100},"functions":{"total":8,"covered":8,"skipped":0,"pct":100},"statements":{"total":1,"covered":1,"skipped":0,"pct":100},"branches":{"total":13,"covered":13,"skipped":0,"pct":100}}
,"C:\\Users\\Ekii\\Desktop\\datazup\\internal-dev\\ui\\dzup-ui\\apps\\landing\\src\\blocks\\content\\ArticleHeader.vue": {"lines":{"total":1,"covered":1,"skipped":0,"pct":100},"functions":{"total":6,"covered":6,"skipped":0,"pct":100},"statements":{"total":1,"covered":1,"skipped":0,"pct":100},"branches":{"total":9,"covered":9,"skipped":0,"pct":100}}
,"C:\\Users\\Ekii\\Desktop\\datazup\\internal-dev\\ui\\dzup-ui\\apps\\landing\\src\\blocks\\content\\BlogList.vue": {"lines":{"total":1,"covered":1,"skipped":0,"pct":100},"functions":{"total":6,"covered":6,"skipped":0,"pct":100},"statements":{"total":1,"covered":1,"skipped":0,"pct":100},"branches":{"total":10,"covered":10,"skipped":0,"pct":100}}
,"C:\\Users\\Ekii\\Desktop\\datazup\\internal-dev\\ui\\dzup-ui\\apps\\landing\\src\\blocks\\content\\CodeShowcase.vue": {"lines":{"total":1,"covered":1,"skipped":0,"pct":100},"functions":{"total":8,"covered":8,"skipped":0,"pct":100},"statements":{"total":1,"covered":1,"skipped":0,"pct":100},"branches":{"total":9,"covered":9,"skipped":0,"pct":100}}
,"C:\\Users\\Ekii\\Desktop\\datazup\\internal-dev\\ui\\dzup-ui\\apps\\landing\\src\\blocks\\content\\Faq2Col.vue": {"lines":{"total":1,"covered":1,"skipped":0,"pct":100},"functions":{"total":7,"covered":7,"skipped":0,"pct":100},"statements":{"total":1,"covered":1,"skipped":0,"pct":100},"branches":{"total":9,"covered":9,"skipped":0,"pct":100}}
,"C:\\Users\\Ekii\\Desktop\\datazup\\internal-dev\\ui\\dzup-ui\\apps\\landing\\src\\blocks\\content\\Prose.vue": {"lines":{"total":1,"covered":1,"skipped":0,"pct":100},"functions":{"total":6,"covered":6,"skipped":0,"pct":100},"statements":{"total":1,"covered":1,"skipped":0,"pct":100},"branches":{"total":11,"covered":11,"skipped":0,"pct":100}}
,"C:\\Users\\Ekii\\Desktop\\datazup\\internal-dev\\ui\\dzup-ui\\apps\\landing\\src\\blocks\\content\\TocAside.vue": {"lines":{"total":1,"covered":1,"skipped":0,"pct":100},"functions":{"total":4,"covered":4,"skipped":0,"pct":100},"statements":{"total":1,"covered":1,"skipped":0,"pct":100},"branches":{"total":10,"covered":10,"skipped":0,"pct":100}}
,"C:\\Users\\Ekii\\Desktop\\datazup\\internal-dev\\ui\\dzup-ui\\apps\\landing\\src\\blocks\\data\\ActivityTimeline.vue": {"lines":{"total":1,"covered":1,"skipped":0,"pct":100},"functions":{"total":9,"covered":9,"skipped":0,"pct":100},"statements":{"total":1,"covered":1,"skipped":0,"pct":100},"branches":{"total":10,"covered":10,"skipped":0,"pct":100}}
,"C:\\Users\\Ekii\\Desktop\\datazup\\internal-dev\\ui\\dzup-ui\\apps\\landing\\src\\blocks\\data\\DataGridCard.vue": {"lines":{"total":1,"covered":1,"skipped":0,"pct":100},"functions":{"total":8,"covered":8,"skipped":0,"pct":100},"statements":{"total":1,"covered":1,"skipped":0,"pct":100},"branches":{"total":12,"covered":12,"skipped":0,"pct":100}}
,"C:\\Users\\Ekii\\Desktop\\datazup\\internal-dev\\ui\\dzup-ui\\apps\\landing\\src\\blocks\\data\\DataViewGallery.vue": {"lines":{"total":1,"covered":1,"skipped":0,"pct":100},"functions":{"total":10,"covered":10,"skipped":0,"pct":100},"statements":{"total":1,"covered":1,"skipped":0,"pct":100},"branches":{"total":17,"covered":17,"skipped":0,"pct":100}}
,"C:\\Users\\Ekii\\Desktop\\datazup\\internal-dev\\ui\\dzup-ui\\apps\\landing\\src\\blocks\\data\\DetailDescriptions.vue": {"lines":{"total":1,"covered":1,"skipped":0,"pct":100},"functions":{"total":9,"covered":9,"skipped":0,"pct":100},"statements":{"total":1,"covered":1,"skipped":0,"pct":100},"branches":{"total":12,"covered":12,"skipped":0,"pct":100}}
,"C:\\Users\\Ekii\\Desktop\\datazup\\internal-dev\\ui\\dzup-ui\\apps\\landing\\src\\blocks\\data\\FileTree.vue": {"lines":{"total":1,"covered":1,"skipped":0,"pct":100},"functions":{"total":7,"covered":7,"skipped":0,"pct":100},"statements":{"total":1,"covered":1,"skipped":0,"pct":100},"branches":{"total":14,"covered":12,"skipped":0,"pct":85.71}}
,"C:\\Users\\Ekii\\Desktop\\datazup\\internal-dev\\ui\\dzup-ui\\apps\\landing\\src\\blocks\\data\\Leaderboard.vue": {"lines":{"total":1,"covered":1,"skipped":0,"pct":100},"functions":{"total":13,"covered":13,"skipped":0,"pct":100},"statements":{"total":1,"covered":1,"skipped":0,"pct":100},"branches":{"total":18,"covered":17,"skipped":0,"pct":94.44}}
,"C:\\Users\\Ekii\\Desktop\\datazup\\internal-dev\\ui\\dzup-ui\\apps\\landing\\src\\blocks\\data\\ReleaseCountdown.vue": {"lines":{"total":1,"covered":1,"skipped":0,"pct":100},"functions":{"total":7,"covered":7,"skipped":0,"pct":100},"statements":{"total":1,"covered":1,"skipped":0,"pct":100},"branches":{"total":9,"covered":9,"skipped":0,"pct":100}}
,"C:\\Users\\Ekii\\Desktop\\datazup\\internal-dev\\ui\\dzup-ui\\apps\\landing\\src\\blocks\\feedback\\AlertStack.vue": {"lines":{"total":1,"covered":1,"skipped":0,"pct":100},"functions":{"total":9,"covered":9,"skipped":0,"pct":100},"statements":{"total":1,"covered":1,"skipped":0,"pct":100},"branches":{"total":11,"covered":11,"skipped":0,"pct":100}}
,"C:\\Users\\Ekii\\Desktop\\datazup\\internal-dev\\ui\\dzup-ui\\apps\\landing\\src\\blocks\\feedback\\LoadingStates.vue": {"lines":{"total":1,"covered":1,"skipped":0,"pct":100},"functions":{"total":12,"covered":9,"skipped":0,"pct":75},"statements":{"total":1,"covered":1,"skipped":0,"pct":100},"branches":{"total":15,"covered":13,"skipped":0,"pct":86.66}}
,"C:\\Users\\Ekii\\Desktop\\datazup\\internal-dev\\ui\\dzup-ui\\apps\\landing\\src\\blocks\\feedback\\NotificationCenter.vue": {"lines":{"total":1,"covered":1,"skipped":0,"pct":100},"functions":{"total":11,"covered":9,"skipped":0,"pct":81.81},"statements":{"total":1,"covered":1,"skipped":0,"pct":100},"branches":{"total":11,"covered":11,"skipped":0,"pct":100}}
,"C:\\Users\\Ekii\\Desktop\\datazup\\internal-dev\\ui\\dzup-ui\\apps\\landing\\src\\blocks\\feedback\\ResultStates.vue": {"lines":{"total":1,"covered":1,"skipped":0,"pct":100},"functions":{"total":5,"covered":5,"skipped":0,"pct":100},"statements":{"total":1,"covered":1,"skipped":0,"pct":100},"branches":{"total":10,"covered":9,"skipped":0,"pct":90}}
,"C:\\Users\\Ekii\\Desktop\\datazup\\internal-dev\\ui\\dzup-ui\\apps\\landing\\src\\blocks\\feedback\\ToastLauncher.vue": {"lines":{"total":1,"covered":1,"skipped":0,"pct":100},"functions":{"total":7,"covered":7,"skipped":0,"pct":100},"statements":{"total":1,"covered":1,"skipped":0,"pct":100},"branches":{"total":10,"covered":10,"skipped":0,"pct":100}}
,"C:\\Users\\Ekii\\Desktop\\datazup\\internal-dev\\ui\\dzup-ui\\apps\\landing\\src\\blocks\\feedback\\UsageMeters.vue": {"lines":{"total":1,"covered":1,"skipped":0,"pct":100},"functions":{"total":8,"covered":8,"skipped":0,"pct":100},"statements":{"total":1,"covered":1,"skipped":0,"pct":100},"branches":{"total":11,"covered":11,"skipped":0,"pct":100}}
,"C:\\Users\\Ekii\\Desktop\\datazup\\internal-dev\\ui\\dzup-ui\\apps\\landing\\src\\blocks\\forms\\AccessTransfer.vue": {"lines":{"total":1,"covered":1,"skipped":0,"pct":100},"functions":{"total":10,"covered":10,"skipped":0,"pct":100},"statements":{"total":1,"covered":1,"skipped":0,"pct":100},"branches":{"total":10,"covered":10,"skipped":0,"pct":100}}
,"C:\\Users\\Ekii\\Desktop\\datazup\\internal-dev\\ui\\dzup-ui\\apps\\landing\\src\\blocks\\forms\\AppearanceEditor.vue": {"lines":{"total":1,"covered":1,"skipped":0,"pct":100},"functions":{"total":10,"covered":9,"skipped":0,"pct":90},"statements":{"total":1,"covered":1,"skipped":0,"pct":100},"branches":{"total":15,"covered":15,"skipped":0,"pct":100}}
,"C:\\Users\\Ekii\\Desktop\\datazup\\internal-dev\\ui\\dzup-ui\\apps\\landing\\src\\blocks\\forms\\BookingForm.vue": {"lines":{"total":1,"covered":1,"skipped":0,"pct":100},"functions":{"total":14,"covered":14,"skipped":0,"pct":100},"statements":{"total":1,"covered":1,"skipped":0,"pct":100},"branches":{"total":15,"covered":15,"skipped":0,"pct":100}}
,"C:\\Users\\Ekii\\Desktop\\datazup\\internal-dev\\ui\\dzup-ui\\apps\\landing\\src\\blocks\\forms\\CategoryPicker.vue": {"lines":{"total":1,"covered":1,"skipped":0,"pct":100},"functions":{"total":11,"covered":11,"skipped":0,"pct":100},"statements":{"total":1,"covered":1,"skipped":0,"pct":100},"branches":{"total":12,"covered":12,"skipped":0,"pct":100}}
,"C:\\Users\\Ekii\\Desktop\\datazup\\internal-dev\\ui\\dzup-ui\\apps\\landing\\src\\blocks\\forms\\ContactForm.vue": {"lines":{"total":1,"covered":1,"skipped":0,"pct":100},"functions":{"total":14,"covered":14,"skipped":0,"pct":100},"statements":{"total":1,"covered":1,"skipped":0,"pct":100},"branches":{"total":20,"covered":18,"skipped":0,"pct":90}}
,"C:\\Users\\Ekii\\Desktop\\datazup\\internal-dev\\ui\\dzup-ui\\apps\\landing\\src\\blocks\\forms\\FeedbackForm.vue": {"lines":{"total":1,"covered":1,"skipped":0,"pct":100},"functions":{"total":13,"covered":13,"skipped":0,"pct":100},"statements":{"total":1,"covered":1,"skipped":0,"pct":100},"branches":{"total":18,"covered":17,"skipped":0,"pct":94.44}}
,"C:\\Users\\Ekii\\Desktop\\datazup\\internal-dev\\ui\\dzup-ui\\apps\\landing\\src\\blocks\\forms\\FilterPanel.vue": {"lines":{"total":1,"covered":1,"skipped":0,"pct":100},"functions":{"total":14,"covered":13,"skipped":0,"pct":92.85},"statements":{"total":1,"covered":1,"skipped":0,"pct":100},"branches":{"total":24,"covered":24,"skipped":0,"pct":100}}
,"C:\\Users\\Ekii\\Desktop\\datazup\\internal-dev\\ui\\dzup-ui\\apps\\landing\\src\\blocks\\forms\\FloatLabelForm.vue": {"lines":{"total":1,"covered":1,"skipped":0,"pct":100},"functions":{"total":9,"covered":9,"skipped":0,"pct":100},"statements":{"total":1,"covered":1,"skipped":0,"pct":100},"branches":{"total":9,"covered":9,"skipped":0,"pct":100}}
,"C:\\Users\\Ekii\\Desktop\\datazup\\internal-dev\\ui\\dzup-ui\\apps\\landing\\src\\blocks\\forms\\InvoiceBuilder.vue": {"lines":{"total":1,"covered":1,"skipped":0,"pct":100},"functions":{"total":15,"covered":14,"skipped":0,"pct":93.33},"statements":{"total":1,"covered":1,"skipped":0,"pct":100},"branches":{"total":24,"covered":22,"skipped":0,"pct":91.66}}
,"C:\\Users\\Ekii\\Desktop\\datazup\\internal-dev\\ui\\dzup-ui\\apps\\landing\\src\\blocks\\forms\\NewsletterForm.vue": {"lines":{"total":1,"covered":1,"skipped":0,"pct":100},"functions":{"total":10,"covered":9,"skipped":0,"pct":90},"statements":{"total":1,"covered":1,"skipped":0,"pct":100},"branches":{"total":17,"covered":14,"skipped":0,"pct":82.35}}
,"C:\\Users\\Ekii\\Desktop\\datazup\\internal-dev\\ui\\dzup-ui\\apps\\landing\\src\\blocks\\forms\\PaymentForm.vue": {"lines":{"total":1,"covered":1,"skipped":0,"pct":100},"functions":{"total":16,"covered":16,"skipped":0,"pct":100},"statements":{"total":1,"covered":1,"skipped":0,"pct":100},"branches":{"total":22,"covered":20,"skipped":0,"pct":90.9}}
,"C:\\Users\\Ekii\\Desktop\\datazup\\internal-dev\\ui\\dzup-ui\\apps\\landing\\src\\blocks\\forms\\ProfileForm.vue": {"lines":{"total":1,"covered":1,"skipped":0,"pct":100},"functions":{"total":15,"covered":15,"skipped":0,"pct":100},"statements":{"total":1,"covered":1,"skipped":0,"pct":100},"branches":{"total":19,"covered":19,"skipped":0,"pct":100}}
,"C:\\Users\\Ekii\\Desktop\\datazup\\internal-dev\\ui\\dzup-ui\\apps\\landing\\src\\blocks\\forms\\RecordForm.vue": {"lines":{"total":1,"covered":1,"skipped":0,"pct":100},"functions":{"total":12,"covered":12,"skipped":0,"pct":100},"statements":{"total":1,"covered":1,"skipped":0,"pct":100},"branches":{"total":13,"covered":13,"skipped":0,"pct":100}}
,"C:\\Users\\Ekii\\Desktop\\datazup\\internal-dev\\ui\\dzup-ui\\apps\\landing\\src\\blocks\\layout\\BentoGrid.vue": {"lines":{"total":1,"covered":1,"skipped":0,"pct":100},"functions":{"total":12,"covered":12,"skipped":0,"pct":100},"statements":{"total":1,"covered":1,"skipped":0,"pct":100},"branches":{"total":18,"covered":18,"skipped":0,"pct":100}}
,"C:\\Users\\Ekii\\Desktop\\datazup\\internal-dev\\ui\\dzup-ui\\apps\\landing\\src\\blocks\\layout\\CollapsibleSections.vue": {"lines":{"total":1,"covered":1,"skipped":0,"pct":100},"functions":{"total":13,"covered":13,"skipped":0,"pct":100},"statements":{"total":1,"covered":1,"skipped":0,"pct":100},"branches":{"total":17,"covered":17,"skipped":0,"pct":100}}
,"C:\\Users\\Ekii\\Desktop\\datazup\\internal-dev\\ui\\dzup-ui\\apps\\landing\\src\\blocks\\layout\\MasonryGallery.vue": {"lines":{"total":1,"covered":1,"skipped":0,"pct":100},"functions":{"total":9,"covered":9,"skipped":0,"pct":100},"statements":{"total":1,"covered":1,"skipped":0,"pct":100},"branches":{"total":11,"covered":11,"skipped":0,"pct":100}}
,"C:\\Users\\Ekii\\Desktop\\datazup\\internal-dev\\ui\\dzup-ui\\apps\\landing\\src\\blocks\\layout\\PageScaffold.vue": {"lines":{"total":1,"covered":1,"skipped":0,"pct":100},"functions":{"total":13,"covered":13,"skipped":0,"pct":100},"statements":{"total":1,"covered":1,"skipped":0,"pct":100},"branches":{"total":25,"covered":25,"skipped":0,"pct":100}}
,"C:\\Users\\Ekii\\Desktop\\datazup\\internal-dev\\ui\\dzup-ui\\apps\\landing\\src\\blocks\\layout\\ResizableWorkspace.vue": {"lines":{"total":1,"covered":1,"skipped":0,"pct":100},"functions":{"total":16,"covered":16,"skipped":0,"pct":100},"statements":{"total":1,"covered":1,"skipped":0,"pct":100},"branches":{"total":23,"covered":23,"skipped":0,"pct":100}}
,"C:\\Users\\Ekii\\Desktop\\datazup\\internal-dev\\ui\\dzup-ui\\apps\\landing\\src\\blocks\\layout\\StickyAside.vue": {"lines":{"total":1,"covered":1,"skipped":0,"pct":100},"functions":{"total":9,"covered":9,"skipped":0,"pct":100},"statements":{"total":1,"covered":1,"skipped":0,"pct":100},"branches":{"total":13,"covered":13,"skipped":0,"pct":100}}
,"C:\\Users\\Ekii\\Desktop\\datazup\\internal-dev\\ui\\dzup-ui\\apps\\landing\\src\\blocks\\layout\\ToolbarCanvas.vue": {"lines":{"total":1,"covered":1,"skipped":0,"pct":100},"functions":{"total":14,"covered":14,"skipped":0,"pct":100},"statements":{"total":1,"covered":1,"skipped":0,"pct":100},"branches":{"total":28,"covered":28,"skipped":0,"pct":100}}
,"C:\\Users\\Ekii\\Desktop\\datazup\\internal-dev\\ui\\dzup-ui\\apps\\landing\\src\\blocks\\marketing\\CtaBand.vue": {"lines":{"total":1,"covered":1,"skipped":0,"pct":100},"functions":{"total":4,"covered":4,"skipped":0,"pct":100},"statements":{"total":1,"covered":1,"skipped":0,"pct":100},"branches":{"total":6,"covered":6,"skipped":0,"pct":100}}
,"C:\\Users\\Ekii\\Desktop\\datazup\\internal-dev\\ui\\dzup-ui\\apps\\landing\\src\\blocks\\marketing\\Faq.vue": {"lines":{"total":71,"covered":71,"skipped":0,"pct":100},"functions":{"total":1,"covered":1,"skipped":0,"pct":100},"statements":{"total":71,"covered":71,"skipped":0,"pct":100},"branches":{"total":6,"covered":6,"skipped":0,"pct":100}}
,"C:\\Users\\Ekii\\Desktop\\datazup\\internal-dev\\ui\\dzup-ui\\apps\\landing\\src\\blocks\\marketing\\FeatureGrid.vue": {"lines":{"total":63,"covered":63,"skipped":0,"pct":100},"functions":{"total":0,"covered":0,"skipped":0,"pct":100},"statements":{"total":63,"covered":63,"skipped":0,"pct":100},"branches":{"total":4,"covered":4,"skipped":0,"pct":100}}
,"C:\\Users\\Ekii\\Desktop\\datazup\\internal-dev\\ui\\dzup-ui\\apps\\landing\\src\\blocks\\marketing\\Footer.vue": {"lines":{"total":1,"covered":1,"skipped":0,"pct":100},"functions":{"total":5,"covered":5,"skipped":0,"pct":100},"statements":{"total":1,"covered":1,"skipped":0,"pct":100},"branches":{"total":7,"covered":7,"skipped":0,"pct":100}}
,"C:\\Users\\Ekii\\Desktop\\datazup\\internal-dev\\ui\\dzup-ui\\apps\\landing\\src\\blocks\\marketing\\HeroCentered.vue": {"lines":{"total":18,"covered":18,"skipped":0,"pct":100},"functions":{"total":0,"covered":0,"skipped":0,"pct":100},"statements":{"total":18,"covered":18,"skipped":0,"pct":100},"branches":{"total":5,"covered":5,"skipped":0,"pct":100}}
,"C:\\Users\\Ekii\\Desktop\\datazup\\internal-dev\\ui\\dzup-ui\\apps\\landing\\src\\blocks\\marketing\\HeroSplit.vue": {"lines":{"total":35,"covered":35,"skipped":0,"pct":100},"functions":{"total":0,"covered":0,"skipped":0,"pct":100},"statements":{"total":35,"covered":35,"skipped":0,"pct":100},"branches":{"total":5,"covered":5,"skipped":0,"pct":100}}
,"C:\\Users\\Ekii\\Desktop\\datazup\\internal-dev\\ui\\dzup-ui\\apps\\landing\\src\\blocks\\marketing\\NavBar.vue": {"lines":{"total":97,"covered":97,"skipped":0,"pct":100},"functions":{"total":4,"covered":1,"skipped":0,"pct":25},"statements":{"total":97,"covered":97,"skipped":0,"pct":100},"branches":{"total":13,"covered":13,"skipped":0,"pct":100}}
,"C:\\Users\\Ekii\\Desktop\\datazup\\internal-dev\\ui\\dzup-ui\\apps\\landing\\src\\blocks\\marketing\\PricingThree.vue": {"lines":{"total":135,"covered":135,"skipped":0,"pct":100},"functions":{"total":0,"covered":0,"skipped":0,"pct":100},"statements":{"total":135,"covered":135,"skipped":0,"pct":100},"branches":{"total":12,"covered":12,"skipped":0,"pct":100}}
,"C:\\Users\\Ekii\\Desktop\\datazup\\internal-dev\\ui\\dzup-ui\\apps\\landing\\src\\blocks\\marketing\\StatsBand.vue": {"lines":{"total":65,"covered":65,"skipped":0,"pct":100},"functions":{"total":0,"covered":0,"skipped":0,"pct":100},"statements":{"total":65,"covered":65,"skipped":0,"pct":100},"branches":{"total":0,"covered":0,"skipped":0,"pct":100}}
,"C:\\Users\\Ekii\\Desktop\\datazup\\internal-dev\\ui\\dzup-ui\\apps\\landing\\src\\blocks\\marketing\\Testimonials.vue": {"lines":{"total":109,"covered":109,"skipped":0,"pct":100},"functions":{"total":0,"covered":0,"skipped":0,"pct":100},"statements":{"total":109,"covered":109,"skipped":0,"pct":100},"branches":{"total":5,"covered":5,"skipped":0,"pct":100}}
,"C:\\Users\\Ekii\\Desktop\\datazup\\internal-dev\\ui\\dzup-ui\\apps\\landing\\src\\blocks\\media\\BeforeAfter.vue": {"lines":{"total":1,"covered":1,"skipped":0,"pct":100},"functions":{"total":7,"covered":6,"skipped":0,"pct":85.71},"statements":{"total":1,"covered":1,"skipped":0,"pct":100},"branches":{"total":9,"covered":9,"skipped":0,"pct":100}}
,"C:\\Users\\Ekii\\Desktop\\datazup\\internal-dev\\ui\\dzup-ui\\apps\\landing\\src\\blocks\\media\\CarouselShowcase.vue": {"lines":{"total":1,"covered":1,"skipped":0,"pct":100},"functions":{"total":12,"covered":12,"skipped":0,"pct":100},"statements":{"total":1,"covered":1,"skipped":0,"pct":100},"branches":{"total":16,"covered":16,"skipped":0,"pct":100}}
,"C:\\Users\\Ekii\\Desktop\\datazup\\internal-dev\\ui\\dzup-ui\\apps\\landing\\src\\blocks\\media\\Gallery.vue": {"lines":{"total":1,"covered":1,"skipped":0,"pct":100},"functions":{"total":9,"covered":9,"skipped":0,"pct":100},"statements":{"total":1,"covered":1,"skipped":0,"pct":100},"branches":{"total":15,"covered":15,"skipped":0,"pct":100}}
,"C:\\Users\\Ekii\\Desktop\\datazup\\internal-dev\\ui\\dzup-ui\\apps\\landing\\src\\blocks\\media\\ProtectedPreview.vue": {"lines":{"total":1,"covered":1,"skipped":0,"pct":100},"functions":{"total":7,"covered":7,"skipped":0,"pct":100},"statements":{"total":1,"covered":1,"skipped":0,"pct":100},"branches":{"total":10,"covered":10,"skipped":0,"pct":100}}
,"C:\\Users\\Ekii\\Desktop\\datazup\\internal-dev\\ui\\dzup-ui\\apps\\landing\\src\\blocks\\media\\QrShareCard.vue": {"lines":{"total":1,"covered":1,"skipped":0,"pct":100},"functions":{"total":9,"covered":8,"skipped":0,"pct":88.88},"statements":{"total":1,"covered":1,"skipped":0,"pct":100},"branches":{"total":14,"covered":14,"skipped":0,"pct":100}}
,"C:\\Users\\Ekii\\Desktop\\datazup\\internal-dev\\ui\\dzup-ui\\apps\\landing\\src\\blocks\\media\\TeamAvatars.vue": {"lines":{"total":1,"covered":1,"skipped":0,"pct":100},"functions":{"total":6,"covered":6,"skipped":0,"pct":100},"statements":{"total":1,"covered":1,"skipped":0,"pct":100},"branches":{"total":10,"covered":10,"skipped":0,"pct":100}}
,"C:\\Users\\Ekii\\Desktop\\datazup\\internal-dev\\ui\\dzup-ui\\apps\\landing\\src\\blocks\\overlays\\AccountMenu.vue": {"lines":{"total":1,"covered":1,"skipped":0,"pct":100},"functions":{"total":21,"covered":20,"skipped":0,"pct":95.23},"statements":{"total":1,"covered":1,"skipped":0,"pct":100},"branches":{"total":25,"covered":25,"skipped":0,"pct":100}}
,"C:\\Users\\Ekii\\Desktop\\datazup\\internal-dev\\ui\\dzup-ui\\apps\\landing\\src\\blocks\\overlays\\CommandMenu.vue": {"lines":{"total":1,"covered":1,"skipped":0,"pct":100},"functions":{"total":9,"covered":7,"skipped":0,"pct":77.77},"statements":{"total":1,"covered":1,"skipped":0,"pct":100},"branches":{"total":10,"covered":10,"skipped":0,"pct":100}}
,"C:\\Users\\Ekii\\Desktop\\datazup\\internal-dev\\ui\\dzup-ui\\apps\\landing\\src\\blocks\\overlays\\ConfirmActions.vue": {"lines":{"total":1,"covered":1,"skipped":0,"pct":100},"functions":{"total":15,"covered":11,"skipped":0,"pct":73.33},"statements":{"total":1,"covered":1,"skipped":0,"pct":100},"branches":{"total":18,"covered":18,"skipped":0,"pct":100}}
,"C:\\Users\\Ekii\\Desktop\\datazup\\internal-dev\\ui\\dzup-ui\\apps\\landing\\src\\blocks\\overlays\\ContextMenuBoard.vue": {"lines":{"total":1,"covered":1,"skipped":0,"pct":100},"functions":{"total":18,"covered":18,"skipped":0,"pct":100},"statements":{"total":1,"covered":1,"skipped":0,"pct":100},"branches":{"total":20,"covered":20,"skipped":0,"pct":100}}
,"C:\\Users\\Ekii\\Desktop\\datazup\\internal-dev\\ui\\dzup-ui\\apps\\landing\\src\\blocks\\overlays\\CreateDialog.vue": {"lines":{"total":1,"covered":1,"skipped":0,"pct":100},"functions":{"total":21,"covered":18,"skipped":0,"pct":85.71},"statements":{"total":1,"covered":1,"skipped":0,"pct":100},"branches":{"total":25,"covered":25,"skipped":0,"pct":100}}
,"C:\\Users\\Ekii\\Desktop\\datazup\\internal-dev\\ui\\dzup-ui\\apps\\landing\\src\\blocks\\overlays\\DetailSheet.vue": {"lines":{"total":1,"covered":1,"skipped":0,"pct":100},"functions":{"total":16,"covered":16,"skipped":0,"pct":100},"statements":{"total":1,"covered":1,"skipped":0,"pct":100},"branches":{"total":21,"covered":21,"skipped":0,"pct":100}}
,"C:\\Users\\Ekii\\Desktop\\datazup\\internal-dev\\ui\\dzup-ui\\apps\\landing\\src\\blocks\\overlays\\InfoPopovers.vue": {"lines":{"total":1,"covered":1,"skipped":0,"pct":100},"functions":{"total":16,"covered":13,"skipped":0,"pct":81.25},"statements":{"total":1,"covered":1,"skipped":0,"pct":100},"branches":{"total":22,"covered":22,"skipped":0,"pct":100}}
,"C:\\Users\\Ekii\\Desktop\\datazup\\internal-dev\\ui\\dzup-ui\\apps\\landing\\src\\blocks\\overlays\\ProductTour.vue": {"lines":{"total":1,"covered":1,"skipped":0,"pct":100},"functions":{"total":15,"covered":12,"skipped":0,"pct":80},"statements":{"total":1,"covered":1,"skipped":0,"pct":100},"branches":{"total":16,"covered":16,"skipped":0,"pct":100}}
,"C:\\Users\\Ekii\\Desktop\\datazup\\internal-dev\\ui\\dzup-ui\\apps\\landing\\src\\blocks\\overlays\\TooltipToolbar.vue": {"lines":{"total":1,"covered":1,"skipped":0,"pct":100},"functions":{"total":10,"covered":9,"skipped":0,"pct":90},"statements":{"total":1,"covered":1,"skipped":0,"pct":100},"branches":{"total":12,"covered":12,"skipped":0,"pct":100}}
,"C:\\Users\\Ekii\\Desktop\\datazup\\internal-dev\\ui\\dzup-ui\\apps\\landing\\src\\components\\AnnouncementBanner.vue": {"lines":{"total":56,"covered":46,"skipped":0,"pct":82.14},"functions":{"total":2,"covered":2,"skipped":0,"pct":100},"statements":{"total":56,"covered":46,"skipped":0,"pct":82.14},"branches":{"total":10,"covered":3,"skipped":0,"pct":30}}
,"C:\\Users\\Ekii\\Desktop\\datazup\\internal-dev\\ui\\dzup-ui\\apps\\landing\\src\\components\\CommunityCTA.vue": {"lines":{"total":34,"covered":34,"skipped":0,"pct":100},"functions":{"total":0,"covered":0,"skipped":0,"pct":100},"statements":{"total":34,"covered":34,"skipped":0,"pct":100},"branches":{"total":5,"covered":5,"skipped":0,"pct":100}}
,"C:\\Users\\Ekii\\Desktop\\datazup\\internal-dev\\ui\\dzup-ui\\apps\\landing\\src\\components\\ComponentGallery.vue": {"lines":{"total":42,"covered":42,"skipped":0,"pct":100},"functions":{"total":0,"covered":0,"skipped":0,"pct":100},"statements":{"total":42,"covered":42,"skipped":0,"pct":100},"branches":{"total":2,"covered":2,"skipped":0,"pct":100}}
,"C:\\Users\\Ekii\\Desktop\\datazup\\internal-dev\\ui\\dzup-ui\\apps\\landing\\src\\components\\EcosystemGrid.vue": {"lines":{"total":59,"covered":58,"skipped":0,"pct":98.3},"functions":{"total":0,"covered":0,"skipped":0,"pct":100},"statements":{"total":59,"covered":58,"skipped":0,"pct":98.3},"branches":{"total":15,"covered":14,"skipped":0,"pct":93.33}}
,"C:\\Users\\Ekii\\Desktop\\datazup\\internal-dev\\ui\\dzup-ui\\apps\\landing\\src\\components\\FamilyPreview.vue": {"lines":{"total":133,"covered":133,"skipped":0,"pct":100},"functions":{"total":5,"covered":0,"skipped":0,"pct":0},"statements":{"total":133,"covered":133,"skipped":0,"pct":100},"branches":{"total":33,"covered":33,"skipped":0,"pct":100}}
,"C:\\Users\\Ekii\\Desktop\\datazup\\internal-dev\\ui\\dzup-ui\\apps\\landing\\src\\components\\FeatureGrid.vue": {"lines":{"total":62,"covered":62,"skipped":0,"pct":100},"functions":{"total":1,"covered":0,"skipped":0,"pct":0},"statements":{"total":62,"covered":62,"skipped":0,"pct":100},"branches":{"total":8,"covered":8,"skipped":0,"pct":100}}
,"C:\\Users\\Ekii\\Desktop\\datazup\\internal-dev\\ui\\dzup-ui\\apps\\landing\\src\\components\\Footer.vue": {"lines":{"total":106,"covered":106,"skipped":0,"pct":100},"functions":{"total":2,"covered":2,"skipped":0,"pct":100},"statements":{"total":106,"covered":106,"skipped":0,"pct":100},"branches":{"total":8,"covered":8,"skipped":0,"pct":100}}
,"C:\\Users\\Ekii\\Desktop\\datazup\\internal-dev\\ui\\dzup-ui\\apps\\landing\\src\\components\\FreeVsPro.vue": {"lines":{"total":77,"covered":77,"skipped":0,"pct":100},"functions":{"total":0,"covered":0,"skipped":0,"pct":100},"statements":{"total":77,"covered":77,"skipped":0,"pct":100},"branches":{"total":10,"covered":10,"skipped":0,"pct":100}}
,"C:\\Users\\Ekii\\Desktop\\datazup\\internal-dev\\ui\\dzup-ui\\apps\\landing\\src\\components\\GlobalCommandPalette.vue": {"lines":{"total":73,"covered":35,"skipped":0,"pct":47.94},"functions":{"total":6,"covered":0,"skipped":0,"pct":0},"statements":{"total":73,"covered":35,"skipped":0,"pct":47.94},"branches":{"total":2,"covered":2,"skipped":0,"pct":100}}
,"C:\\Users\\Ekii\\Desktop\\datazup\\internal-dev\\ui\\dzup-ui\\apps\\landing\\src\\components\\Hero.vue": {"lines":{"total":69,"covered":65,"skipped":0,"pct":94.2},"functions":{"total":2,"covered":1,"skipped":0,"pct":50},"statements":{"total":69,"covered":65,"skipped":0,"pct":94.2},"branches":{"total":6,"covered":5,"skipped":0,"pct":83.33}}
,"C:\\Users\\Ekii\\Desktop\\datazup\\internal-dev\\ui\\dzup-ui\\apps\\landing\\src\\components\\HeroCodePanel.vue": {"lines":{"total":30,"covered":30,"skipped":0,"pct":100},"functions":{"total":0,"covered":0,"skipped":0,"pct":100},"statements":{"total":30,"covered":30,"skipped":0,"pct":100},"branches":{"total":0,"covered":0,"skipped":0,"pct":100}}
,"C:\\Users\\Ekii\\Desktop\\datazup\\internal-dev\\ui\\dzup-ui\\apps\\landing\\src\\components\\HomeTestimonials.vue": {"lines":{"total":35,"covered":35,"skipped":0,"pct":100},"functions":{"total":0,"covered":0,"skipped":0,"pct":100},"statements":{"total":35,"covered":35,"skipped":0,"pct":100},"branches":{"total":4,"covered":3,"skipped":0,"pct":75}}
,"C:\\Users\\Ekii\\Desktop\\datazup\\internal-dev\\ui\\dzup-ui\\apps\\landing\\src\\components\\LazySection.vue": {"lines":{"total":10,"covered":10,"skipped":0,"pct":100},"functions":{"total":0,"covered":0,"skipped":0,"pct":100},"statements":{"total":10,"covered":10,"skipped":0,"pct":100},"branches":{"total":2,"covered":2,"skipped":0,"pct":100}}
,"C:\\Users\\Ekii\\Desktop\\datazup\\internal-dev\\ui\\dzup-ui\\apps\\landing\\src\\components\\RethemeButton.vue": {"lines":{"total":19,"covered":19,"skipped":0,"pct":100},"functions":{"total":1,"covered":0,"skipped":0,"pct":0},"statements":{"total":19,"covered":19,"skipped":0,"pct":100},"branches":{"total":2,"covered":1,"skipped":0,"pct":50}}
,"C:\\Users\\Ekii\\Desktop\\datazup\\internal-dev\\ui\\dzup-ui\\apps\\landing\\src\\components\\Section.vue": {"lines":{"total":18,"covered":18,"skipped":0,"pct":100},"functions":{"total":0,"covered":0,"skipped":0,"pct":100},"statements":{"total":18,"covered":18,"skipped":0,"pct":100},"branches":{"total":4,"covered":4,"skipped":0,"pct":100}}
,"C:\\Users\\Ekii\\Desktop\\datazup\\internal-dev\\ui\\dzup-ui\\apps\\landing\\src\\components\\ShowcaseDashboard.vue": {"lines":{"total":72,"covered":48,"skipped":0,"pct":66.66},"functions":{"total":3,"covered":1,"skipped":0,"pct":33.33},"statements":{"total":72,"covered":48,"skipped":0,"pct":66.66},"branches":{"total":8,"covered":6,"skipped":0,"pct":75}}
,"C:\\Users\\Ekii\\Desktop\\datazup\\internal-dev\\ui\\dzup-ui\\apps\\landing\\src\\components\\ShowcaseFrame.vue": {"lines":{"total":161,"covered":161,"skipped":0,"pct":100},"functions":{"total":3,"covered":0,"skipped":0,"pct":0},"statements":{"total":161,"covered":161,"skipped":0,"pct":100},"branches":{"total":28,"covered":28,"skipped":0,"pct":100}}
,"C:\\Users\\Ekii\\Desktop\\datazup\\internal-dev\\ui\\dzup-ui\\apps\\landing\\src\\components\\SocialProof.vue": {"lines":{"total":73,"covered":73,"skipped":0,"pct":100},"functions":{"total":2,"covered":2,"skipped":0,"pct":100},"statements":{"total":73,"covered":73,"skipped":0,"pct":100},"branches":{"total":25,"covered":25,"skipped":0,"pct":100}}
,"C:\\Users\\Ekii\\Desktop\\datazup\\internal-dev\\ui\\dzup-ui\\apps\\landing\\src\\components\\ThemeRecipeController.ts": {"lines":{"total":79,"covered":67,"skipped":0,"pct":84.81},"functions":{"total":4,"covered":4,"skipped":0,"pct":100},"statements":{"total":79,"covered":67,"skipped":0,"pct":84.81},"branches":{"total":17,"covered":9,"skipped":0,"pct":52.94}}
,"C:\\Users\\Ekii\\Desktop\\datazup\\internal-dev\\ui\\dzup-ui\\apps\\landing\\src\\components\\ThemeToggle.vue": {"lines":{"total":14,"covered":14,"skipped":0,"pct":100},"functions":{"total":0,"covered":0,"skipped":0,"pct":100},"statements":{"total":14,"covered":14,"skipped":0,"pct":100},"branches":{"total":2,"covered":1,"skipped":0,"pct":50}}
,"C:\\Users\\Ekii\\Desktop\\datazup\\internal-dev\\ui\\dzup-ui\\apps\\landing\\src\\components\\ThemingDemo.vue": {"lines":{"total":129,"covered":115,"skipped":0,"pct":89.14},"functions":{"total":8,"covered":1,"skipped":0,"pct":12.5},"statements":{"total":129,"covered":115,"skipped":0,"pct":89.14},"branches":{"total":17,"covered":15,"skipped":0,"pct":88.23}}
,"C:\\Users\\Ekii\\Desktop\\datazup\\internal-dev\\ui\\dzup-ui\\apps\\landing\\src\\components\\TopNav.vue": {"lines":{"total":152,"covered":152,"skipped":0,"pct":100},"functions":{"total":5,"covered":5,"skipped":0,"pct":100},"statements":{"total":152,"covered":152,"skipped":0,"pct":100},"branches":{"total":38,"covered":33,"skipped":0,"pct":86.84}}
,"C:\\Users\\Ekii\\Desktop\\datazup\\internal-dev\\ui\\dzup-ui\\apps\\landing\\src\\components\\animations\\AnimationsFinale.vue": {"lines":{"total":58,"covered":58,"skipped":0,"pct":100},"functions":{"total":1,"covered":1,"skipped":0,"pct":100},"statements":{"total":58,"covered":58,"skipped":0,"pct":100},"branches":{"total":15,"covered":14,"skipped":0,"pct":93.33}}
,"C:\\Users\\Ekii\\Desktop\\datazup\\internal-dev\\ui\\dzup-ui\\apps\\landing\\src\\components\\animations\\AnimationsHeroField.vue": {"lines":{"total":75,"covered":75,"skipped":0,"pct":100},"functions":{"total":1,"covered":1,"skipped":0,"pct":100},"statements":{"total":75,"covered":75,"skipped":0,"pct":100},"branches":{"total":6,"covered":6,"skipped":0,"pct":100}}
,"C:\\Users\\Ekii\\Desktop\\datazup\\internal-dev\\ui\\dzup-ui\\apps\\landing\\src\\components\\async\\AsyncError.vue": {"lines":{"total":10,"covered":7,"skipped":0,"pct":70},"functions":{"total":1,"covered":0,"skipped":0,"pct":0},"statements":{"total":10,"covered":7,"skipped":0,"pct":70},"branches":{"total":1,"covered":1,"skipped":0,"pct":100}}
,"C:\\Users\\Ekii\\Desktop\\datazup\\internal-dev\\ui\\dzup-ui\\apps\\landing\\src\\components\\async\\AsyncLoading.vue": {"lines":{"total":5,"covered":5,"skipped":0,"pct":100},"functions":{"total":0,"covered":0,"skipped":0,"pct":100},"statements":{"total":5,"covered":5,"skipped":0,"pct":100},"branches":{"total":0,"covered":0,"skipped":0,"pct":100}}
,"C:\\Users\\Ekii\\Desktop\\datazup\\internal-dev\\ui\\dzup-ui\\apps\\landing\\src\\components\\blocks\\BlockAiCallout.vue": {"lines":{"total":79,"covered":79,"skipped":0,"pct":100},"functions":{"total":0,"covered":0,"skipped":0,"pct":100},"statements":{"total":79,"covered":79,"skipped":0,"pct":100},"branches":{"total":11,"covered":11,"skipped":0,"pct":100}}
,"C:\\Users\\Ekii\\Desktop\\datazup\\internal-dev\\ui\\dzup-ui\\apps\\landing\\src\\components\\blocks\\BlockCard.vue": {"lines":{"total":93,"covered":87,"skipped":0,"pct":93.54},"functions":{"total":3,"covered":2,"skipped":0,"pct":66.66},"statements":{"total":93,"covered":87,"skipped":0,"pct":93.54},"branches":{"total":10,"covered":10,"skipped":0,"pct":100}}
,"C:\\Users\\Ekii\\Desktop\\datazup\\internal-dev\\ui\\dzup-ui\\apps\\landing\\src\\components\\blocks\\BlockCardArt.vue": {"lines":{"total":68,"covered":68,"skipped":0,"pct":100},"functions":{"total":4,"covered":4,"skipped":0,"pct":100},"statements":{"total":68,"covered":68,"skipped":0,"pct":100},"branches":{"total":12,"covered":9,"skipped":0,"pct":75}}
,"C:\\Users\\Ekii\\Desktop\\datazup\\internal-dev\\ui\\dzup-ui\\apps\\landing\\src\\components\\blocks\\BlockCategoryNav.vue": {"lines":{"total":161,"covered":160,"skipped":0,"pct":99.37},"functions":{"total":11,"covered":11,"skipped":0,"pct":100},"statements":{"total":161,"covered":160,"skipped":0,"pct":99.37},"branches":{"total":48,"covered":44,"skipped":0,"pct":91.66}}
,"C:\\Users\\Ekii\\Desktop\\datazup\\internal-dev\\ui\\dzup-ui\\apps\\landing\\src\\components\\blocks\\BlockCommandPalette.vue": {"lines":{"total":142,"covered":95,"skipped":0,"pct":66.9},"functions":{"total":9,"covered":6,"skipped":0,"pct":66.66},"statements":{"total":142,"covered":95,"skipped":0,"pct":66.9},"branches":{"total":23,"covered":17,"skipped":0,"pct":73.91}}
,"C:\\Users\\Ekii\\Desktop\\datazup\\internal-dev\\ui\\dzup-ui\\apps\\landing\\src\\components\\blocks\\BlockManifest.vue": {"lines":{"total":79,"covered":74,"skipped":0,"pct":93.67},"functions":{"total":1,"covered":0,"skipped":0,"pct":0},"statements":{"total":79,"covered":74,"skipped":0,"pct":93.67},"branches":{"total":6,"covered":6,"skipped":0,"pct":100}}
,"C:\\Users\\Ekii\\Desktop\\datazup\\internal-dev\\ui\\dzup-ui\\apps\\landing\\src\\components\\blocks\\BlockPreview.vue": {"lines":{"total":559,"covered":551,"skipped":0,"pct":98.56},"functions":{"total":34,"covered":27,"skipped":0,"pct":79.41},"statements":{"total":559,"covered":551,"skipped":0,"pct":98.56},"branches":{"total":135,"covered":118,"skipped":0,"pct":87.4}}
,"C:\\Users\\Ekii\\Desktop\\datazup\\internal-dev\\ui\\dzup-ui\\apps\\landing\\src\\components\\blocks\\BlockSearchBar.vue": {"lines":{"total":103,"covered":102,"skipped":0,"pct":99.02},"functions":{"total":7,"covered":7,"skipped":0,"pct":100},"statements":{"total":103,"covered":102,"skipped":0,"pct":99.02},"branches":{"total":24,"covered":23,"skipped":0,"pct":95.83}}
,"C:\\Users\\Ekii\\Desktop\\datazup\\internal-dev\\ui\\dzup-ui\\apps\\landing\\src\\components\\blocks\\BlockThemeToolbar.vue": {"lines":{"total":100,"covered":100,"skipped":0,"pct":100},"functions":{"total":5,"covered":3,"skipped":0,"pct":60},"statements":{"total":100,"covered":100,"skipped":0,"pct":100},"branches":{"total":15,"covered":14,"skipped":0,"pct":93.33}}
,"C:\\Users\\Ekii\\Desktop\\datazup\\internal-dev\\ui\\dzup-ui\\apps\\landing\\src\\components\\blocks\\BlockTrustMarks.vue": {"lines":{"total":20,"covered":20,"skipped":0,"pct":100},"functions":{"total":0,"covered":0,"skipped":0,"pct":100},"statements":{"total":20,"covered":20,"skipped":0,"pct":100},"branches":{"total":1,"covered":1,"skipped":0,"pct":100}}
,"C:\\Users\\Ekii\\Desktop\\datazup\\internal-dev\\ui\\dzup-ui\\apps\\landing\\src\\components\\blocks\\BlocksHeroField.vue": {"lines":{"total":28,"covered":28,"skipped":0,"pct":100},"functions":{"total":0,"covered":0,"skipped":0,"pct":100},"statements":{"total":28,"covered":28,"skipped":0,"pct":100},"branches":{"total":2,"covered":2,"skipped":0,"pct":100}}
,"C:\\Users\\Ekii\\Desktop\\datazup\\internal-dev\\ui\\dzup-ui\\apps\\landing\\src\\components\\blocks\\LazyBlockPreview.vue": {"lines":{"total":35,"covered":35,"skipped":0,"pct":100},"functions":{"total":1,"covered":0,"skipped":0,"pct":0},"statements":{"total":35,"covered":35,"skipped":0,"pct":100},"branches":{"total":3,"covered":3,"skipped":0,"pct":100}}
,"C:\\Users\\Ekii\\Desktop\\datazup\\internal-dev\\ui\\dzup-ui\\apps\\landing\\src\\components\\blocks\\PmCommandTabs.vue": {"lines":{"total":20,"covered":20,"skipped":0,"pct":100},"functions":{"total":1,"covered":0,"skipped":0,"pct":0},"statements":{"total":20,"covered":20,"skipped":0,"pct":100},"branches":{"total":3,"covered":1,"skipped":0,"pct":33.33}}
,"C:\\Users\\Ekii\\Desktop\\datazup\\internal-dev\\ui\\dzup-ui\\apps\\landing\\src\\components\\home\\CommunityCTAV2.vue": {"lines":{"total":39,"covered":39,"skipped":0,"pct":100},"functions":{"total":0,"covered":0,"skipped":0,"pct":100},"statements":{"total":39,"covered":39,"skipped":0,"pct":100},"branches":{"total":5,"covered":5,"skipped":0,"pct":100}}
,"C:\\Users\\Ekii\\Desktop\\datazup\\internal-dev\\ui\\dzup-ui\\apps\\landing\\src\\components\\home\\EcosystemConstellation.vue": {"lines":{"total":114,"covered":109,"skipped":0,"pct":95.61},"functions":{"total":4,"covered":3,"skipped":0,"pct":75},"statements":{"total":114,"covered":109,"skipped":0,"pct":95.61},"branches":{"total":34,"covered":32,"skipped":0,"pct":94.11}}
,"C:\\Users\\Ekii\\Desktop\\datazup\\internal-dev\\ui\\dzup-ui\\apps\\landing\\src\\components\\home\\FeatureBento.vue": {"lines":{"total":71,"covered":71,"skipped":0,"pct":100},"functions":{"total":1,"covered":1,"skipped":0,"pct":100},"statements":{"total":71,"covered":71,"skipped":0,"pct":100},"branches":{"total":13,"covered":13,"skipped":0,"pct":100}}
,"C:\\Users\\Ekii\\Desktop\\datazup\\internal-dev\\ui\\dzup-ui\\apps\\landing\\src\\components\\home\\FreeVsProV2.vue": {"lines":{"total":79,"covered":79,"skipped":0,"pct":100},"functions":{"total":0,"covered":0,"skipped":0,"pct":100},"statements":{"total":79,"covered":79,"skipped":0,"pct":100},"branches":{"total":10,"covered":10,"skipped":0,"pct":100}}
,"C:\\Users\\Ekii\\Desktop\\datazup\\internal-dev\\ui\\dzup-ui\\apps\\landing\\src\\components\\home\\HeroV2.vue": {"lines":{"total":97,"covered":93,"skipped":0,"pct":95.87},"functions":{"total":2,"covered":1,"skipped":0,"pct":50},"statements":{"total":97,"covered":93,"skipped":0,"pct":95.87},"branches":{"total":13,"covered":11,"skipped":0,"pct":84.61}}
,"C:\\Users\\Ekii\\Desktop\\datazup\\internal-dev\\ui\\dzup-ui\\apps\\landing\\src\\components\\home\\ScrollProgressBar.vue": {"lines":{"total":5,"covered":5,"skipped":0,"pct":100},"functions":{"total":0,"covered":0,"skipped":0,"pct":100},"statements":{"total":5,"covered":5,"skipped":0,"pct":100},"branches":{"total":1,"covered":1,"skipped":0,"pct":100}}
,"C:\\Users\\Ekii\\Desktop\\datazup\\internal-dev\\ui\\dzup-ui\\apps\\landing\\src\\components\\home\\ShowcaseSection.vue": {"lines":{"total":20,"covered":20,"skipped":0,"pct":100},"functions":{"total":0,"covered":0,"skipped":0,"pct":100},"statements":{"total":20,"covered":20,"skipped":0,"pct":100},"branches":{"total":4,"covered":4,"skipped":0,"pct":100}}
,"C:\\Users\\Ekii\\Desktop\\datazup\\internal-dev\\ui\\dzup-ui\\apps\\landing\\src\\components\\home\\StatsSection.vue": {"lines":{"total":78,"covered":78,"skipped":0,"pct":100},"functions":{"total":2,"covered":2,"skipped":0,"pct":100},"statements":{"total":78,"covered":78,"skipped":0,"pct":100},"branches":{"total":18,"covered":11,"skipped":0,"pct":61.11}}
,"C:\\Users\\Ekii\\Desktop\\datazup\\internal-dev\\ui\\dzup-ui\\apps\\landing\\src\\components\\home\\TemplateWall.vue": {"lines":{"total":63,"covered":63,"skipped":0,"pct":100},"functions":{"total":0,"covered":0,"skipped":0,"pct":100},"statements":{"total":63,"covered":63,"skipped":0,"pct":100},"branches":{"total":2,"covered":2,"skipped":0,"pct":100}}
,"C:\\Users\\Ekii\\Desktop\\datazup\\internal-dev\\ui\\dzup-ui\\apps\\landing\\src\\components\\home\\showcaseRise.ts": {"lines":{"total":17,"covered":17,"skipped":0,"pct":100},"functions":{"total":1,"covered":1,"skipped":0,"pct":100},"statements":{"total":17,"covered":17,"skipped":0,"pct":100},"branches":{"total":5,"covered":5,"skipped":0,"pct":100}}
,"C:\\Users\\Ekii\\Desktop\\datazup\\internal-dev\\ui\\dzup-ui\\apps\\landing\\src\\components\\home\\templateWall.ts": {"lines":{"total":18,"covered":18,"skipped":0,"pct":100},"functions":{"total":2,"covered":2,"skipped":0,"pct":100},"statements":{"total":18,"covered":18,"skipped":0,"pct":100},"branches":{"total":6,"covered":5,"skipped":0,"pct":83.33}}
,"C:\\Users\\Ekii\\Desktop\\datazup\\internal-dev\\ui\\dzup-ui\\apps\\landing\\src\\components\\templates\\TemplatesHeroField.vue": {"lines":{"total":46,"covered":46,"skipped":0,"pct":100},"functions":{"total":0,"covered":0,"skipped":0,"pct":100},"statements":{"total":46,"covered":46,"skipped":0,"pct":100},"branches":{"total":7,"covered":7,"skipped":0,"pct":100}}
,"C:\\Users\\Ekii\\Desktop\\datazup\\internal-dev\\ui\\dzup-ui\\apps\\landing\\src\\components\\themes\\ThemeImageLab.vue": {"lines":{"total":159,"covered":129,"skipped":0,"pct":81.13},"functions":{"total":10,"covered":9,"skipped":0,"pct":90},"statements":{"total":159,"covered":129,"skipped":0,"pct":81.13},"branches":{"total":26,"covered":19,"skipped":0,"pct":73.07}}
,"C:\\Users\\Ekii\\Desktop\\datazup\\internal-dev\\ui\\dzup-ui\\apps\\landing\\src\\components\\themes\\ThemePreviewCluster.vue": {"lines":{"total":140,"covered":140,"skipped":0,"pct":100},"functions":{"total":4,"covered":1,"skipped":0,"pct":25},"statements":{"total":140,"covered":140,"skipped":0,"pct":100},"branches":{"total":30,"covered":30,"skipped":0,"pct":100}}
,"C:\\Users\\Ekii\\Desktop\\datazup\\internal-dev\\ui\\dzup-ui\\apps\\landing\\src\\components\\themes\\ThemesFinale.vue": {"lines":{"total":65,"covered":65,"skipped":0,"pct":100},"functions":{"total":2,"covered":2,"skipped":0,"pct":100},"statements":{"total":65,"covered":65,"skipped":0,"pct":100},"branches":{"total":21,"covered":21,"skipped":0,"pct":100}}
,"C:\\Users\\Ekii\\Desktop\\datazup\\internal-dev\\ui\\dzup-ui\\apps\\landing\\src\\components\\themes\\ThemesHeroField.vue": {"lines":{"total":40,"covered":40,"skipped":0,"pct":100},"functions":{"total":0,"covered":0,"skipped":0,"pct":100},"statements":{"total":40,"covered":40,"skipped":0,"pct":100},"branches":{"total":1,"covered":1,"skipped":0,"pct":100}}
,"C:\\Users\\Ekii\\Desktop\\datazup\\internal-dev\\ui\\dzup-ui\\apps\\landing\\src\\components\\themes\\themeImageSampling.ts": {"lines":{"total":35,"covered":35,"skipped":0,"pct":100},"functions":{"total":1,"covered":1,"skipped":0,"pct":100},"statements":{"total":35,"covered":35,"skipped":0,"pct":100},"branches":{"total":27,"covered":17,"skipped":0,"pct":62.96}}
,"C:\\Users\\Ekii\\Desktop\\datazup\\internal-dev\\ui\\dzup-ui\\apps\\landing\\src\\composables\\useBlockCodeView.ts": {"lines":{"total":70,"covered":70,"skipped":0,"pct":100},"functions":{"total":5,"covered":5,"skipped":0,"pct":100},"statements":{"total":70,"covered":70,"skipped":0,"pct":100},"branches":{"total":19,"covered":19,"skipped":0,"pct":100}}
,"C:\\Users\\Ekii\\Desktop\\datazup\\internal-dev\\ui\\dzup-ui\\apps\\landing\\src\\composables\\useBlockSearch.ts": {"lines":{"total":66,"covered":66,"skipped":0,"pct":100},"functions":{"total":4,"covered":4,"skipped":0,"pct":100},"statements":{"total":66,"covered":66,"skipped":0,"pct":100},"branches":{"total":20,"covered":20,"skipped":0,"pct":100}}
,"C:\\Users\\Ekii\\Desktop\\datazup\\internal-dev\\ui\\dzup-ui\\apps\\landing\\src\\composables\\useBlockTheme.ts": {"lines":{"total":133,"covered":133,"skipped":0,"pct":100},"functions":{"total":7,"covered":7,"skipped":0,"pct":100},"statements":{"total":133,"covered":133,"skipped":0,"pct":100},"branches":{"total":43,"covered":36,"skipped":0,"pct":83.72}}
,"C:\\Users\\Ekii\\Desktop\\datazup\\internal-dev\\ui\\dzup-ui\\apps\\landing\\src\\composables\\useGlobalSearch.ts": {"lines":{"total":127,"covered":127,"skipped":0,"pct":100},"functions":{"total":4,"covered":4,"skipped":0,"pct":100},"statements":{"total":127,"covered":127,"skipped":0,"pct":100},"branches":{"total":24,"covered":21,"skipped":0,"pct":87.5}}
,"C:\\Users\\Ekii\\Desktop\\datazup\\internal-dev\\ui\\dzup-ui\\apps\\landing\\src\\composables\\useLazyMount.ts": {"lines":{"total":37,"covered":37,"skipped":0,"pct":100},"functions":{"total":5,"covered":5,"skipped":0,"pct":100},"statements":{"total":37,"covered":37,"skipped":0,"pct":100},"branches":{"total":18,"covered":16,"skipped":0,"pct":88.88}}
,"C:\\Users\\Ekii\\Desktop\\datazup\\internal-dev\\ui\\dzup-ui\\apps\\landing\\src\\composables\\useLiveStats.ts": {"lines":{"total":29,"covered":24,"skipped":0,"pct":82.75},"functions":{"total":2,"covered":2,"skipped":0,"pct":100},"statements":{"total":29,"covered":24,"skipped":0,"pct":82.75},"branches":{"total":5,"covered":3,"skipped":0,"pct":60}}
,"C:\\Users\\Ekii\\Desktop\\datazup\\internal-dev\\ui\\dzup-ui\\apps\\landing\\src\\composables\\useTheme.ts": {"lines":{"total":28,"covered":28,"skipped":0,"pct":100},"functions":{"total":3,"covered":3,"skipped":0,"pct":100},"statements":{"total":28,"covered":28,"skipped":0,"pct":100},"branches":{"total":9,"covered":8,"skipped":0,"pct":88.88}}
,"C:\\Users\\Ekii\\Desktop\\datazup\\internal-dev\\ui\\dzup-ui\\apps\\landing\\src\\composables\\useThemeDesigner.ts": {"lines":{"total":254,"covered":254,"skipped":0,"pct":100},"functions":{"total":27,"covered":23,"skipped":0,"pct":85.18},"statements":{"total":254,"covered":254,"skipped":0,"pct":100},"branches":{"total":51,"covered":50,"skipped":0,"pct":98.03}}
,"C:\\Users\\Ekii\\Desktop\\datazup\\internal-dev\\ui\\dzup-ui\\apps\\landing\\src\\composables\\useThemeTransition.ts": {"lines":{"total":25,"covered":25,"skipped":0,"pct":100},"functions":{"total":3,"covered":3,"skipped":0,"pct":100},"statements":{"total":25,"covered":25,"skipped":0,"pct":100},"branches":{"total":9,"covered":8,"skipped":0,"pct":88.88}}
,"C:\\Users\\Ekii\\Desktop\\datazup\\internal-dev\\ui\\dzup-ui\\apps\\landing\\src\\data\\compare.ts": {"lines":{"total":103,"covered":103,"skipped":0,"pct":100},"functions":{"total":0,"covered":0,"skipped":0,"pct":100},"statements":{"total":103,"covered":103,"skipped":0,"pct":100},"branches":{"total":0,"covered":0,"skipped":0,"pct":100}}
,"C:\\Users\\Ekii\\Desktop\\datazup\\internal-dev\\ui\\dzup-ui\\apps\\landing\\src\\gallery\\AnimationCard.vue": {"lines":{"total":242,"covered":217,"skipped":0,"pct":89.66},"functions":{"total":8,"covered":6,"skipped":0,"pct":75},"statements":{"total":242,"covered":217,"skipped":0,"pct":89.66},"branches":{"total":52,"covered":39,"skipped":0,"pct":75}}
,"C:\\Users\\Ekii\\Desktop\\datazup\\internal-dev\\ui\\dzup-ui\\apps\\landing\\src\\gallery\\catalog.ts": {"lines":{"total":641,"covered":641,"skipped":0,"pct":100},"functions":{"total":1,"covered":1,"skipped":0,"pct":100},"statements":{"total":641,"covered":641,"skipped":0,"pct":100},"branches":{"total":61,"covered":60,"skipped":0,"pct":98.36}}
,"C:\\Users\\Ekii\\Desktop\\datazup\\internal-dev\\ui\\dzup-ui\\apps\\landing\\src\\gallery\\motionSources.ts": {"lines":{"total":12,"covered":12,"skipped":0,"pct":100},"functions":{"total":1,"covered":1,"skipped":0,"pct":100},"statements":{"total":12,"covered":12,"skipped":0,"pct":100},"branches":{"total":3,"covered":2,"skipped":0,"pct":66.66}}
,"C:\\Users\\Ekii\\Desktop\\datazup\\internal-dev\\ui\\dzup-ui\\apps\\landing\\src\\gallery\\registryItem.ts": {"lines":{"total":209,"covered":204,"skipped":0,"pct":97.6},"functions":{"total":12,"covered":12,"skipped":0,"pct":100},"statements":{"total":209,"covered":204,"skipped":0,"pct":97.6},"branches":{"total":66,"covered":63,"skipped":0,"pct":95.45}}
,"C:\\Users\\Ekii\\Desktop\\datazup\\internal-dev\\ui\\dzup-ui\\apps\\landing\\src\\gallery\\demos\\AccordionHeightDemo.vue": {"lines":{"total":34,"covered":34,"skipped":0,"pct":100},"functions":{"total":1,"covered":0,"skipped":0,"pct":0},"statements":{"total":34,"covered":34,"skipped":0,"pct":100},"branches":{"total":2,"covered":2,"skipped":0,"pct":100}}
,"C:\\Users\\Ekii\\Desktop\\datazup\\internal-dev\\ui\\dzup-ui\\apps\\landing\\src\\gallery\\demos\\AnimatedBeamDemo.vue": {"lines":{"total":30,"covered":30,"skipped":0,"pct":100},"functions":{"total":0,"covered":0,"skipped":0,"pct":100},"statements":{"total":30,"covered":30,"skipped":0,"pct":100},"branches":{"total":1,"covered":1,"skipped":0,"pct":100}}
,"C:\\Users\\Ekii\\Desktop\\datazup\\internal-dev\\ui\\dzup-ui\\apps\\landing\\src\\gallery\\demos\\AnimatedGridDemo.vue": {"lines":{"total":17,"covered":17,"skipped":0,"pct":100},"functions":{"total":0,"covered":0,"skipped":0,"pct":100},"statements":{"total":17,"covered":17,"skipped":0,"pct":100},"branches":{"total":3,"covered":3,"skipped":0,"pct":100}}
,"C:\\Users\\Ekii\\Desktop\\datazup\\internal-dev\\ui\\dzup-ui\\apps\\landing\\src\\gallery\\demos\\AuroraDriftDemo.vue": {"lines":{"total":11,"covered":11,"skipped":0,"pct":100},"functions":{"total":0,"covered":0,"skipped":0,"pct":100},"statements":{"total":11,"covered":11,"skipped":0,"pct":100},"branches":{"total":2,"covered":2,"skipped":0,"pct":100}}
,"C:\\Users\\Ekii\\Desktop\\datazup\\internal-dev\\ui\\dzup-ui\\apps\\landing\\src\\gallery\\demos\\AutoAnimateListDemo.vue": {"lines":{"total":74,"covered":60,"skipped":0,"pct":81.08},"functions":{"total":4,"covered":0,"skipped":0,"pct":0},"statements":{"total":74,"covered":60,"skipped":0,"pct":81.08},"branches":{"total":9,"covered":7,"skipped":0,"pct":77.77}}
,"C:\\Users\\Ekii\\Desktop\\datazup\\internal-dev\\ui\\dzup-ui\\apps\\landing\\src\\gallery\\demos\\BentoRevealDemo.vue": {"lines":{"total":31,"covered":31,"skipped":0,"pct":100},"functions":{"total":0,"covered":0,"skipped":0,"pct":100},"statements":{"total":31,"covered":31,"skipped":0,"pct":100},"branches":{"total":3,"covered":3,"skipped":0,"pct":100}}
,"C:\\Users\\Ekii\\Desktop\\datazup\\internal-dev\\ui\\dzup-ui\\apps\\landing\\src\\gallery\\demos\\BlurInDemo.vue": {"lines":{"total":9,"covered":9,"skipped":0,"pct":100},"functions":{"total":0,"covered":0,"skipped":0,"pct":100},"statements":{"total":9,"covered":9,"skipped":0,"pct":100},"branches":{"total":0,"covered":0,"skipped":0,"pct":100}}
,"C:\\Users\\Ekii\\Desktop\\datazup\\internal-dev\\ui\\dzup-ui\\apps\\landing\\src\\gallery\\demos\\BorderBeamDemo.vue": {"lines":{"total":12,"covered":12,"skipped":0,"pct":100},"functions":{"total":0,"covered":0,"skipped":0,"pct":100},"statements":{"total":12,"covered":12,"skipped":0,"pct":100},"branches":{"total":2,"covered":2,"skipped":0,"pct":100}}
,"C:\\Users\\Ekii\\Desktop\\datazup\\internal-dev\\ui\\dzup-ui\\apps\\landing\\src\\gallery\\demos\\CardLiftDemo.vue": {"lines":{"total":16,"covered":16,"skipped":0,"pct":100},"functions":{"total":0,"covered":0,"skipped":0,"pct":100},"statements":{"total":16,"covered":16,"skipped":0,"pct":100},"branches":{"total":3,"covered":3,"skipped":0,"pct":100}}
,"C:\\Users\\Ekii\\Desktop\\datazup\\internal-dev\\ui\\dzup-ui\\apps\\landing\\src\\gallery\\demos\\CardStackDemo.vue": {"lines":{"total":27,"covered":27,"skipped":0,"pct":100},"functions":{"total":0,"covered":0,"skipped":0,"pct":100},"statements":{"total":27,"covered":27,"skipped":0,"pct":100},"branches":{"total":2,"covered":2,"skipped":0,"pct":100}}
,"C:\\Users\\Ekii\\Desktop\\datazup\\internal-dev\\ui\\dzup-ui\\apps\\landing\\src\\gallery\\demos\\CircularTextDemo.vue": {"lines":{"total":15,"covered":15,"skipped":0,"pct":100},"functions":{"total":0,"covered":0,"skipped":0,"pct":100},"statements":{"total":15,"covered":15,"skipped":0,"pct":100},"branches":{"total":1,"covered":1,"skipped":0,"pct":100}}
,"C:\\Users\\Ekii\\Desktop\\datazup\\internal-dev\\ui\\dzup-ui\\apps\\landing\\src\\gallery\\demos\\ConfettiBurstDemo.vue": {"lines":{"total":37,"covered":37,"skipped":0,"pct":100},"functions":{"total":1,"covered":1,"skipped":0,"pct":100},"statements":{"total":37,"covered":37,"skipped":0,"pct":100},"branches":{"total":9,"covered":8,"skipped":0,"pct":88.88}}
,"C:\\Users\\Ekii\\Desktop\\datazup\\internal-dev\\ui\\dzup-ui\\apps\\landing\\src\\gallery\\demos\\CountUpDemo.vue": {"lines":{"total":23,"covered":23,"skipped":0,"pct":100},"functions":{"total":0,"covered":0,"skipped":0,"pct":100},"statements":{"total":23,"covered":23,"skipped":0,"pct":100},"branches":{"total":1,"covered":1,"skipped":0,"pct":100}}
,"C:\\Users\\Ekii\\Desktop\\datazup\\internal-dev\\ui\\dzup-ui\\apps\\landing\\src\\gallery\\demos\\CustomCursorDemo.vue": {"lines":{"total":12,"covered":12,"skipped":0,"pct":100},"functions":{"total":0,"covered":0,"skipped":0,"pct":100},"statements":{"total":12,"covered":12,"skipped":0,"pct":100},"branches":{"total":3,"covered":3,"skipped":0,"pct":100}}
,"C:\\Users\\Ekii\\Desktop\\datazup\\internal-dev\\ui\\dzup-ui\\apps\\landing\\src\\gallery\\demos\\DirectionalSlideDemo.vue": {"lines":{"total":20,"covered":20,"skipped":0,"pct":100},"functions":{"total":0,"covered":0,"skipped":0,"pct":100},"statements":{"total":20,"covered":20,"skipped":0,"pct":100},"branches":{"total":1,"covered":1,"skipped":0,"pct":100}}
,"C:\\Users\\Ekii\\Desktop\\datazup\\internal-dev\\ui\\dzup-ui\\apps\\landing\\src\\gallery\\demos\\DockDemo.vue": {"lines":{"total":26,"covered":26,"skipped":0,"pct":100},"functions":{"total":0,"covered":0,"skipped":0,"pct":100},"statements":{"total":26,"covered":26,"skipped":0,"pct":100},"branches":{"total":0,"covered":0,"skipped":0,"pct":100}}
,"C:\\Users\\Ekii\\Desktop\\datazup\\internal-dev\\ui\\dzup-ui\\apps\\landing\\src\\gallery\\demos\\DynamicIslandDemo.vue": {"lines":{"total":50,"covered":50,"skipped":0,"pct":100},"functions":{"total":0,"covered":0,"skipped":0,"pct":100},"statements":{"total":50,"covered":50,"skipped":0,"pct":100},"branches":{"total":1,"covered":0,"skipped":0,"pct":0}}
,"C:\\Users\\Ekii\\Desktop\\datazup\\internal-dev\\ui\\dzup-ui\\apps\\landing\\src\\gallery\\demos\\ErrorShakeDemo.vue": {"lines":{"total":70,"covered":62,"skipped":0,"pct":88.57},"functions":{"total":3,"covered":1,"skipped":0,"pct":33.33},"statements":{"total":70,"covered":62,"skipped":0,"pct":88.57},"branches":{"total":12,"covered":10,"skipped":0,"pct":83.33}}
,"C:\\Users\\Ekii\\Desktop\\datazup\\internal-dev\\ui\\dzup-ui\\apps\\landing\\src\\gallery\\demos\\FadeRiseDemo.vue": {"lines":{"total":12,"covered":12,"skipped":0,"pct":100},"functions":{"total":0,"covered":0,"skipped":0,"pct":100},"statements":{"total":12,"covered":12,"skipped":0,"pct":100},"branches":{"total":2,"covered":2,"skipped":0,"pct":100}}
,"C:\\Users\\Ekii\\Desktop\\datazup\\internal-dev\\ui\\dzup-ui\\apps\\landing\\src\\gallery\\demos\\FlipOnChangeDemo.vue": {"lines":{"total":39,"covered":36,"skipped":0,"pct":92.3},"functions":{"total":1,"covered":0,"skipped":0,"pct":0},"statements":{"total":39,"covered":36,"skipped":0,"pct":92.3},"branches":{"total":7,"covered":6,"skipped":0,"pct":85.71}}
,"C:\\Users\\Ekii\\Desktop\\datazup\\internal-dev\\ui\\dzup-ui\\apps\\landing\\src\\gallery\\demos\\GlareCardDemo.vue": {"lines":{"total":16,"covered":16,"skipped":0,"pct":100},"functions":{"total":0,"covered":0,"skipped":0,"pct":100},"statements":{"total":16,"covered":16,"skipped":0,"pct":100},"branches":{"total":2,"covered":2,"skipped":0,"pct":100}}
,"C:\\Users\\Ekii\\Desktop\\datazup\\internal-dev\\ui\\dzup-ui\\apps\\landing\\src\\gallery\\demos\\GlassSurfaceDemo.vue": {"lines":{"total":16,"covered":16,"skipped":0,"pct":100},"functions":{"total":0,"covered":0,"skipped":0,"pct":100},"statements":{"total":16,"covered":16,"skipped":0,"pct":100},"branches":{"total":2,"covered":2,"skipped":0,"pct":100}}
,"C:\\Users\\Ekii\\Desktop\\datazup\\internal-dev\\ui\\dzup-ui\\apps\\landing\\src\\gallery\\demos\\GradientBorderGlowDemo.vue": {"lines":{"total":18,"covered":18,"skipped":0,"pct":100},"functions":{"total":0,"covered":0,"skipped":0,"pct":100},"statements":{"total":18,"covered":18,"skipped":0,"pct":100},"branches":{"total":3,"covered":3,"skipped":0,"pct":100}}
,"C:\\Users\\Ekii\\Desktop\\datazup\\internal-dev\\ui\\dzup-ui\\apps\\landing\\src\\gallery\\demos\\GradientSweepDemo.vue": {"lines":{"total":8,"covered":8,"skipped":0,"pct":100},"functions":{"total":0,"covered":0,"skipped":0,"pct":100},"statements":{"total":8,"covered":8,"skipped":0,"pct":100},"branches":{"total":1,"covered":1,"skipped":0,"pct":100}}
,"C:\\Users\\Ekii\\Desktop\\datazup\\internal-dev\\ui\\dzup-ui\\apps\\landing\\src\\gallery\\demos\\HighlightSweepDemo.vue": {"lines":{"total":16,"covered":16,"skipped":0,"pct":100},"functions":{"total":0,"covered":0,"skipped":0,"pct":100},"statements":{"total":16,"covered":16,"skipped":0,"pct":100},"branches":{"total":3,"covered":3,"skipped":0,"pct":100}}
,"C:\\Users\\Ekii\\Desktop\\datazup\\internal-dev\\ui\\dzup-ui\\apps\\landing\\src\\gallery\\demos\\ImageCompareDemo.vue": {"lines":{"total":24,"covered":24,"skipped":0,"pct":100},"functions":{"total":1,"covered":1,"skipped":0,"pct":100},"statements":{"total":24,"covered":24,"skipped":0,"pct":100},"branches":{"total":5,"covered":5,"skipped":0,"pct":100}}
,"C:\\Users\\Ekii\\Desktop\\datazup\\internal-dev\\ui\\dzup-ui\\apps\\landing\\src\\gallery\\demos\\LensMagnifierDemo.vue": {"lines":{"total":25,"covered":25,"skipped":0,"pct":100},"functions":{"total":0,"covered":0,"skipped":0,"pct":100},"statements":{"total":25,"covered":25,"skipped":0,"pct":100},"branches":{"total":3,"covered":3,"skipped":0,"pct":100}}
,"C:\\Users\\Ekii\\Desktop\\datazup\\internal-dev\\ui\\dzup-ui\\apps\\landing\\src\\gallery\\demos\\LetterDecodeDemo.vue": {"lines":{"total":7,"covered":7,"skipped":0,"pct":100},"functions":{"total":0,"covered":0,"skipped":0,"pct":100},"statements":{"total":7,"covered":7,"skipped":0,"pct":100},"branches":{"total":1,"covered":1,"skipped":0,"pct":100}}
,"C:\\Users\\Ekii\\Desktop\\datazup\\internal-dev\\ui\\dzup-ui\\apps\\landing\\src\\gallery\\demos\\LikePopDemo.vue": {"lines":{"total":38,"covered":38,"skipped":0,"pct":100},"functions":{"total":1,"covered":0,"skipped":0,"pct":0},"statements":{"total":38,"covered":38,"skipped":0,"pct":100},"branches":{"total":15,"covered":15,"skipped":0,"pct":100}}
,"C:\\Users\\Ekii\\Desktop\\datazup\\internal-dev\\ui\\dzup-ui\\apps\\landing\\src\\gallery\\demos\\MagneticButtonDemo.vue": {"lines":{"total":14,"covered":14,"skipped":0,"pct":100},"functions":{"total":0,"covered":0,"skipped":0,"pct":100},"statements":{"total":14,"covered":14,"skipped":0,"pct":100},"branches":{"total":2,"covered":2,"skipped":0,"pct":100}}
,"C:\\Users\\Ekii\\Desktop\\datazup\\internal-dev\\ui\\dzup-ui\\apps\\landing\\src\\gallery\\demos\\MarqueeStripDemo.vue": {"lines":{"total":23,"covered":23,"skipped":0,"pct":100},"functions":{"total":0,"covered":0,"skipped":0,"pct":100},"statements":{"total":23,"covered":23,"skipped":0,"pct":100},"branches":{"total":1,"covered":1,"skipped":0,"pct":100}}
,"C:\\Users\\Ekii\\Desktop\\datazup\\internal-dev\\ui\\dzup-ui\\apps\\landing\\src\\gallery\\demos\\MeteorsDemo.vue": {"lines":{"total":29,"covered":29,"skipped":0,"pct":100},"functions":{"total":0,"covered":0,"skipped":0,"pct":100},"statements":{"total":29,"covered":29,"skipped":0,"pct":100},"branches":{"total":4,"covered":4,"skipped":0,"pct":100}}
,"C:\\Users\\Ekii\\Desktop\\datazup\\internal-dev\\ui\\dzup-ui\\apps\\landing\\src\\gallery\\demos\\MorphingDialogDemo.vue": {"lines":{"total":68,"covered":68,"skipped":0,"pct":100},"functions":{"total":0,"covered":0,"skipped":0,"pct":100},"statements":{"total":68,"covered":68,"skipped":0,"pct":100},"branches":{"total":2,"covered":2,"skipped":0,"pct":100}}
,"C:\\Users\\Ekii\\Desktop\\datazup\\internal-dev\\ui\\dzup-ui\\apps\\landing\\src\\gallery\\demos\\NativePopoverDemo.vue": {"lines":{"total":61,"covered":58,"skipped":0,"pct":95.08},"functions":{"total":1,"covered":0,"skipped":0,"pct":0},"statements":{"total":61,"covered":58,"skipped":0,"pct":95.08},"branches":{"total":2,"covered":1,"skipped":0,"pct":50}}
,"C:\\Users\\Ekii\\Desktop\\datazup\\internal-dev\\ui\\dzup-ui\\apps\\landing\\src\\gallery\\demos\\OdometerDemo.vue": {"lines":{"total":29,"covered":29,"skipped":0,"pct":100},"functions":{"total":0,"covered":0,"skipped":0,"pct":100},"statements":{"total":29,"covered":29,"skipped":0,"pct":100},"branches":{"total":0,"covered":0,"skipped":0,"pct":100}}
,"C:\\Users\\Ekii\\Desktop\\datazup\\internal-dev\\ui\\dzup-ui\\apps\\landing\\src\\gallery\\demos\\OrbitingIconsDemo.vue": {"lines":{"total":19,"covered":19,"skipped":0,"pct":100},"functions":{"total":0,"covered":0,"skipped":0,"pct":100},"statements":{"total":19,"covered":19,"skipped":0,"pct":100},"branches":{"total":3,"covered":3,"skipped":0,"pct":100}}
,"C:\\Users\\Ekii\\Desktop\\datazup\\internal-dev\\ui\\dzup-ui\\apps\\landing\\src\\gallery\\demos\\ParallaxDriftDemo.vue": {"lines":{"total":22,"covered":22,"skipped":0,"pct":100},"functions":{"total":0,"covered":0,"skipped":0,"pct":100},"statements":{"total":22,"covered":22,"skipped":0,"pct":100},"branches":{"total":4,"covered":3,"skipped":0,"pct":75}}
,"C:\\Users\\Ekii\\Desktop\\datazup\\internal-dev\\ui\\dzup-ui\\apps\\landing\\src\\gallery\\demos\\ParticleFieldDemo.vue": {"lines":{"total":11,"covered":11,"skipped":0,"pct":100},"functions":{"total":0,"covered":0,"skipped":0,"pct":100},"statements":{"total":11,"covered":11,"skipped":0,"pct":100},"branches":{"total":2,"covered":2,"skipped":0,"pct":100}}
,"C:\\Users\\Ekii\\Desktop\\datazup\\internal-dev\\ui\\dzup-ui\\apps\\landing\\src\\gallery\\demos\\PresenceExitDemo.vue": {"lines":{"total":22,"covered":22,"skipped":0,"pct":100},"functions":{"total":1,"covered":0,"skipped":0,"pct":0},"statements":{"total":22,"covered":22,"skipped":0,"pct":100},"branches":{"total":4,"covered":3,"skipped":0,"pct":75}}
,"C:\\Users\\Ekii\\Desktop\\datazup\\internal-dev\\ui\\dzup-ui\\apps\\landing\\src\\gallery\\demos\\ProgressFillDemo.vue": {"lines":{"total":31,"covered":31,"skipped":0,"pct":100},"functions":{"total":0,"covered":0,"skipped":0,"pct":100},"statements":{"total":31,"covered":31,"skipped":0,"pct":100},"branches":{"total":5,"covered":5,"skipped":0,"pct":100}}
,"C:\\Users\\Ekii\\Desktop\\datazup\\internal-dev\\ui\\dzup-ui\\apps\\landing\\src\\gallery\\demos\\ProgressiveBlurDemo.vue": {"lines":{"total":26,"covered":26,"skipped":0,"pct":100},"functions":{"total":0,"covered":0,"skipped":0,"pct":100},"statements":{"total":26,"covered":26,"skipped":0,"pct":100},"branches":{"total":2,"covered":2,"skipped":0,"pct":100}}
,"C:\\Users\\Ekii\\Desktop\\datazup\\internal-dev\\ui\\dzup-ui\\apps\\landing\\src\\gallery\\demos\\PulsePingDemo.vue": {"lines":{"total":19,"covered":19,"skipped":0,"pct":100},"functions":{"total":0,"covered":0,"skipped":0,"pct":100},"statements":{"total":19,"covered":19,"skipped":0,"pct":100},"branches":{"total":0,"covered":0,"skipped":0,"pct":100}}
,"C:\\Users\\Ekii\\Desktop\\datazup\\internal-dev\\ui\\dzup-ui\\apps\\landing\\src\\gallery\\demos\\RatingFillDemo.vue": {"lines":{"total":55,"covered":52,"skipped":0,"pct":94.54},"functions":{"total":4,"covered":3,"skipped":0,"pct":75},"statements":{"total":55,"covered":52,"skipped":0,"pct":94.54},"branches":{"total":13,"covered":12,"skipped":0,"pct":92.3}}
,"C:\\Users\\Ekii\\Desktop\\datazup\\internal-dev\\ui\\dzup-ui\\apps\\landing\\src\\gallery\\demos\\RouteTransitionDemo.vue": {"lines":{"total":37,"covered":34,"skipped":0,"pct":91.89},"functions":{"total":1,"covered":0,"skipped":0,"pct":0},"statements":{"total":37,"covered":34,"skipped":0,"pct":91.89},"branches":{"total":8,"covered":6,"skipped":0,"pct":75}}
,"C:\\Users\\Ekii\\Desktop\\datazup\\internal-dev\\ui\\dzup-ui\\apps\\landing\\src\\gallery\\demos\\ScaleInDemo.vue": {"lines":{"total":14,"covered":14,"skipped":0,"pct":100},"functions":{"total":0,"covered":0,"skipped":0,"pct":100},"statements":{"total":14,"covered":14,"skipped":0,"pct":100},"branches":{"total":0,"covered":0,"skipped":0,"pct":100}}
,"C:\\Users\\Ekii\\Desktop\\datazup\\internal-dev\\ui\\dzup-ui\\apps\\landing\\src\\gallery\\demos\\ScrollLinkedDemo.vue": {"lines":{"total":43,"covered":43,"skipped":0,"pct":100},"functions":{"total":0,"covered":0,"skipped":0,"pct":100},"statements":{"total":43,"covered":43,"skipped":0,"pct":100},"branches":{"total":8,"covered":6,"skipped":0,"pct":75}}
,"C:\\Users\\Ekii\\Desktop\\datazup\\internal-dev\\ui\\dzup-ui\\apps\\landing\\src\\gallery\\demos\\SheenSweepDemo.vue": {"lines":{"total":18,"covered":18,"skipped":0,"pct":100},"functions":{"total":0,"covered":0,"skipped":0,"pct":100},"statements":{"total":18,"covered":18,"skipped":0,"pct":100},"branches":{"total":4,"covered":4,"skipped":0,"pct":100}}
,"C:\\Users\\Ekii\\Desktop\\datazup\\internal-dev\\ui\\dzup-ui\\apps\\landing\\src\\gallery\\demos\\ShimmerSkeletonDemo.vue": {"lines":{"total":15,"covered":15,"skipped":0,"pct":100},"functions":{"total":0,"covered":0,"skipped":0,"pct":100},"statements":{"total":15,"covered":15,"skipped":0,"pct":100},"branches":{"total":0,"covered":0,"skipped":0,"pct":100}}
,"C:\\Users\\Ekii\\Desktop\\datazup\\internal-dev\\ui\\dzup-ui\\apps\\landing\\src\\gallery\\demos\\SpotlightFollowDemo.vue": {"lines":{"total":10,"covered":10,"skipped":0,"pct":100},"functions":{"total":0,"covered":0,"skipped":0,"pct":100},"statements":{"total":10,"covered":10,"skipped":0,"pct":100},"branches":{"total":2,"covered":2,"skipped":0,"pct":100}}
,"C:\\Users\\Ekii\\Desktop\\datazup\\internal-dev\\ui\\dzup-ui\\apps\\landing\\src\\gallery\\demos\\StaggerChildrenDemo.vue": {"lines":{"total":22,"covered":22,"skipped":0,"pct":100},"functions":{"total":0,"covered":0,"skipped":0,"pct":100},"statements":{"total":22,"covered":22,"skipped":0,"pct":100},"branches":{"total":2,"covered":2,"skipped":0,"pct":100}}
[...]
,"C:\\Users\\Ekii\\Desktop\\datazup\\internal-dev\\ui\\dzup-ui\\packages\\tooling\\src\\perf\\baselines.ts": {"lines":{"total":1,"covered":0,"skipped":0,"pct":0},"functions":{"total":1,"covered":1,"skipped":0,"pct":100},"statements":{"total":1,"covered":0,"skipped":0,"pct":0},"branches":{"total":1,"covered":1,"skipped":0,"pct":100}}
,"C:\\Users\\Ekii\\Desktop\\datazup\\internal-dev\\ui\\dzup-ui\\packages\\tooling\\src\\perf\\capture-baselines.ts": {"lines":{"total":71,"covered":0,"skipped":0,"pct":0},"functions":{"total":1,"covered":1,"skipped":0,"pct":100},"statements":{"total":71,"covered":0,"skipped":0,"pct":0},"branches":{"total":1,"covered":1,"skipped":0,"pct":100}}
,"C:\\Users\\Ekii\\Desktop\\datazup\\internal-dev\\ui\\dzup-ui\\packages\\tooling\\src\\perf\\export-sizes.ts": {"lines":{"total":72,"covered":0,"skipped":0,"pct":0},"functions":{"total":1,"covered":1,"skipped":0,"pct":100},"statements":{"total":72,"covered":0,"skipped":0,"pct":0},"branches":{"total":1,"covered":1,"skipped":0,"pct":100}}
,"C:\\Users\\Ekii\\Desktop\\datazup\\internal-dev\\ui\\dzup-ui\\packages\\tooling\\src\\perf\\read-baselines.ts": {"lines":{"total":15,"covered":15,"skipped":0,"pct":100},"functions":{"total":2,"covered":2,"skipped":0,"pct":100},"statements":{"total":15,"covered":15,"skipped":0,"pct":100},"branches":{"total":5,"covered":3,"skipped":0,"pct":60}}
,"C:\\Users\\Ekii\\Desktop\\datazup\\internal-dev\\ui\\dzup-ui\\packages\\tooling\\src\\perf\\statistics.ts": {"lines":{"total":83,"covered":82,"skipped":0,"pct":98.79},"functions":{"total":5,"covered":5,"skipped":0,"pct":100},"statements":{"total":83,"covered":82,"skipped":0,"pct":98.79},"branches":{"total":28,"covered":25,"skipped":0,"pct":89.28}}
,"C:\\Users\\Ekii\\Desktop\\datazup\\internal-dev\\ui\\dzup-ui\\packages\\tooling\\src\\playground\\playground-contract.ts": {"lines":{"total":61,"covered":61,"skipped":0,"pct":100},"functions":{"total":5,"covered":5,"skipped":0,"pct":100},"statements":{"total":61,"covered":61,"skipped":0,"pct":100},"branches":{"total":16,"covered":14,"skipped":0,"pct":87.5}}
,"C:\\Users\\Ekii\\Desktop\\datazup\\internal-dev\\ui\\dzup-ui\\packages\\tooling\\src\\quality\\accept-visual-baseline.ts": {"lines":{"total":108,"covered":0,"skipped":0,"pct":0},"functions":{"total":1,"covered":1,"skipped":0,"pct":100},"statements":{"total":108,"covered":0,"skipped":0,"pct":0},"branches":{"total":1,"covered":1,"skipped":0,"pct":100}}
,"C:\\Users\\Ekii\\Desktop\\datazup\\internal-dev\\ui\\dzup-ui\\packages\\tooling\\src\\quality\\at-matrix.ts": {"lines":{"total":143,"covered":143,"skipped":0,"pct":100},"functions":{"total":1,"covered":1,"skipped":0,"pct":100},"statements":{"total":143,"covered":143,"skipped":0,"pct":100},"branches":{"total":4,"covered":2,"skipped":0,"pct":50}}
,"C:\\Users\\Ekii\\Desktop\\datazup\\internal-dev\\ui\\dzup-ui\\packages\\tooling\\src\\quality\\at-scripts.data.ts": {"lines":{"total":1742,"covered":0,"skipped":0,"pct":0},"functions":{"total":1,"covered":1,"skipped":0,"pct":100},"statements":{"total":1742,"covered":0,"skipped":0,"pct":0},"branches":{"total":1,"covered":1,"skipped":0,"pct":100}}
,"C:\\Users\\Ekii\\Desktop\\datazup\\internal-dev\\ui\\dzup-ui\\packages\\tooling\\src\\quality\\capability-matrix.ts": {"lines":{"total":11,"covered":11,"skipped":0,"pct":100},"functions":{"total":1,"covered":1,"skipped":0,"pct":100},"statements":{"total":11,"covered":11,"skipped":0,"pct":100},"branches":{"total":1,"covered":1,"skipped":0,"pct":100}}
,"C:\\Users\\Ekii\\Desktop\\datazup\\internal-dev\\ui\\dzup-ui\\packages\\tooling\\src\\quality\\component-tiers.ts": {"lines":{"total":498,"covered":498,"skipped":0,"pct":100},"functions":{"total":0,"covered":0,"skipped":0,"pct":100},"statements":{"total":498,"covered":498,"skipped":0,"pct":100},"branches":{"total":0,"covered":0,"skipped":0,"pct":100}}
,"C:\\Users\\Ekii\\Desktop\\datazup\\internal-dev\\ui\\dzup-ui\\packages\\tooling\\src\\quality\\emit-capability-data.ts": {"lines":{"total":56,"covered":3,"skipped":0,"pct":5.35},"functions":{"total":2,"covered":0,"skipped":0,"pct":0},"statements":{"total":56,"covered":3,"skipped":0,"pct":5.35},"branches":{"total":0,"covered":0,"skipped":0,"pct":100}}
,"C:\\Users\\Ekii\\Desktop\\datazup\\internal-dev\\ui\\dzup-ui\\packages\\tooling\\src\\quality\\generate-at-matrix.ts": {"lines":{"total":126,"covered":70,"skipped":0,"pct":55.55},"functions":{"total":6,"covered":3,"skipped":0,"pct":50},"statements":{"total":126,"covered":70,"skipped":0,"pct":55.55},"branches":{"total":22,"covered":17,"skipped":0,"pct":77.27}}
,"C:\\Users\\Ekii\\Desktop\\datazup\\internal-dev\\ui\\dzup-ui\\packages\\tooling\\src\\quality\\generate-at-scripts.ts": {"lines":{"total":143,"covered":0,"skipped":0,"pct":0},"functions":{"total":1,"covered":1,"skipped":0,"pct":100},"statements":{"total":143,"covered":0,"skipped":0,"pct":0},"branches":{"total":1,"covered":1,"skipped":0,"pct":100}}
,"C:\\Users\\Ekii\\Desktop\\datazup\\internal-dev\\ui\\dzup-ui\\packages\\tooling\\src\\quality\\generate-capability-matrix.ts": {"lines":{"total":609,"covered":49,"skipped":0,"pct":8.04},"functions":{"total":15,"covered":1,"skipped":0,"pct":6.66},"statements":{"total":609,"covered":49,"skipped":0,"pct":8.04},"branches":{"total":7,"covered":4,"skipped":0,"pct":57.14}}
,"C:\\Users\\Ekii\\Desktop\\datazup\\internal-dev\\ui\\dzup-ui\\packages\\tooling\\src\\quality\\generate-matrix-targets.ts": {"lines":{"total":81,"covered":81,"skipped":0,"pct":100},"functions":{"total":6,"covered":6,"skipped":0,"pct":100},"statements":{"total":81,"covered":81,"skipped":0,"pct":100},"branches":{"total":30,"covered":26,"skipped":0,"pct":86.66}}
,"C:\\Users\\Ekii\\Desktop\\datazup\\internal-dev\\ui\\dzup-ui\\packages\\tooling\\src\\quality\\generate-quality-matrix.ts": {"lines":{"total":116,"covered":113,"skipped":0,"pct":97.41},"functions":{"total":6,"covered":5,"skipped":0,"pct":83.33},"statements":{"total":116,"covered":113,"skipped":0,"pct":97.41},"branches":{"total":34,"covered":28,"skipped":0,"pct":82.35}}
,"C:\\Users\\Ekii\\Desktop\\datazup\\internal-dev\\ui\\dzup-ui\\packages\\tooling\\src\\quality\\git.ts": {"lines":{"total":35,"covered":22,"skipped":0,"pct":62.85},"functions":{"total":3,"covered":2,"skipped":0,"pct":66.66},"statements":{"total":35,"covered":22,"skipped":0,"pct":62.85},"branches":{"total":8,"covered":7,"skipped":0,"pct":87.5}}
,"C:\\Users\\Ekii\\Desktop\\datazup\\internal-dev\\ui\\dzup-ui\\packages\\tooling\\src\\quality\\story-dod-triage.ts": {"lines":{"total":68,"covered":68,"skipped":0,"pct":100},"functions":{"total":2,"covered":2,"skipped":0,"pct":100},"statements":{"total":68,"covered":68,"skipped":0,"pct":100},"branches":{"total":26,"covered":25,"skipped":0,"pct":96.15}}
,"C:\\Users\\Ekii\\Desktop\\datazup\\internal-dev\\ui\\dzup-ui\\packages\\tooling\\src\\resolution\\dzup-resolution.ts": {"lines":{"total":193,"covered":183,"skipped":0,"pct":94.81},"functions":{"total":9,"covered":9,"skipped":0,"pct":100},"statements":{"total":193,"covered":183,"skipped":0,"pct":94.81},"branches":{"total":76,"covered":61,"skipped":0,"pct":80.26}}
,"C:\\Users\\Ekii\\Desktop\\datazup\\internal-dev\\ui\\dzup-ui\\packages\\tooling\\src\\token-checks\\color-lint.ts": {"lines":{"total":260,"covered":170,"skipped":0,"pct":65.38},"functions":{"total":6,"covered":3,"skipped":0,"pct":50},"statements":{"total":260,"covered":170,"skipped":0,"pct":65.38},"branches":{"total":31,"covered":24,"skipped":0,"pct":77.41}}
,"C:\\Users\\Ekii\\Desktop\\datazup\\internal-dev\\ui\\dzup-ui\\packages\\tooling\\src\\token-checks\\design-md-check.ts": {"lines":{"total":178,"covered":153,"skipped":0,"pct":85.95},"functions":{"total":7,"covered":6,"skipped":0,"pct":85.71},"statements":{"total":178,"covered":153,"skipped":0,"pct":85.95},"branches":{"total":35,"covered":31,"skipped":0,"pct":88.57}}
,"C:\\Users\\Ekii\\Desktop\\datazup\\internal-dev\\ui\\dzup-ui\\packages\\tooling\\src\\token-checks\\dtcg-round-trip.ts": {"lines":{"total":884,"covered":668,"skipped":0,"pct":75.56},"functions":{"total":24,"covered":22,"skipped":0,"pct":91.66},"statements":{"total":884,"covered":668,"skipped":0,"pct":75.56},"branches":{"total":267,"covered":194,"skipped":0,"pct":72.65}}
,"C:\\Users\\Ekii\\Desktop\\datazup\\internal-dev\\ui\\dzup-ui\\packages\\tooling\\src\\token-checks\\dtcg-schema.ts": {"lines":{"total":48,"covered":36,"skipped":0,"pct":75},"functions":{"total":2,"covered":2,"skipped":0,"pct":100},"statements":{"total":48,"covered":36,"skipped":0,"pct":75},"branches":{"total":11,"covered":8,"skipped":0,"pct":72.72}}
,"C:\\Users\\Ekii\\Desktop\\datazup\\internal-dev\\ui\\dzup-ui\\packages\\tooling\\src\\token-checks\\intent-text-contrast.ts": {"lines":{"total":63,"covered":44,"skipped":0,"pct":69.84},"functions":{"total":4,"covered":3,"skipped":0,"pct":75},"statements":{"total":63,"covered":44,"skipped":0,"pct":69.84},"branches":{"total":12,"covered":11,"skipped":0,"pct":91.66}}
,"C:\\Users\\Ekii\\Desktop\\datazup\\internal-dev\\ui\\dzup-ui\\packages\\tooling\\src\\token-checks\\json-schema-draft07.ts": {"lines":{"total":275,"covered":263,"skipped":0,"pct":95.63},"functions":{"total":17,"covered":17,"skipped":0,"pct":100},"statements":{"total":275,"covered":263,"skipped":0,"pct":95.63},"branches":{"total":152,"covered":134,"skipped":0,"pct":88.15}}
,"C:\\Users\\Ekii\\Desktop\\datazup\\internal-dev\\ui\\dzup-ui\\packages\\tooling\\src\\token-checks\\oklch-contrast.ts": {"lines":{"total":64,"covered":62,"skipped":0,"pct":96.87},"functions":{"total":8,"covered":8,"skipped":0,"pct":100},"statements":{"total":64,"covered":62,"skipped":0,"pct":96.87},"branches":{"total":26,"covered":22,"skipped":0,"pct":84.61}}
,"C:\\Users\\Ekii\\Desktop\\datazup\\internal-dev\\ui\\dzup-ui\\packages\\tooling\\src\\token-checks\\token-references.ts": {"lines":{"total":237,"covered":194,"skipped":0,"pct":81.85},"functions":{"total":10,"covered":10,"skipped":0,"pct":100},"statements":{"total":237,"covered":194,"skipped":0,"pct":81.85},"branches":{"total":73,"covered":58,"skipped":0,"pct":79.45}}
,"C:\\Users\\Ekii\\Desktop\\datazup\\internal-dev\\ui\\dzup-ui\\packages\\tooling\\src\\validators\\anatomy-parts.ts": {"lines":{"total":378,"covered":0,"skipped":0,"pct":0},"functions":{"total":1,"covered":1,"skipped":0,"pct":100},"statements":{"total":378,"covered":0,"skipped":0,"pct":0},"branches":{"total":1,"covered":1,"skipped":0,"pct":100}}
,"C:\\Users\\Ekii\\Desktop\\datazup\\internal-dev\\ui\\dzup-ui\\packages\\tooling\\src\\validators\\at-matrix.ts": {"lines":{"total":96,"covered":96,"skipped":0,"pct":100},"functions":{"total":1,"covered":1,"skipped":0,"pct":100},"statements":{"total":96,"covered":96,"skipped":0,"pct":100},"branches":{"total":18,"covered":18,"skipped":0,"pct":100}}
,"C:\\Users\\Ekii\\Desktop\\datazup\\internal-dev\\ui\\dzup-ui\\packages\\tooling\\src\\validators\\capability-matrix.ts": {"lines":{"total":43,"covered":43,"skipped":0,"pct":100},"functions":{"total":2,"covered":2,"skipped":0,"pct":100},"statements":{"total":43,"covered":43,"skipped":0,"pct":100},"branches":{"total":10,"covered":10,"skipped":0,"pct":100}}
,"C:\\Users\\Ekii\\Desktop\\datazup\\internal-dev\\ui\\dzup-ui\\packages\\tooling\\src\\validators\\component-meta.ts": {"lines":{"total":181,"covered":162,"skipped":0,"pct":89.5},"functions":{"total":5,"covered":4,"skipped":0,"pct":80},"statements":{"total":181,"covered":162,"skipped":0,"pct":89.5},"branches":{"total":51,"covered":50,"skipped":0,"pct":98.03}}
,"C:\\Users\\Ekii\\Desktop\\datazup\\internal-dev\\ui\\dzup-ui\\packages\\tooling\\src\\validators\\contract-parity.ts": {"lines":{"total":111,"covered":103,"skipped":0,"pct":92.79},"functions":{"total":6,"covered":6,"skipped":0,"pct":100},"statements":{"total":111,"covered":103,"skipped":0,"pct":92.79},"branches":{"total":42,"covered":38,"skipped":0,"pct":90.47}}
,"C:\\Users\\Ekii\\Desktop\\datazup\\internal-dev\\ui\\dzup-ui\\packages\\tooling\\src\\validators\\export-map.ts": {"lines":{"total":88,"covered":88,"skipped":0,"pct":100},"functions":{"total":4,"covered":4,"skipped":0,"pct":100},"statements":{"total":88,"covered":88,"skipped":0,"pct":100},"branches":{"total":46,"covered":39,"skipped":0,"pct":84.78}}
,"C:\\Users\\Ekii\\Desktop\\datazup\\internal-dev\\ui\\dzup-ui\\packages\\tooling\\src\\validators\\form-readiness.ts": {"lines":{"total":628,"covered":490,"skipped":0,"pct":78.02},"functions":{"total":19,"covered":18,"skipped":0,"pct":94.73},"statements":{"total":628,"covered":490,"skipped":0,"pct":78.02},"branches":{"total":227,"covered":174,"skipped":0,"pct":76.65}}
,"C:\\Users\\Ekii\\Desktop\\datazup\\internal-dev\\ui\\dzup-ui\\packages\\tooling\\src\\validators\\hardcoded-strings.ts": {"lines":{"total":90,"covered":58,"skipped":0,"pct":64.44},"functions":{"total":5,"covered":3,"skipped":0,"pct":60},"statements":{"total":90,"covered":58,"skipped":0,"pct":64.44},"branches":{"total":31,"covered":24,"skipped":0,"pct":77.41}}
,"C:\\Users\\Ekii\\Desktop\\datazup\\internal-dev\\ui\\dzup-ui\\packages\\tooling\\src\\validators\\i18n-packs.ts": {"lines":{"total":285,"covered":189,"skipped":0,"pct":66.31},"functions":{"total":15,"covered":12,"skipped":0,"pct":80},"statements":{"total":285,"covered":189,"skipped":0,"pct":66.31},"branches":{"total":96,"covered":89,"skipped":0,"pct":92.7}}
,"C:\\Users\\Ekii\\Desktop\\datazup\\internal-dev\\ui\\dzup-ui\\packages\\tooling\\src\\validators\\import-boundary.ts": {"lines":{"total":157,"covered":0,"skipped":0,"pct":0},"functions":{"total":1,"covered":1,"skipped":0,"pct":100},"statements":{"total":157,"covered":0,"skipped":0,"pct":0},"branches":{"total":1,"covered":1,"skipped":0,"pct":100}}
,"C:\\Users\\Ekii\\Desktop\\datazup\\internal-dev\\ui\\dzup-ui\\packages\\tooling\\src\\validators\\interaction-contract.ts": {"lines":{"total":103,"covered":77,"skipped":0,"pct":74.75},"functions":{"total":6,"covered":5,"skipped":0,"pct":83.33},"statements":{"total":103,"covered":77,"skipped":0,"pct":74.75},"branches":{"total":24,"covered":19,"skipped":0,"pct":79.16}}
,"C:\\Users\\Ekii\\Desktop\\datazup\\internal-dev\\ui\\dzup-ui\\packages\\tooling\\src\\validators\\llms.ts": {"lines":{"total":309,"covered":237,"skipped":0,"pct":76.69},"functions":{"total":11,"covered":11,"skipped":0,"pct":100},"statements":{"total":309,"covered":237,"skipped":0,"pct":76.69},"branches":{"total":87,"covered":62,"skipped":0,"pct":71.26}}
,"C:\\Users\\Ekii\\Desktop\\datazup\\internal-dev\\ui\\dzup-ui\\packages\\tooling\\src\\validators\\mcp-surface.ts": {"lines":{"total":267,"covered":230,"skipped":0,"pct":86.14},"functions":{"total":12,"covered":11,"skipped":0,"pct":91.66},"statements":{"total":267,"covered":230,"skipped":0,"pct":86.14},"branches":{"total":64,"covered":54,"skipped":0,"pct":84.37}}
,"C:\\Users\\Ekii\\Desktop\\datazup\\internal-dev\\ui\\dzup-ui\\packages\\tooling\\src\\validators\\ownership-manifest.ts": {"lines":{"total":250,"covered":210,"skipped":0,"pct":84},"functions":{"total":11,"covered":11,"skipped":0,"pct":100},"statements":{"total":250,"covered":210,"skipped":0,"pct":84},"branches":{"total":74,"covered":56,"skipped":0,"pct":75.67}}
,"C:\\Users\\Ekii\\Desktop\\datazup\\internal-dev\\ui\\dzup-ui\\packages\\tooling\\src\\validators\\peer-ranges.ts": {"lines":{"total":118,"covered":77,"skipped":0,"pct":65.25},"functions":{"total":5,"covered":5,"skipped":0,"pct":100},"statements":{"total":118,"covered":77,"skipped":0,"pct":65.25},"branches":{"total":33,"covered":21,"skipped":0,"pct":63.63}}
,"C:\\Users\\Ekii\\Desktop\\datazup\\internal-dev\\ui\\dzup-ui\\packages\\tooling\\src\\validators\\playground-parity.ts": {"lines":{"total":73,"covered":70,"skipped":0,"pct":95.89},"functions":{"total":3,"covered":3,"skipped":0,"pct":100},"statements":{"total":73,"covered":70,"skipped":0,"pct":95.89},"branches":{"total":16,"covered":16,"skipped":0,"pct":100}}
,"C:\\Users\\Ekii\\Desktop\\datazup\\internal-dev\\ui\\dzup-ui\\packages\\tooling\\src\\validators\\provider-defaults.ts": {"lines":{"total":217,"covered":211,"skipped":0,"pct":97.23},"functions":{"total":8,"covered":8,"skipped":0,"pct":100},"statements":{"total":217,"covered":211,"skipped":0,"pct":97.23},"branches":{"total":84,"covered":78,"skipped":0,"pct":92.85}}
,"C:\\Users\\Ekii\\Desktop\\datazup\\internal-dev\\ui\\dzup-ui\\packages\\tooling\\src\\validators\\quality-tiers.ts": {"lines":{"total":192,"covered":132,"skipped":0,"pct":68.75},"functions":{"total":4,"covered":2,"skipped":0,"pct":50},"statements":{"total":192,"covered":132,"skipped":0,"pct":68.75},"branches":{"total":41,"covered":36,"skipped":0,"pct":87.8}}
,"C:\\Users\\Ekii\\Desktop\\datazup\\internal-dev\\ui\\dzup-ui\\packages\\tooling\\src\\validators\\rtl.ts": {"lines":{"total":73,"covered":57,"skipped":0,"pct":78.08},"functions":{"total":6,"covered":5,"skipped":0,"pct":83.33},"statements":{"total":73,"covered":57,"skipped":0,"pct":78.08},"branches":{"total":28,"covered":23,"skipped":0,"pct":82.14}}
,"C:\\Users\\Ekii\\Desktop\\datazup\\internal-dev\\ui\\dzup-ui\\packages\\tooling\\src\\validators\\scoped-style.ts": {"lines":{"total":43,"covered":43,"skipped":0,"pct":100},"functions":{"total":3,"covered":3,"skipped":0,"pct":100},"statements":{"total":43,"covered":43,"skipped":0,"pct":100},"branches":{"total":12,"covered":11,"skipped":0,"pct":91.66}}
,"C:\\Users\\Ekii\\Desktop\\datazup\\internal-dev\\ui\\dzup-ui\\packages\\tooling\\src\\validators\\security-corpus.ts": {"lines":{"total":221,"covered":212,"skipped":0,"pct":95.92},"functions":{"total":10,"covered":10,"skipped":0,"pct":100},"statements":{"total":221,"covered":212,"skipped":0,"pct":95.92},"branches":{"total":82,"covered":57,"skipped":0,"pct":69.51}}
,"C:\\Users\\Ekii\\Desktop\\datazup\\internal-dev\\ui\\dzup-ui\\packages\\tooling\\src\\validators\\story-dod-tiers.ts": {"lines":{"total":70,"covered":68,"skipped":0,"pct":97.14},"functions":{"total":3,"covered":3,"skipped":0,"pct":100},"statements":{"total":70,"covered":68,"skipped":0,"pct":97.14},"branches":{"total":16,"covered":14,"skipped":0,"pct":87.5}}
,"C:\\Users\\Ekii\\Desktop\\datazup\\internal-dev\\ui\\dzup-ui\\packages\\tooling\\src\\validators\\story-dod.ts": {"lines":{"total":216,"covered":216,"skipped":0,"pct":100},"functions":{"total":37,"covered":37,"skipped":0,"pct":100},"statements":{"total":216,"covered":216,"skipped":0,"pct":100},"branches":{"total":84,"covered":79,"skipped":0,"pct":94.04}}
,"C:\\Users\\Ekii\\Desktop\\datazup\\internal-dev\\ui\\dzup-ui\\packages\\tooling\\src\\validators\\story-status.ts": {"lines":{"total":67,"covered":67,"skipped":0,"pct":100},"functions":{"total":4,"covered":4,"skipped":0,"pct":100},"statements":{"total":67,"covered":67,"skipped":0,"pct":100},"branches":{"total":26,"covered":25,"skipped":0,"pct":96.15}}
,"C:\\Users\\Ekii\\Desktop\\datazup\\internal-dev\\ui\\dzup-ui\\packages\\tooling\\src\\validators\\tv-slot-calls.ts": {"lines":{"total":226,"covered":224,"skipped":0,"pct":99.11},"functions":{"total":13,"covered":13,"skipped":0,"pct":100},"statements":{"total":226,"covered":224,"skipped":0,"pct":99.11},"branches":{"total":91,"covered":73,"skipped":0,"pct":80.21}}
,"C:\\Users\\Ekii\\Desktop\\datazup\\internal-dev\\ui\\dzup-ui\\packages\\tooling\\src\\validators\\vendor-sublayers.ts": {"lines":{"total":104,"covered":101,"skipped":0,"pct":97.11},"functions":{"total":4,"covered":3,"skipped":0,"pct":75},"statements":{"total":104,"covered":101,"skipped":0,"pct":97.11},"branches":{"total":24,"covered":22,"skipped":0,"pct":91.66}}
,"C:\\Users\\Ekii\\Desktop\\datazup\\internal-dev\\ui\\dzup-ui\\packages\\tooling\\src\\validators\\visual-baselines.ts": {"lines":{"total":166,"covered":0,"skipped":0,"pct":0},"functions":{"total":1,"covered":1,"skipped":0,"pct":100},"statements":{"total":166,"covered":0,"skipped":0,"pct":0},"branches":{"total":1,"covered":1,"skipped":0,"pct":100}}
}
