{"total": {"lines":{"total":31912,"covered":26513,"skipped":0,"pct":83.08},"statements":{"total":34328,"covered":28672,"skipped":0,"pct":83.52},"functions":{"total":11014,"covered":9398,"skipped":0,"pct":85.32},"branches":{"total":22950,"covered":17757,"skipped":0,"pct":77.37},"branchesTrue":{"total":0,"covered":0,"skipped":0,"pct":100}}
,"C:\\Users\\Ekii\\Desktop\\datazup\\internal-dev\\ui\\dzup-ui\\apps\\landing\\src\\App.vue": {"lines":{"total":38,"covered":34,"skipped":0,"pct":89.47},"functions":{"total":21,"covered":18,"skipped":0,"pct":85.71},"statements":{"total":40,"covered":36,"skipped":0,"pct":90},"branches":{"total":35,"covered":24,"skipped":0,"pct":68.57}}
,"C:\\Users\\Ekii\\Desktop\\datazup\\internal-dev\\ui\\dzup-ui\\apps\\landing\\src\\config.ts": {"lines":{"total":12,"covered":10,"skipped":0,"pct":83.33},"functions":{"total":3,"covered":2,"skipped":0,"pct":66.66},"statements":{"total":12,"covered":10,"skipped":0,"pct":83.33},"branches":{"total":2,"covered":1,"skipped":0,"pct":50}}
,"C:\\Users\\Ekii\\Desktop\\datazup\\internal-dev\\ui\\dzup-ui\\apps\\landing\\src\\data.ts": {"lines":{"total":12,"covered":11,"skipped":0,"pct":91.66},"functions":{"total":3,"covered":3,"skipped":0,"pct":100},"statements":{"total":13,"covered":12,"skipped":0,"pct":92.3},"branches":{"total":2,"covered":1,"skipped":0,"pct":50}}
,"C:\\Users\\Ekii\\Desktop\\datazup\\internal-dev\\ui\\dzup-ui\\apps\\landing\\src\\icons.ts": {"lines":{"total":1,"covered":1,"skipped":0,"pct":100},"functions":{"total":0,"covered":0,"skipped":0,"pct":100},"statements":{"total":1,"covered":1,"skipped":0,"pct":100},"branches":{"total":0,"covered":0,"skipped":0,"pct":100}}
,"C:\\Users\\Ekii\\Desktop\\datazup\\internal-dev\\ui\\dzup-ui\\apps\\landing\\src\\main.ts": {"lines":{"total":19,"covered":0,"skipped":0,"pct":0},"functions":{"total":2,"covered":0,"skipped":0,"pct":0},"statements":{"total":20,"covered":0,"skipped":0,"pct":0},"branches":{"total":4,"covered":0,"skipped":0,"pct":0}}
,"C:\\Users\\Ekii\\Desktop\\datazup\\internal-dev\\ui\\dzup-ui\\apps\\landing\\src\\nav.ts": {"lines":{"total":4,"covered":4,"skipped":0,"pct":100},"functions":{"total":6,"covered":6,"skipped":0,"pct":100},"statements":{"total":7,"covered":7,"skipped":0,"pct":100},"branches":{"total":2,"covered":2,"skipped":0,"pct":100}}
,"C:\\Users\\Ekii\\Desktop\\datazup\\internal-dev\\ui\\dzup-ui\\apps\\landing\\src\\origin.ts": {"lines":{"total":3,"covered":3,"skipped":0,"pct":100},"functions":{"total":0,"covered":0,"skipped":0,"pct":100},"statements":{"total":3,"covered":3,"skipped":0,"pct":100},"branches":{"total":0,"covered":0,"skipped":0,"pct":100}}
,"C:\\Users\\Ekii\\Desktop\\datazup\\internal-dev\\ui\\dzup-ui\\apps\\landing\\src\\router.ts": {"lines":{"total":115,"covered":99,"skipped":0,"pct":86.08},"functions":{"total":39,"covered":34,"skipped":0,"pct":87.17},"statements":{"total":115,"covered":99,"skipped":0,"pct":86.08},"branches":{"total":75,"covered":57,"skipped":0,"pct":76}}
,"C:\\Users\\Ekii\\Desktop\\datazup\\internal-dev\\ui\\dzup-ui\\apps\\landing\\src\\blocks\\certifications.ts": {"lines":{"total":7,"covered":7,"skipped":0,"pct":100},"functions":{"total":4,"covered":4,"skipped":0,"pct":100},"statements":{"total":7,"covered":7,"skipped":0,"pct":100},"branches":{"total":0,"covered":0,"skipped":0,"pct":100}}
,"C:\\Users\\Ekii\\Desktop\\datazup\\internal-dev\\ui\\dzup-ui\\apps\\landing\\src\\blocks\\config.ts": {"lines":{"total":41,"covered":39,"skipped":0,"pct":95.12},"functions":{"total":21,"covered":20,"skipped":0,"pct":95.23},"statements":{"total":43,"covered":41,"skipped":0,"pct":95.34},"branches":{"total":20,"covered":11,"skipped":0,"pct":55}}
,"C:\\Users\\Ekii\\Desktop\\datazup\\internal-dev\\ui\\dzup-ui\\apps\\landing\\src\\blocks\\llmsText.ts": {"lines":{"total":42,"covered":41,"skipped":0,"pct":97.61},"functions":{"total":16,"covered":15,"skipped":0,"pct":93.75},"statements":{"total":43,"covered":42,"skipped":0,"pct":97.67},"branches":{"total":8,"covered":6,"skipped":0,"pct":75}}
,"C:\\Users\\Ekii\\Desktop\\datazup\\internal-dev\\ui\\dzup-ui\\apps\\landing\\src\\blocks\\registry.ts": {"lines":{"total":35,"covered":34,"skipped":0,"pct":97.14},"functions":{"total":10,"covered":10,"skipped":0,"pct":100},"statements":{"total":40,"covered":39,"skipped":0,"pct":97.5},"branches":{"total":12,"covered":11,"skipped":0,"pct":91.66}}
,"C:\\Users\\Ekii\\Desktop\\datazup\\internal-dev\\ui\\dzup-ui\\apps\\landing\\src\\blocks\\registryItem.ts": {"lines":{"total":13,"covered":13,"skipped":0,"pct":100},"functions":{"total":5,"covered":5,"skipped":0,"pct":100},"statements":{"total":13,"covered":13,"skipped":0,"pct":100},"branches":{"total":1,"covered":1,"skipped":0,"pct":100}}
,"C:\\Users\\Ekii\\Desktop\\datazup\\internal-dev\\ui\\dzup-ui\\apps\\landing\\src\\blocks\\responsiveCertification.ts": {"lines":{"total":3,"covered":3,"skipped":0,"pct":100},"functions":{"total":0,"covered":0,"skipped":0,"pct":100},"statements":{"total":3,"covered":3,"skipped":0,"pct":100},"branches":{"total":0,"covered":0,"skipped":0,"pct":100}}
,"C:\\Users\\Ekii\\Desktop\\datazup\\internal-dev\\ui\\dzup-ui\\apps\\landing\\src\\blocks\\sources.ts": {"lines":{"total":5,"covered":4,"skipped":0,"pct":80},"functions":{"total":1,"covered":1,"skipped":0,"pct":100},"statements":{"total":5,"covered":4,"skipped":0,"pct":80},"branches":{"total":2,"covered":1,"skipped":0,"pct":50}}
,"C:\\Users\\Ekii\\Desktop\\datazup\\internal-dev\\ui\\dzup-ui\\apps\\landing\\src\\blocks\\templatesItem.ts": {"lines":{"total":11,"covered":11,"skipped":0,"pct":100},"functions":{"total":6,"covered":6,"skipped":0,"pct":100},"statements":{"total":11,"covered":11,"skipped":0,"pct":100},"branches":{"total":3,"covered":3,"skipped":0,"pct":100}}
,"C:\\Users\\Ekii\\Desktop\\datazup\\internal-dev\\ui\\dzup-ui\\apps\\landing\\src\\blocks\\tokensItem.ts": {"lines":{"total":36,"covered":35,"skipped":0,"pct":97.22},"functions":{"total":5,"covered":4,"skipped":0,"pct":80},"statements":{"total":37,"covered":36,"skipped":0,"pct":97.29},"branches":{"total":24,"covered":22,"skipped":0,"pct":91.66}}
,"C:\\Users\\Ekii\\Desktop\\datazup\\internal-dev\\ui\\dzup-ui\\apps\\landing\\src\\blocks\\application\\AppShell.vue": {"lines":{"total":40,"covered":39,"skipped":0,"pct":97.5},"functions":{"total":35,"covered":34,"skipped":0,"pct":97.14},"statements":{"total":43,"covered":42,"skipped":0,"pct":97.67},"branches":{"total":33,"covered":33,"skipped":0,"pct":100}}
,"C:\\Users\\Ekii\\Desktop\\datazup\\internal-dev\\ui\\dzup-ui\\apps\\landing\\src\\blocks\\application\\EmptyState.vue": {"lines":{"total":5,"covered":5,"skipped":0,"pct":100},"functions":{"total":5,"covered":5,"skipped":0,"pct":100},"statements":{"total":6,"covered":6,"skipped":0,"pct":100},"branches":{"total":4,"covered":4,"skipped":0,"pct":100}}
,"C:\\Users\\Ekii\\Desktop\\datazup\\internal-dev\\ui\\dzup-ui\\apps\\landing\\src\\blocks\\application\\PageHeader.vue": {"lines":{"total":16,"covered":16,"skipped":0,"pct":100},"functions":{"total":12,"covered":12,"skipped":0,"pct":100},"statements":{"total":17,"covered":17,"skipped":0,"pct":100},"branches":{"total":16,"covered":16,"skipped":0,"pct":100}}
,"C:\\Users\\Ekii\\Desktop\\datazup\\internal-dev\\ui\\dzup-ui\\apps\\landing\\src\\blocks\\application\\SettingsLayout.vue": {"lines":{"total":73,"covered":45,"skipped":0,"pct":61.64},"functions":{"total":46,"covered":17,"skipped":0,"pct":36.95},"statements":{"total":78,"covered":49,"skipped":0,"pct":62.82},"branches":{"total":74,"covered":30,"skipped":0,"pct":40.54}}
,"C:\\Users\\Ekii\\Desktop\\datazup\\internal-dev\\ui\\dzup-ui\\apps\\landing\\src\\blocks\\application\\StatRow.vue": {"lines":{"total":4,"covered":4,"skipped":0,"pct":100},"functions":{"total":1,"covered":1,"skipped":0,"pct":100},"statements":{"total":4,"covered":4,"skipped":0,"pct":100},"branches":{"total":0,"covered":0,"skipped":0,"pct":100}}
,"C:\\Users\\Ekii\\Desktop\\datazup\\internal-dev\\ui\\dzup-ui\\apps\\landing\\src\\blocks\\application\\TableCard.vue": {"lines":{"total":50,"covered":46,"skipped":0,"pct":92},"functions":{"total":29,"covered":26,"skipped":0,"pct":89.65},"statements":{"total":52,"covered":48,"skipped":0,"pct":92.3},"branches":{"total":24,"covered":22,"skipped":0,"pct":91.66}}
,"C:\\Users\\Ekii\\Desktop\\datazup\\internal-dev\\ui\\dzup-ui\\apps\\landing\\src\\blocks\\auth\\AuthSplit.vue": {"lines":{"total":20,"covered":18,"skipped":0,"pct":90},"functions":{"total":16,"covered":14,"skipped":0,"pct":87.5},"statements":{"total":23,"covered":21,"skipped":0,"pct":91.3},"branches":{"total":24,"covered":24,"skipped":0,"pct":100}}
,"C:\\Users\\Ekii\\Desktop\\datazup\\internal-dev\\ui\\dzup-ui\\apps\\landing\\src\\blocks\\auth\\ForgotPassword.vue": {"lines":{"total":27,"covered":19,"skipped":0,"pct":70.37},"functions":{"total":15,"covered":10,"skipped":0,"pct":66.66},"statements":{"total":28,"covered":20,"skipped":0,"pct":71.42},"branches":{"total":30,"covered":17,"skipped":0,"pct":56.66}}
,"C:\\Users\\Ekii\\Desktop\\datazup\\internal-dev\\ui\\dzup-ui\\apps\\landing\\src\\blocks\\auth\\OtpVerify.vue": {"lines":{"total":31,"covered":20,"skipped":0,"pct":64.51},"functions":{"total":15,"covered":9,"skipped":0,"pct":60},"statements":{"total":33,"covered":22,"skipped":0,"pct":66.66},"branches":{"total":28,"covered":15,"skipped":0,"pct":53.57}}
,"C:\\Users\\Ekii\\Desktop\\datazup\\internal-dev\\ui\\dzup-ui\\apps\\landing\\src\\blocks\\auth\\SignIn.vue": {"lines":{"total":24,"covered":22,"skipped":0,"pct":91.66},"functions":{"total":19,"covered":17,"skipped":0,"pct":89.47},"statements":{"total":25,"covered":23,"skipped":0,"pct":92},"branches":{"total":32,"covered":32,"skipped":0,"pct":100}}
,"C:\\Users\\Ekii\\Desktop\\datazup\\internal-dev\\ui\\dzup-ui\\apps\\landing\\src\\blocks\\auth\\SignUp.vue": {"lines":{"total":54,"covered":19,"skipped":0,"pct":35.18},"functions":{"total":21,"covered":14,"skipped":0,"pct":66.66},"statements":{"total":57,"covered":22,"skipped":0,"pct":38.59},"branches":{"total":53,"covered":26,"skipped":0,"pct":49.05}}
,"C:\\Users\\Ekii\\Desktop\\datazup\\internal-dev\\ui\\dzup-ui\\apps\\landing\\src\\blocks\\auth\\Wizard.vue": {"lines":{"total":40,"covered":31,"skipped":0,"pct":77.5},"functions":{"total":30,"covered":22,"skipped":0,"pct":73.33},"statements":{"total":45,"covered":36,"skipped":0,"pct":80},"branches":{"total":61,"covered":58,"skipped":0,"pct":95.08}}
,"C:\\Users\\Ekii\\Desktop\\datazup\\internal-dev\\ui\\dzup-ui\\apps\\landing\\src\\blocks\\buttons\\ButtonGroups.vue": {"lines":{"total":28,"covered":28,"skipped":0,"pct":100},"functions":{"total":24,"covered":24,"skipped":0,"pct":100},"statements":{"total":30,"covered":30,"skipped":0,"pct":100},"branches":{"total":40,"covered":40,"skipped":0,"pct":100}}
,"C:\\Users\\Ekii\\Desktop\\datazup\\internal-dev\\ui\\dzup-ui\\apps\\landing\\src\\blocks\\buttons\\ButtonShowcase.vue": {"lines":{"total":37,"covered":37,"skipped":0,"pct":100},"functions":{"total":28,"covered":28,"skipped":0,"pct":100},"statements":{"total":37,"covered":37,"skipped":0,"pct":100},"branches":{"total":50,"covered":50,"skipped":0,"pct":100}}
,"C:\\Users\\Ekii\\Desktop\\datazup\\internal-dev\\ui\\dzup-ui\\apps\\landing\\src\\blocks\\buttons\\EditorToolbar.vue": {"lines":{"total":24,"covered":24,"skipped":0,"pct":100},"functions":{"total":16,"covered":16,"skipped":0,"pct":100},"statements":{"total":25,"covered":25,"skipped":0,"pct":100},"branches":{"total":30,"covered":30,"skipped":0,"pct":100}}
,"C:\\Users\\Ekii\\Desktop\\datazup\\internal-dev\\ui\\dzup-ui\\apps\\landing\\src\\blocks\\buttons\\FloatingActions.vue": {"lines":{"total":12,"covered":12,"skipped":0,"pct":100},"functions":{"total":4,"covered":4,"skipped":0,"pct":100},"statements":{"total":12,"covered":12,"skipped":0,"pct":100},"branches":{"total":8,"covered":8,"skipped":0,"pct":100}}
,"C:\\Users\\Ekii\\Desktop\\datazup\\internal-dev\\ui\\dzup-ui\\apps\\landing\\src\\blocks\\buttons\\SocialAuthButtons.vue": {"lines":{"total":12,"covered":12,"skipped":0,"pct":100},"functions":{"total":10,"covered":10,"skipped":0,"pct":100},"statements":{"total":12,"covered":12,"skipped":0,"pct":100},"branches":{"total":14,"covered":14,"skipped":0,"pct":100}}
,"C:\\Users\\Ekii\\Desktop\\datazup\\internal-dev\\ui\\dzup-ui\\apps\\landing\\src\\blocks\\commerce\\CartSummary.vue": {"lines":{"total":42,"covered":41,"skipped":0,"pct":97.61},"functions":{"total":32,"covered":31,"skipped":0,"pct":96.87},"statements":{"total":50,"covered":49,"skipped":0,"pct":98},"branches":{"total":29,"covered":24,"skipped":0,"pct":82.75}}
,"C:\\Users\\Ekii\\Desktop\\datazup\\internal-dev\\ui\\dzup-ui\\apps\\landing\\src\\blocks\\commerce\\CategoryHeader.vue": {"lines":{"total":18,"covered":17,"skipped":0,"pct":94.44},"functions":{"total":9,"covered":8,"skipped":0,"pct":88.88},"statements":{"total":19,"covered":18,"skipped":0,"pct":94.73},"branches":{"total":14,"covered":14,"skipped":0,"pct":100}}
,"C:\\Users\\Ekii\\Desktop\\datazup\\internal-dev\\ui\\dzup-ui\\apps\\landing\\src\\blocks\\commerce\\CheckoutSummary.vue": {"lines":{"total":54,"covered":47,"skipped":0,"pct":87.03},"functions":{"total":37,"covered":32,"skipped":0,"pct":86.48},"statements":{"total":63,"covered":56,"skipped":0,"pct":88.88},"branches":{"total":36,"covered":30,"skipped":0,"pct":83.33}}
,"C:\\Users\\Ekii\\Desktop\\datazup\\internal-dev\\ui\\dzup-ui\\apps\\landing\\src\\blocks\\commerce\\OrderStatus.vue": {"lines":{"total":33,"covered":31,"skipped":0,"pct":93.93},"functions":{"total":15,"covered":14,"skipped":0,"pct":93.33},"statements":{"total":33,"covered":31,"skipped":0,"pct":93.93},"branches":{"total":24,"covered":22,"skipped":0,"pct":91.66}}
,"C:\\Users\\Ekii\\Desktop\\datazup\\internal-dev\\ui\\dzup-ui\\apps\\landing\\src\\blocks\\commerce\\ProductDetail.vue": {"lines":{"total":45,"covered":38,"skipped":0,"pct":84.44},"functions":{"total":34,"covered":26,"skipped":0,"pct":76.47},"statements":{"total":49,"covered":41,"skipped":0,"pct":83.67},"branches":{"total":48,"covered":38,"skipped":0,"pct":79.16}}
,"C:\\Users\\Ekii\\Desktop\\datazup\\internal-dev\\ui\\dzup-ui\\apps\\landing\\src\\blocks\\commerce\\ProductGrid.vue": {"lines":{"total":21,"covered":21,"skipped":0,"pct":100},"functions":{"total":14,"covered":14,"skipped":0,"pct":100},"statements":{"total":23,"covered":23,"skipped":0,"pct":100},"branches":{"total":8,"covered":8,"skipped":0,"pct":100}}
,"C:\\Users\\Ekii\\Desktop\\datazup\\internal-dev\\ui\\dzup-ui\\apps\\landing\\src\\blocks\\content\\ArticleHeader.vue": {"lines":{"total":12,"covered":12,"skipped":0,"pct":100},"functions":{"total":7,"covered":7,"skipped":0,"pct":100},"statements":{"total":13,"covered":13,"skipped":0,"pct":100},"branches":{"total":12,"covered":12,"skipped":0,"pct":100}}
,"C:\\Users\\Ekii\\Desktop\\datazup\\internal-dev\\ui\\dzup-ui\\apps\\landing\\src\\blocks\\content\\BlogList.vue": {"lines":{"total":20,"covered":20,"skipped":0,"pct":100},"functions":{"total":13,"covered":13,"skipped":0,"pct":100},"statements":{"total":21,"covered":21,"skipped":0,"pct":100},"branches":{"total":6,"covered":6,"skipped":0,"pct":100}}
,"C:\\Users\\Ekii\\Desktop\\datazup\\internal-dev\\ui\\dzup-ui\\apps\\landing\\src\\blocks\\content\\CodeShowcase.vue": {"lines":{"total":12,"covered":11,"skipped":0,"pct":91.66},"functions":{"total":9,"covered":8,"skipped":0,"pct":88.88},"statements":{"total":13,"covered":12,"skipped":0,"pct":92.3},"branches":{"total":6,"covered":6,"skipped":0,"pct":100}}
,"C:\\Users\\Ekii\\Desktop\\datazup\\internal-dev\\ui\\dzup-ui\\apps\\landing\\src\\blocks\\content\\Faq2Col.vue": {"lines":{"total":16,"covered":16,"skipped":0,"pct":100},"functions":{"total":12,"covered":12,"skipped":0,"pct":100},"statements":{"total":17,"covered":17,"skipped":0,"pct":100},"branches":{"total":4,"covered":4,"skipped":0,"pct":100}}
,"C:\\Users\\Ekii\\Desktop\\datazup\\internal-dev\\ui\\dzup-ui\\apps\\landing\\src\\blocks\\content\\Prose.vue": {"lines":{"total":23,"covered":23,"skipped":0,"pct":100},"functions":{"total":20,"covered":20,"skipped":0,"pct":100},"statements":{"total":24,"covered":24,"skipped":0,"pct":100},"branches":{"total":44,"covered":44,"skipped":0,"pct":100}}
,"C:\\Users\\Ekii\\Desktop\\datazup\\internal-dev\\ui\\dzup-ui\\apps\\landing\\src\\blocks\\content\\TocAside.vue": {"lines":{"total":23,"covered":23,"skipped":0,"pct":100},"functions":{"total":17,"covered":17,"skipped":0,"pct":100},"statements":{"total":24,"covered":24,"skipped":0,"pct":100},"branches":{"total":34,"covered":34,"skipped":0,"pct":100}}
,"C:\\Users\\Ekii\\Desktop\\datazup\\internal-dev\\ui\\dzup-ui\\apps\\landing\\src\\blocks\\data\\ActivityTimeline.vue": {"lines":{"total":15,"covered":15,"skipped":0,"pct":100},"functions":{"total":11,"covered":11,"skipped":0,"pct":100},"statements":{"total":15,"covered":15,"skipped":0,"pct":100},"branches":{"total":5,"covered":5,"skipped":0,"pct":100}}
,"C:\\Users\\Ekii\\Desktop\\datazup\\internal-dev\\ui\\dzup-ui\\apps\\landing\\src\\blocks\\data\\DataGridCard.vue": {"lines":{"total":18,"covered":17,"skipped":0,"pct":94.44},"functions":{"total":13,"covered":11,"skipped":0,"pct":84.61},"statements":{"total":20,"covered":18,"skipped":0,"pct":90},"branches":{"total":16,"covered":14,"skipped":0,"pct":87.5}}
,"C:\\Users\\Ekii\\Desktop\\datazup\\internal-dev\\ui\\dzup-ui\\apps\\landing\\src\\blocks\\data\\DataViewGallery.vue": {"lines":{"total":22,"covered":22,"skipped":0,"pct":100},"functions":{"total":15,"covered":15,"skipped":0,"pct":100},"statements":{"total":23,"covered":23,"skipped":0,"pct":100},"branches":{"total":12,"covered":12,"skipped":0,"pct":100}}
,"C:\\Users\\Ekii\\Desktop\\datazup\\internal-dev\\ui\\dzup-ui\\apps\\landing\\src\\blocks\\data\\DetailDescriptions.vue": {"lines":{"total":20,"covered":20,"skipped":0,"pct":100},"functions":{"total":25,"covered":25,"skipped":0,"pct":100},"statements":{"total":28,"covered":28,"skipped":0,"pct":100},"branches":{"total":28,"covered":28,"skipped":0,"pct":100}}
,"C:\\Users\\Ekii\\Desktop\\datazup\\internal-dev\\ui\\dzup-ui\\apps\\landing\\src\\blocks\\data\\FileTree.vue": {"lines":{"total":20,"covered":18,"skipped":0,"pct":90},"functions":{"total":11,"covered":9,"skipped":0,"pct":81.81},"statements":{"total":21,"covered":19,"skipped":0,"pct":90.47},"branches":{"total":14,"covered":12,"skipped":0,"pct":85.71}}
,"C:\\Users\\Ekii\\Desktop\\datazup\\internal-dev\\ui\\dzup-ui\\apps\\landing\\src\\blocks\\data\\Leaderboard.vue": {"lines":{"total":25,"covered":24,"skipped":0,"pct":96},"functions":{"total":15,"covered":15,"skipped":0,"pct":100},"statements":{"total":26,"covered":25,"skipped":0,"pct":96.15},"branches":{"total":14,"covered":13,"skipped":0,"pct":92.85}}
,"C:\\Users\\Ekii\\Desktop\\datazup\\internal-dev\\ui\\dzup-ui\\apps\\landing\\src\\blocks\\data\\ReleaseCountdown.vue": {"lines":{"total":16,"covered":16,"skipped":0,"pct":100},"functions":{"total":5,"covered":5,"skipped":0,"pct":100},"statements":{"total":16,"covered":16,"skipped":0,"pct":100},"branches":{"total":22,"covered":22,"skipped":0,"pct":100}}
,"C:\\Users\\Ekii\\Desktop\\datazup\\internal-dev\\ui\\dzup-ui\\apps\\landing\\src\\blocks\\feedback\\AlertStack.vue": {"lines":{"total":16,"covered":12,"skipped":0,"pct":75},"functions":{"total":13,"covered":9,"skipped":0,"pct":69.23},"statements":{"total":17,"covered":13,"skipped":0,"pct":76.47},"branches":{"total":28,"covered":21,"skipped":0,"pct":75}}
,"C:\\Users\\Ekii\\Desktop\\datazup\\internal-dev\\ui\\dzup-ui\\apps\\landing\\src\\blocks\\feedback\\LoadingStates.vue": {"lines":{"total":28,"covered":22,"skipped":0,"pct":78.57},"functions":{"total":12,"covered":7,"skipped":0,"pct":58.33},"statements":{"total":28,"covered":22,"skipped":0,"pct":78.57},"branches":{"total":21,"covered":11,"skipped":0,"pct":52.38}}
,"C:\\Users\\Ekii\\Desktop\\datazup\\internal-dev\\ui\\dzup-ui\\apps\\landing\\src\\blocks\\feedback\\NotificationCenter.vue": {"lines":{"total":19,"covered":16,"skipped":0,"pct":84.21},"functions":{"total":15,"covered":11,"skipped":0,"pct":73.33},"statements":{"total":21,"covered":17,"skipped":0,"pct":80.95},"branches":{"total":13,"covered":13,"skipped":0,"pct":100}}
,"C:\\Users\\Ekii\\Desktop\\datazup\\internal-dev\\ui\\dzup-ui\\apps\\landing\\src\\blocks\\feedback\\ResultStates.vue": {"lines":{"total":15,"covered":15,"skipped":0,"pct":100},"functions":{"total":12,"covered":12,"skipped":0,"pct":100},"statements":{"total":17,"covered":17,"skipped":0,"pct":100},"branches":{"total":20,"covered":19,"skipped":0,"pct":95}}
,"C:\\Users\\Ekii\\Desktop\\datazup\\internal-dev\\ui\\dzup-ui\\apps\\landing\\src\\blocks\\feedback\\ToastLauncher.vue": {"lines":{"total":12,"covered":12,"skipped":0,"pct":100},"functions":{"total":8,"covered":8,"skipped":0,"pct":100},"statements":{"total":13,"covered":13,"skipped":0,"pct":100},"branches":{"total":4,"covered":4,"skipped":0,"pct":100}}
,"C:\\Users\\Ekii\\Desktop\\datazup\\internal-dev\\ui\\dzup-ui\\apps\\landing\\src\\blocks\\feedback\\UsageMeters.vue": {"lines":{"total":23,"covered":23,"skipped":0,"pct":100},"functions":{"total":12,"covered":12,"skipped":0,"pct":100},"statements":{"total":23,"covered":23,"skipped":0,"pct":100},"branches":{"total":14,"covered":14,"skipped":0,"pct":100}}
,"C:\\Users\\Ekii\\Desktop\\datazup\\internal-dev\\ui\\dzup-ui\\apps\\landing\\src\\blocks\\forms\\AccessTransfer.vue": {"lines":{"total":21,"covered":19,"skipped":0,"pct":90.47},"functions":{"total":14,"covered":12,"skipped":0,"pct":85.71},"statements":{"total":24,"covered":22,"skipped":0,"pct":91.66},"branches":{"total":20,"covered":20,"skipped":0,"pct":100}}
,"C:\\Users\\Ekii\\Desktop\\datazup\\internal-dev\\ui\\dzup-ui\\apps\\landing\\src\\blocks\\forms\\AppearanceEditor.vue": {"lines":{"total":22,"covered":19,"skipped":0,"pct":86.36},"functions":{"total":15,"covered":12,"skipped":0,"pct":80},"statements":{"total":25,"covered":22,"skipped":0,"pct":88},"branches":{"total":24,"covered":24,"skipped":0,"pct":100}}
,"C:\\Users\\Ekii\\Desktop\\datazup\\internal-dev\\ui\\dzup-ui\\apps\\landing\\src\\blocks\\forms\\BookingForm.vue": {"lines":{"total":22,"covered":20,"skipped":0,"pct":90.9},"functions":{"total":19,"covered":16,"skipped":0,"pct":84.21},"statements":{"total":26,"covered":24,"skipped":0,"pct":92.3},"branches":{"total":26,"covered":26,"skipped":0,"pct":100}}
,"C:\\Users\\Ekii\\Desktop\\datazup\\internal-dev\\ui\\dzup-ui\\apps\\landing\\src\\blocks\\forms\\CategoryPicker.vue": {"lines":{"total":21,"covered":17,"skipped":0,"pct":80.95},"functions":{"total":17,"covered":13,"skipped":0,"pct":76.47},"statements":{"total":24,"covered":20,"skipped":0,"pct":83.33},"branches":{"total":26,"covered":26,"skipped":0,"pct":100}}
,"C:\\Users\\Ekii\\Desktop\\datazup\\internal-dev\\ui\\dzup-ui\\apps\\landing\\src\\blocks\\forms\\ContactForm.vue": {"lines":{"total":34,"covered":29,"skipped":0,"pct":85.29},"functions":{"total":23,"covered":19,"skipped":0,"pct":82.6},"statements":{"total":39,"covered":34,"skipped":0,"pct":87.17},"branches":{"total":39,"covered":36,"skipped":0,"pct":92.3}}
,"C:\\Users\\Ekii\\Desktop\\datazup\\internal-dev\\ui\\dzup-ui\\apps\\landing\\src\\blocks\\forms\\FeedbackForm.vue": {"lines":{"total":36,"covered":32,"skipped":0,"pct":88.88},"functions":{"total":27,"covered":23,"skipped":0,"pct":85.18},"statements":{"total":41,"covered":37,"skipped":0,"pct":90.24},"branches":{"total":40,"covered":38,"skipped":0,"pct":95}}
,"C:\\Users\\Ekii\\Desktop\\datazup\\internal-dev\\ui\\dzup-ui\\apps\\landing\\src\\blocks\\forms\\FilterPanel.vue": {"lines":{"total":49,"covered":47,"skipped":0,"pct":95.91},"functions":{"total":23,"covered":21,"skipped":0,"pct":91.3},"statements":{"total":51,"covered":49,"skipped":0,"pct":96.07},"branches":{"total":39,"covered":39,"skipped":0,"pct":100}}
,"C:\\Users\\Ekii\\Desktop\\datazup\\internal-dev\\ui\\dzup-ui\\apps\\landing\\src\\blocks\\forms\\FloatLabelForm.vue": {"lines":{"total":16,"covered":16,"skipped":0,"pct":100},"functions":{"total":13,"covered":9,"skipped":0,"pct":69.23},"statements":{"total":20,"covered":16,"skipped":0,"pct":80},"branches":{"total":16,"covered":16,"skipped":0,"pct":100}}
,"C:\\Users\\Ekii\\Desktop\\datazup\\internal-dev\\ui\\dzup-ui\\apps\\landing\\src\\blocks\\forms\\InvoiceBuilder.vue": {"lines":{"total":35,"covered":32,"skipped":0,"pct":91.42},"functions":{"total":25,"covered":22,"skipped":0,"pct":88},"statements":{"total":36,"covered":33,"skipped":0,"pct":91.66},"branches":{"total":34,"covered":30,"skipped":0,"pct":88.23}}
,"C:\\Users\\Ekii\\Desktop\\datazup\\internal-dev\\ui\\dzup-ui\\apps\\landing\\src\\blocks\\forms\\NewsletterForm.vue": {"lines":{"total":25,"covered":20,"skipped":0,"pct":80},"functions":{"total":14,"covered":10,"skipped":0,"pct":71.42},"statements":{"total":27,"covered":22,"skipped":0,"pct":81.48},"branches":{"total":33,"covered":24,"skipped":0,"pct":72.72}}
,"C:\\Users\\Ekii\\Desktop\\datazup\\internal-dev\\ui\\dzup-ui\\apps\\landing\\src\\blocks\\forms\\PaymentForm.vue": {"lines":{"total":41,"covered":34,"skipped":0,"pct":82.92},"functions":{"total":35,"covered":28,"skipped":0,"pct":80},"statements":{"total":49,"covered":41,"skipped":0,"pct":83.67},"branches":{"total":42,"covered":39,"skipped":0,"pct":92.85}}
,"C:\\Users\\Ekii\\Desktop\\datazup\\internal-dev\\ui\\dzup-ui\\apps\\landing\\src\\blocks\\forms\\ProfileForm.vue": {"lines":{"total":39,"covered":33,"skipped":0,"pct":84.61},"functions":{"total":31,"covered":25,"skipped":0,"pct":80.64},"statements":{"total":46,"covered":40,"skipped":0,"pct":86.95},"branches":{"total":46,"covered":46,"skipped":0,"pct":100}}
,"C:\\Users\\Ekii\\Desktop\\datazup\\internal-dev\\ui\\dzup-ui\\apps\\landing\\src\\blocks\\forms\\RecordForm.vue": {"lines":{"total":27,"covered":24,"skipped":0,"pct":88.88},"functions":{"total":21,"covered":17,"skipped":0,"pct":80.95},"statements":{"total":32,"covered":29,"skipped":0,"pct":90.62},"branches":{"total":30,"covered":30,"skipped":0,"pct":100}}
,"C:\\Users\\Ekii\\Desktop\\datazup\\internal-dev\\ui\\dzup-ui\\apps\\landing\\src\\blocks\\layout\\BentoGrid.vue": {"lines":{"total":32,"covered":32,"skipped":0,"pct":100},"functions":{"total":22,"covered":22,"skipped":0,"pct":100},"statements":{"total":32,"covered":32,"skipped":0,"pct":100},"branches":{"total":22,"covered":22,"skipped":0,"pct":100}}
,"C:\\Users\\Ekii\\Desktop\\datazup\\internal-dev\\ui\\dzup-ui\\apps\\landing\\src\\blocks\\layout\\CollapsibleSections.vue": {"lines":{"total":44,"covered":43,"skipped":0,"pct":97.72},"functions":{"total":37,"covered":36,"skipped":0,"pct":97.29},"statements":{"total":47,"covered":46,"skipped":0,"pct":97.87},"branches":{"total":52,"covered":52,"skipped":0,"pct":100}}
,"C:\\Users\\Ekii\\Desktop\\datazup\\internal-dev\\ui\\dzup-ui\\apps\\landing\\src\\blocks\\layout\\MasonryGallery.vue": {"lines":{"total":16,"covered":16,"skipped":0,"pct":100},"functions":{"total":11,"covered":11,"skipped":0,"pct":100},"statements":{"total":16,"covered":16,"skipped":0,"pct":100},"branches":{"total":7,"covered":7,"skipped":0,"pct":100}}
,"C:\\Users\\Ekii\\Desktop\\datazup\\internal-dev\\ui\\dzup-ui\\apps\\landing\\src\\blocks\\layout\\PageScaffold.vue": {"lines":{"total":52,"covered":52,"skipped":0,"pct":100},"functions":{"total":52,"covered":52,"skipped":0,"pct":100},"statements":{"total":61,"covered":61,"skipped":0,"pct":100},"branches":{"total":44,"covered":44,"skipped":0,"pct":100}}
,"C:\\Users\\Ekii\\Desktop\\datazup\\internal-dev\\ui\\dzup-ui\\apps\\landing\\src\\blocks\\layout\\ResizableWorkspace.vue": {"lines":{"total":19,"covered":19,"skipped":0,"pct":100},"functions":{"total":18,"covered":18,"skipped":0,"pct":100},"statements":{"total":24,"covered":24,"skipped":0,"pct":100},"branches":{"total":16,"covered":16,"skipped":0,"pct":100}}
,"C:\\Users\\Ekii\\Desktop\\datazup\\internal-dev\\ui\\dzup-ui\\apps\\landing\\src\\blocks\\layout\\StickyAside.vue": {"lines":{"total":23,"covered":23,"skipped":0,"pct":100},"functions":{"total":16,"covered":16,"skipped":0,"pct":100},"statements":{"total":23,"covered":23,"skipped":0,"pct":100},"branches":{"total":12,"covered":12,"skipped":0,"pct":100}}
,"C:\\Users\\Ekii\\Desktop\\datazup\\internal-dev\\ui\\dzup-ui\\apps\\landing\\src\\blocks\\layout\\ToolbarCanvas.vue": {"lines":{"total":26,"covered":26,"skipped":0,"pct":100},"functions":{"total":19,"covered":19,"skipped":0,"pct":100},"statements":{"total":30,"covered":30,"skipped":0,"pct":100},"branches":{"total":32,"covered":32,"skipped":0,"pct":100}}
,"C:\\Users\\Ekii\\Desktop\\datazup\\internal-dev\\ui\\dzup-ui\\apps\\landing\\src\\blocks\\marketing\\CtaBand.vue": {"lines":{"total":7,"covered":7,"skipped":0,"pct":100},"functions":{"total":4,"covered":4,"skipped":0,"pct":100},"statements":{"total":7,"covered":7,"skipped":0,"pct":100},"branches":{"total":10,"covered":10,"skipped":0,"pct":100}}
,"C:\\Users\\Ekii\\Desktop\\datazup\\internal-dev\\ui\\dzup-ui\\apps\\landing\\src\\blocks\\marketing\\Faq.vue": {"lines":{"total":12,"covered":12,"skipped":0,"pct":100},"functions":{"total":9,"covered":9,"skipped":0,"pct":100},"statements":{"total":13,"covered":13,"skipped":0,"pct":100},"branches":{"total":6,"covered":6,"skipped":0,"pct":100}}
,"C:\\Users\\Ekii\\Desktop\\datazup\\internal-dev\\ui\\dzup-ui\\apps\\landing\\src\\blocks\\marketing\\FeatureGrid.vue": {"lines":{"total":11,"covered":11,"skipped":0,"pct":100},"functions":{"total":7,"covered":7,"skipped":0,"pct":100},"statements":{"total":11,"covered":11,"skipped":0,"pct":100},"branches":{"total":4,"covered":4,"skipped":0,"pct":100}}
,"C:\\Users\\Ekii\\Desktop\\datazup\\internal-dev\\ui\\dzup-ui\\apps\\landing\\src\\blocks\\marketing\\Footer.vue": {"lines":{"total":16,"covered":16,"skipped":0,"pct":100},"functions":{"total":7,"covered":7,"skipped":0,"pct":100},"statements":{"total":16,"covered":16,"skipped":0,"pct":100},"branches":{"total":4,"covered":4,"skipped":0,"pct":100}}
,"C:\\Users\\Ekii\\Desktop\\datazup\\internal-dev\\ui\\dzup-ui\\apps\\landing\\src\\blocks\\marketing\\HeroCentered.vue": {"lines":{"total":8,"covered":8,"skipped":0,"pct":100},"functions":{"total":5,"covered":5,"skipped":0,"pct":100},"statements":{"total":8,"covered":8,"skipped":0,"pct":100},"branches":{"total":12,"covered":12,"skipped":0,"pct":100}}
,"C:\\Users\\Ekii\\Desktop\\datazup\\internal-dev\\ui\\dzup-ui\\apps\\landing\\src\\blocks\\marketing\\HeroSplit.vue": {"lines":{"total":11,"covered":11,"skipped":0,"pct":100},"functions":{"total":6,"covered":6,"skipped":0,"pct":100},"statements":{"total":11,"covered":11,"skipped":0,"pct":100},"branches":{"total":12,"covered":12,"skipped":0,"pct":100}}
,"C:\\Users\\Ekii\\Desktop\\datazup\\internal-dev\\ui\\dzup-ui\\apps\\landing\\src\\blocks\\marketing\\NavBar.vue": {"lines":{"total":24,"covered":21,"skipped":0,"pct":87.5},"functions":{"total":16,"covered":13,"skipped":0,"pct":81.25},"statements":{"total":25,"covered":22,"skipped":0,"pct":88},"branches":{"total":18,"covered":18,"skipped":0,"pct":100}}
,"C:\\Users\\Ekii\\Desktop\\datazup\\internal-dev\\ui\\dzup-ui\\apps\\landing\\src\\blocks\\marketing\\PricingThree.vue": {"lines":{"total":19,"covered":19,"skipped":0,"pct":100},"functions":{"total":13,"covered":13,"skipped":0,"pct":100},"statements":{"total":19,"covered":19,"skipped":0,"pct":100},"branches":{"total":15,"covered":15,"skipped":0,"pct":100}}
,"C:\\Users\\Ekii\\Desktop\\datazup\\internal-dev\\ui\\dzup-ui\\apps\\landing\\src\\blocks\\marketing\\StatsBand.vue": {"lines":{"total":5,"covered":5,"skipped":0,"pct":100},"functions":{"total":2,"covered":2,"skipped":0,"pct":100},"statements":{"total":5,"covered":5,"skipped":0,"pct":100},"branches":{"total":0,"covered":0,"skipped":0,"pct":100}}
,"C:\\Users\\Ekii\\Desktop\\datazup\\internal-dev\\ui\\dzup-ui\\apps\\landing\\src\\blocks\\marketing\\Testimonials.vue": {"lines":{"total":13,"covered":13,"skipped":0,"pct":100},"functions":{"total":7,"covered":7,"skipped":0,"pct":100},"statements":{"total":13,"covered":13,"skipped":0,"pct":100},"branches":{"total":4,"covered":4,"skipped":0,"pct":100}}
,"C:\\Users\\Ekii\\Desktop\\datazup\\internal-dev\\ui\\dzup-ui\\apps\\landing\\src\\blocks\\media\\BeforeAfter.vue": {"lines":{"total":12,"covered":11,"skipped":0,"pct":91.66},"functions":{"total":6,"covered":5,"skipped":0,"pct":83.33},"statements":{"total":12,"covered":11,"skipped":0,"pct":91.66},"branches":{"total":10,"covered":10,"skipped":0,"pct":100}}
,"C:\\Users\\Ekii\\Desktop\\datazup\\internal-dev\\ui\\dzup-ui\\apps\\landing\\src\\blocks\\media\\CarouselShowcase.vue": {"lines":{"total":16,"covered":16,"skipped":0,"pct":100},"functions":{"total":10,"covered":10,"skipped":0,"pct":100},"statements":{"total":17,"covered":17,"skipped":0,"pct":100},"branches":{"total":8,"covered":8,"skipped":0,"pct":100}}
,"C:\\Users\\Ekii\\Desktop\\datazup\\internal-dev\\ui\\dzup-ui\\apps\\landing\\src\\blocks\\media\\Gallery.vue": {"lines":{"total":16,"covered":15,"skipped":0,"pct":93.75},"functions":{"total":8,"covered":7,"skipped":0,"pct":87.5},"statements":{"total":16,"covered":15,"skipped":0,"pct":93.75},"branches":{"total":12,"covered":12,"skipped":0,"pct":100}}
,"C:\\Users\\Ekii\\Desktop\\datazup\\internal-dev\\ui\\dzup-ui\\apps\\landing\\src\\blocks\\media\\ProtectedPreview.vue": {"lines":{"total":13,"covered":13,"skipped":0,"pct":100},"functions":{"total":7,"covered":7,"skipped":0,"pct":100},"statements":{"total":13,"covered":13,"skipped":0,"pct":100},"branches":{"total":12,"covered":12,"skipped":0,"pct":100}}
,"C:\\Users\\Ekii\\Desktop\\datazup\\internal-dev\\ui\\dzup-ui\\apps\\landing\\src\\blocks\\media\\QrShareCard.vue": {"lines":{"total":18,"covered":17,"skipped":0,"pct":94.44},"functions":{"total":9,"covered":8,"skipped":0,"pct":88.88},"statements":{"total":18,"covered":17,"skipped":0,"pct":94.44},"branches":{"total":14,"covered":14,"skipped":0,"pct":100}}
,"C:\\Users\\Ekii\\Desktop\\datazup\\internal-dev\\ui\\dzup-ui\\apps\\landing\\src\\blocks\\media\\TeamAvatars.vue": {"lines":{"total":16,"covered":16,"skipped":0,"pct":100},"functions":{"total":9,"covered":9,"skipped":0,"pct":100},"statements":{"total":16,"covered":16,"skipped":0,"pct":100},"branches":{"total":14,"covered":14,"skipped":0,"pct":100}}
,"C:\\Users\\Ekii\\Desktop\\datazup\\internal-dev\\ui\\dzup-ui\\apps\\landing\\src\\blocks\\overlays\\AccountMenu.vue": {"lines":{"total":42,"covered":33,"skipped":0,"pct":78.57},"functions":{"total":34,"covered":25,"skipped":0,"pct":73.52},"statements":{"total":42,"covered":33,"skipped":0,"pct":78.57},"branches":{"total":46,"covered":43,"skipped":0,"pct":93.47}}
,"C:\\Users\\Ekii\\Desktop\\datazup\\internal-dev\\ui\\dzup-ui\\apps\\landing\\src\\blocks\\overlays\\CommandMenu.vue": {"lines":{"total":13,"covered":10,"skipped":0,"pct":76.92},"functions":{"total":7,"covered":4,"skipped":0,"pct":57.14},"statements":{"total":13,"covered":10,"skipped":0,"pct":76.92},"branches":{"total":16,"covered":13,"skipped":0,"pct":81.25}}
,"C:\\Users\\Ekii\\Desktop\\datazup\\internal-dev\\ui\\dzup-ui\\apps\\landing\\src\\blocks\\overlays\\ConfirmActions.vue": {"lines":{"total":46,"covered":33,"skipped":0,"pct":71.73},"functions":{"total":27,"covered":18,"skipped":0,"pct":66.66},"statements":{"total":47,"covered":33,"skipped":0,"pct":70.21},"branches":{"total":33,"covered":29,"skipped":0,"pct":87.87}}
,"C:\\Users\\Ekii\\Desktop\\datazup\\internal-dev\\ui\\dzup-ui\\apps\\landing\\src\\blocks\\overlays\\ContextMenuBoard.vue": {"lines":{"total":39,"covered":37,"skipped":0,"pct":94.87},"functions":{"total":35,"covered":33,"skipped":0,"pct":94.28},"statements":{"total":39,"covered":37,"skipped":0,"pct":94.87},"branches":{"total":36,"covered":36,"skipped":0,"pct":100}}
,"C:\\Users\\Ekii\\Desktop\\datazup\\internal-dev\\ui\\dzup-ui\\apps\\landing\\src\\blocks\\overlays\\CreateDialog.vue": {"lines":{"total":40,"covered":25,"skipped":0,"pct":62.5},"functions":{"total":28,"covered":20,"skipped":0,"pct":71.42},"statements":{"total":45,"covered":30,"skipped":0,"pct":66.66},"branches":{"total":34,"covered":31,"skipped":0,"pct":91.17}}
,"C:\\Users\\Ekii\\Desktop\\datazup\\internal-dev\\ui\\dzup-ui\\apps\\landing\\src\\blocks\\overlays\\DetailSheet.vue": {"lines":{"total":45,"covered":44,"skipped":0,"pct":97.77},"functions":{"total":30,"covered":29,"skipped":0,"pct":96.66},"statements":{"total":46,"covered":45,"skipped":0,"pct":97.82},"branches":{"total":16,"covered":16,"skipped":0,"pct":100}}
,"C:\\Users\\Ekii\\Desktop\\datazup\\internal-dev\\ui\\dzup-ui\\apps\\landing\\src\\blocks\\overlays\\InfoPopovers.vue": {"lines":{"total":54,"covered":43,"skipped":0,"pct":79.62},"functions":{"total":32,"covered":24,"skipped":0,"pct":75},"statements":{"total":54,"covered":43,"skipped":0,"pct":79.62},"branches":{"total":43,"covered":39,"skipped":0,"pct":90.69}}
,"C:\\Users\\Ekii\\Desktop\\datazup\\internal-dev\\ui\\dzup-ui\\apps\\landing\\src\\blocks\\overlays\\ProductTour.vue": {"lines":{"total":35,"covered":28,"skipped":0,"pct":80},"functions":{"total":21,"covered":15,"skipped":0,"pct":71.42},"statements":{"total":35,"covered":28,"skipped":0,"pct":80},"branches":{"total":33,"covered":30,"skipped":0,"pct":90.9}}
,"C:\\Users\\Ekii\\Desktop\\datazup\\internal-dev\\ui\\dzup-ui\\apps\\landing\\src\\blocks\\overlays\\TooltipToolbar.vue": {"lines":{"total":16,"covered":15,"skipped":0,"pct":93.75},"functions":{"total":9,"covered":8,"skipped":0,"pct":88.88},"statements":{"total":16,"covered":15,"skipped":0,"pct":93.75},"branches":{"total":14,"covered":14,"skipped":0,"pct":100}}
,"C:\\Users\\Ekii\\Desktop\\datazup\\internal-dev\\ui\\dzup-ui\\apps\\landing\\src\\components\\AnnouncementBanner.vue": {"lines":{"total":17,"covered":14,"skipped":0,"pct":82.35},"functions":{"total":3,"covered":3,"skipped":0,"pct":100},"statements":{"total":17,"covered":14,"skipped":0,"pct":82.35},"branches":{"total":25,"covered":16,"skipped":0,"pct":64}}
,"C:\\Users\\Ekii\\Desktop\\datazup\\internal-dev\\ui\\dzup-ui\\apps\\landing\\src\\components\\CommunityCTA.vue": {"lines":{"total":12,"covered":12,"skipped":0,"pct":100},"functions":{"total":8,"covered":8,"skipped":0,"pct":100},"statements":{"total":12,"covered":12,"skipped":0,"pct":100},"branches":{"total":16,"covered":16,"skipped":0,"pct":100}}
,"C:\\Users\\Ekii\\Desktop\\datazup\\internal-dev\\ui\\dzup-ui\\apps\\landing\\src\\components\\ComponentGallery.vue": {"lines":{"total":8,"covered":8,"skipped":0,"pct":100},"functions":{"total":3,"covered":3,"skipped":0,"pct":100},"statements":{"total":8,"covered":8,"skipped":0,"pct":100},"branches":{"total":2,"covered":2,"skipped":0,"pct":100}}
,"C:\\Users\\Ekii\\Desktop\\datazup\\internal-dev\\ui\\dzup-ui\\apps\\landing\\src\\components\\EcosystemGrid.vue": {"lines":{"total":16,"covered":16,"skipped":0,"pct":100},"functions":{"total":11,"covered":11,"skipped":0,"pct":100},"statements":{"total":17,"covered":17,"skipped":0,"pct":100},"branches":{"total":17,"covered":14,"skipped":0,"pct":82.35}}
,"C:\\Users\\Ekii\\Desktop\\datazup\\internal-dev\\ui\\dzup-ui\\apps\\landing\\src\\components\\FamilyPreview.vue": {"lines":{"total":47,"covered":41,"skipped":0,"pct":87.23},"functions":{"total":31,"covered":25,"skipped":0,"pct":80.64},"statements":{"total":48,"covered":42,"skipped":0,"pct":87.5},"branches":{"total":84,"covered":83,"skipped":0,"pct":98.8}}
,"C:\\Users\\Ekii\\Desktop\\datazup\\internal-dev\\ui\\dzup-ui\\apps\\landing\\src\\components\\FeatureGrid.vue": {"lines":{"total":19,"covered":18,"skipped":0,"pct":94.73},"functions":{"total":11,"covered":10,"skipped":0,"pct":90.9},"statements":{"total":19,"covered":18,"skipped":0,"pct":94.73},"branches":{"total":10,"covered":10,"skipped":0,"pct":100}}
,"C:\\Users\\Ekii\\Desktop\\datazup\\internal-dev\\ui\\dzup-ui\\apps\\landing\\src\\components\\Footer.vue": {"lines":{"total":15,"covered":15,"skipped":0,"pct":100},"functions":{"total":6,"covered":6,"skipped":0,"pct":100},"statements":{"total":16,"covered":16,"skipped":0,"pct":100},"branches":{"total":10,"covered":10,"skipped":0,"pct":100}}
,"C:\\Users\\Ekii\\Desktop\\datazup\\internal-dev\\ui\\dzup-ui\\apps\\landing\\src\\components\\FreeVsPro.vue": {"lines":{"total":26,"covered":26,"skipped":0,"pct":100},"functions":{"total":14,"covered":14,"skipped":0,"pct":100},"statements":{"total":26,"covered":26,"skipped":0,"pct":100},"branches":{"total":22,"covered":22,"skipped":0,"pct":100}}
,"C:\\Users\\Ekii\\Desktop\\datazup\\internal-dev\\ui\\dzup-ui\\apps\\landing\\src\\components\\GlobalCommandPalette.vue": {"lines":{"total":23,"covered":9,"skipped":0,"pct":39.13},"functions":{"total":10,"covered":2,"skipped":0,"pct":20},"statements":{"total":24,"covered":10,"skipped":0,"pct":41.66},"branches":{"total":16,"covered":0,"skipped":0,"pct":0}}
,"C:\\Users\\Ekii\\Desktop\\datazup\\internal-dev\\ui\\dzup-ui\\apps\\landing\\src\\components\\Hero.vue": {"lines":{"total":25,"covered":24,"skipped":0,"pct":96},"functions":{"total":9,"covered":8,"skipped":0,"pct":88.88},"statements":{"total":26,"covered":25,"skipped":0,"pct":96.15},"branches":{"total":21,"covered":16,"skipped":0,"pct":76.19}}
,"C:\\Users\\Ekii\\Desktop\\datazup\\internal-dev\\ui\\dzup-ui\\apps\\landing\\src\\components\\HeroCodePanel.vue": {"lines":{"total":8,"covered":8,"skipped":0,"pct":100},"functions":{"total":0,"covered":0,"skipped":0,"pct":100},"statements":{"total":9,"covered":9,"skipped":0,"pct":100},"branches":{"total":8,"covered":8,"skipped":0,"pct":100}}
,"C:\\Users\\Ekii\\Desktop\\datazup\\internal-dev\\ui\\dzup-ui\\apps\\landing\\src\\components\\HomeTestimonials.vue": {"lines":{"total":12,"covered":12,"skipped":0,"pct":100},"functions":{"total":6,"covered":6,"skipped":0,"pct":100},"statements":{"total":12,"covered":12,"skipped":0,"pct":100},"branches":{"total":3,"covered":2,"skipped":0,"pct":66.66}}
,"C:\\Users\\Ekii\\Desktop\\datazup\\internal-dev\\ui\\dzup-ui\\apps\\landing\\src\\components\\LazySection.vue": {"lines":{"total":4,"covered":4,"skipped":0,"pct":100},"functions":{"total":1,"covered":1,"skipped":0,"pct":100},"statements":{"total":5,"covered":5,"skipped":0,"pct":100},"branches":{"total":2,"covered":2,"skipped":0,"pct":100}}
,"C:\\Users\\Ekii\\Desktop\\datazup\\internal-dev\\ui\\dzup-ui\\apps\\landing\\src\\components\\RethemeButton.vue": {"lines":{"total":4,"covered":3,"skipped":0,"pct":75},"functions":{"total":2,"covered":1,"skipped":0,"pct":50},"statements":{"total":5,"covered":4,"skipped":0,"pct":80},"branches":{"total":12,"covered":8,"skipped":0,"pct":66.66}}
,"C:\\Users\\Ekii\\Desktop\\datazup\\internal-dev\\ui\\dzup-ui\\apps\\landing\\src\\components\\Section.vue": {"lines":{"total":4,"covered":4,"skipped":0,"pct":100},"functions":{"total":2,"covered":2,"skipped":0,"pct":100},"statements":{"total":4,"covered":4,"skipped":0,"pct":100},"branches":{"total":8,"covered":8,"skipped":0,"pct":100}}
,"C:\\Users\\Ekii\\Desktop\\datazup\\internal-dev\\ui\\dzup-ui\\apps\\landing\\src\\components\\ShowcaseDashboard.vue": {"lines":{"total":21,"covered":19,"skipped":0,"pct":90.47},"functions":{"total":6,"covered":4,"skipped":0,"pct":66.66},"statements":{"total":22,"covered":20,"skipped":0,"pct":90.9},"branches":{"total":22,"covered":11,"skipped":0,"pct":50}}
,"C:\\Users\\Ekii\\Desktop\\datazup\\internal-dev\\ui\\dzup-ui\\apps\\landing\\src\\components\\ShowcaseFrame.vue": {"lines":{"total":64,"covered":61,"skipped":0,"pct":95.31},"functions":{"total":45,"covered":42,"skipped":0,"pct":93.33},"statements":{"total":69,"covered":66,"skipped":0,"pct":95.65},"branches":{"total":47,"covered":47,"skipped":0,"pct":100}}
,"C:\\Users\\Ekii\\Desktop\\datazup\\internal-dev\\ui\\dzup-ui\\apps\\landing\\src\\components\\SocialProof.vue": {"lines":{"total":13,"covered":13,"skipped":0,"pct":100},"functions":{"total":7,"covered":7,"skipped":0,"pct":100},"statements":{"total":13,"covered":13,"skipped":0,"pct":100},"branches":{"total":26,"covered":26,"skipped":0,"pct":100}}
,"C:\\Users\\Ekii\\Desktop\\datazup\\internal-dev\\ui\\dzup-ui\\apps\\landing\\src\\components\\ThemeRecipeController.ts": {"lines":{"total":41,"covered":30,"skipped":0,"pct":73.17},"functions":{"total":8,"covered":6,"skipped":0,"pct":75},"statements":{"total":42,"covered":31,"skipped":0,"pct":73.8},"branches":{"total":20,"covered":10,"skipped":0,"pct":50}}
,"C:\\Users\\Ekii\\Desktop\\datazup\\internal-dev\\ui\\dzup-ui\\apps\\landing\\src\\components\\ThemeToggle.vue": {"lines":{"total":4,"covered":4,"skipped":0,"pct":100},"functions":{"total":1,"covered":1,"skipped":0,"pct":100},"statements":{"total":4,"covered":4,"skipped":0,"pct":100},"branches":{"total":2,"covered":1,"skipped":0,"pct":50}}
,"C:\\Users\\Ekii\\Desktop\\datazup\\internal-dev\\ui\\dzup-ui\\apps\\landing\\src\\components\\ThemingDemo.vue": {"lines":{"total":55,"covered":42,"skipped":0,"pct":76.36},"functions":{"total":29,"covered":18,"skipped":0,"pct":62.06},"statements":{"total":61,"covered":45,"skipped":0,"pct":73.77},"branches":{"total":42,"covered":40,"skipped":0,"pct":95.23}}
,"C:\\Users\\Ekii\\Desktop\\datazup\\internal-dev\\ui\\dzup-ui\\apps\\landing\\src\\components\\TopNav.vue": {"lines":{"total":49,"covered":48,"skipped":0,"pct":97.95},"functions":{"total":30,"covered":30,"skipped":0,"pct":100},"statements":{"total":52,"covered":51,"skipped":0,"pct":98.07},"branches":{"total":34,"covered":28,"skipped":0,"pct":82.35}}
,"C:\\Users\\Ekii\\Desktop\\datazup\\internal-dev\\ui\\dzup-ui\\apps\\landing\\src\\components\\animations\\AnimationsFinale.vue": {"lines":{"total":19,"covered":18,"skipped":0,"pct":94.73},"functions":{"total":9,"covered":9,"skipped":0,"pct":100},"statements":{"total":20,"covered":19,"skipped":0,"pct":95},"branches":{"total":20,"covered":19,"skipped":0,"pct":95}}
,"C:\\Users\\Ekii\\Desktop\\datazup\\internal-dev\\ui\\dzup-ui\\apps\\landing\\src\\components\\animations\\AnimationsHeroField.vue": {"lines":{"total":12,"covered":12,"skipped":0,"pct":100},"functions":{"total":6,"covered":6,"skipped":0,"pct":100},"statements":{"total":12,"covered":12,"skipped":0,"pct":100},"branches":{"total":7,"covered":7,"skipped":0,"pct":100}}
,"C:\\Users\\Ekii\\Desktop\\datazup\\internal-dev\\ui\\dzup-ui\\apps\\landing\\src\\components\\async\\AsyncError.vue": {"lines":{"total":4,"covered":3,"skipped":0,"pct":75},"functions":{"total":3,"covered":2,"skipped":0,"pct":66.66},"statements":{"total":4,"covered":3,"skipped":0,"pct":75},"branches":{"total":4,"covered":4,"skipped":0,"pct":100}}
,"C:\\Users\\Ekii\\Desktop\\datazup\\internal-dev\\ui\\dzup-ui\\apps\\landing\\src\\components\\async\\AsyncLoading.vue": {"lines":{"total":1,"covered":1,"skipped":0,"pct":100},"functions":{"total":0,"covered":0,"skipped":0,"pct":100},"statements":{"total":1,"covered":1,"skipped":0,"pct":100},"branches":{"total":0,"covered":0,"skipped":0,"pct":100}}
,"C:\\Users\\Ekii\\Desktop\\datazup\\internal-dev\\ui\\dzup-ui\\apps\\landing\\src\\components\\blocks\\BlockAiCallout.vue": {"lines":{"total":20,"covered":20,"skipped":0,"pct":100},"functions":{"total":15,"covered":15,"skipped":0,"pct":100},"statements":{"total":24,"covered":24,"skipped":0,"pct":100},"branches":{"total":14,"covered":14,"skipped":0,"pct":100}}
,"C:\\Users\\Ekii\\Desktop\\datazup\\internal-dev\\ui\\dzup-ui\\apps\\landing\\src\\components\\blocks\\BlockCard.vue": {"lines":{"total":22,"covered":18,"skipped":0,"pct":81.81},"functions":{"total":9,"covered":8,"skipped":0,"pct":88.88},"statements":{"total":23,"covered":19,"skipped":0,"pct":82.6},"branches":{"total":18,"covered":11,"skipped":0,"pct":61.11}}
,"C:\\Users\\Ekii\\Desktop\\datazup\\internal-dev\\ui\\dzup-ui\\apps\\landing\\src\\components\\blocks\\BlockCardArt.vue": {"lines":{"total":38,"covered":35,"skipped":0,"pct":92.1},"functions":{"total":6,"covered":5,"skipped":0,"pct":83.33},"statements":{"total":39,"covered":35,"skipped":0,"pct":89.74},"branches":{"total":13,"covered":7,"skipped":0,"pct":53.84}}
,"C:\\Users\\Ekii\\Desktop\\datazup\\internal-dev\\ui\\dzup-ui\\apps\\landing\\src\\components\\blocks\\BlockCategoryNav.vue": {"lines":{"total":75,"covered":72,"skipped":0,"pct":96},"functions":{"total":19,"covered":18,"skipped":0,"pct":94.73},"statements":{"total":78,"covered":74,"skipped":0,"pct":94.87},"branches":{"total":37,"covered":33,"skipped":0,"pct":89.18}}
,"C:\\Users\\Ekii\\Desktop\\datazup\\internal-dev\\ui\\dzup-ui\\apps\\landing\\src\\components\\blocks\\BlockCommandPalette.vue": {"lines":{"total":49,"covered":29,"skipped":0,"pct":59.18},"functions":{"total":17,"covered":13,"skipped":0,"pct":76.47},"statements":{"total":52,"covered":32,"skipped":0,"pct":61.53},"branches":{"total":45,"covered":16,"skipped":0,"pct":35.55}}
,"C:\\Users\\Ekii\\Desktop\\datazup\\internal-dev\\ui\\dzup-ui\\apps\\landing\\src\\components\\blocks\\BlockManifest.vue": {"lines":{"total":16,"covered":12,"skipped":0,"pct":75},"functions":{"total":10,"covered":6,"skipped":0,"pct":60},"statements":{"total":18,"covered":14,"skipped":0,"pct":77.77},"branches":{"total":18,"covered":11,"skipped":0,"pct":61.11}}
,"C:\\Users\\Ekii\\Desktop\\datazup\\internal-dev\\ui\\dzup-ui\\apps\\landing\\src\\components\\blocks\\BlockPreview.vue": {"lines":{"total":226,"covered":203,"skipped":0,"pct":89.82},"functions":{"total":94,"covered":78,"skipped":0,"pct":82.97},"statements":{"total":236,"covered":213,"skipped":0,"pct":90.25},"branches":{"total":152,"covered":117,"skipped":0,"pct":76.97}}
,"C:\\Users\\Ekii\\Desktop\\datazup\\internal-dev\\ui\\dzup-ui\\apps\\landing\\src\\components\\blocks\\BlockSearchBar.vue": {"lines":{"total":27,"covered":26,"skipped":0,"pct":96.29},"functions":{"total":14,"covered":13,"skipped":0,"pct":92.85},"statements":{"total":29,"covered":28,"skipped":0,"pct":96.55},"branches":{"total":24,"covered":23,"skipped":0,"pct":95.83}}
,"C:\\Users\\Ekii\\Desktop\\datazup\\internal-dev\\ui\\dzup-ui\\apps\\landing\\src\\components\\blocks\\BlockThemeToolbar.vue": {"lines":{"total":26,"covered":24,"skipped":0,"pct":92.3},"functions":{"total":13,"covered":11,"skipped":0,"pct":84.61},"statements":{"total":27,"covered":25,"skipped":0,"pct":92.59},"branches":{"total":21,"covered":19,"skipped":0,"pct":90.47}}
,"C:\\Users\\Ekii\\Desktop\\datazup\\internal-dev\\ui\\dzup-ui\\apps\\landing\\src\\components\\blocks\\BlockTrustMarks.vue": {"lines":{"total":6,"covered":6,"skipped":0,"pct":100},"functions":{"total":2,"covered":2,"skipped":0,"pct":100},"statements":{"total":6,"covered":6,"skipped":0,"pct":100},"branches":{"total":1,"covered":1,"skipped":0,"pct":100}}
,"C:\\Users\\Ekii\\Desktop\\datazup\\internal-dev\\ui\\dzup-ui\\apps\\landing\\src\\components\\blocks\\BlocksHeroField.vue": {"lines":{"total":8,"covered":8,"skipped":0,"pct":100},"functions":{"total":4,"covered":4,"skipped":0,"pct":100},"statements":{"total":9,"covered":9,"skipped":0,"pct":100},"branches":{"total":1,"covered":1,"skipped":0,"pct":100}}
,"C:\\Users\\Ekii\\Desktop\\datazup\\internal-dev\\ui\\dzup-ui\\apps\\landing\\src\\components\\blocks\\LazyBlockPreview.vue": {"lines":{"total":11,"covered":10,"skipped":0,"pct":90.9},"functions":{"total":3,"covered":2,"skipped":0,"pct":66.66},"statements":{"total":13,"covered":12,"skipped":0,"pct":92.3},"branches":{"total":6,"covered":6,"skipped":0,"pct":100}}
,"C:\\Users\\Ekii\\Desktop\\datazup\\internal-dev\\ui\\dzup-ui\\apps\\landing\\src\\components\\blocks\\PmCommandTabs.vue": {"lines":{"total":7,"covered":7,"skipped":0,"pct":100},"functions":{"total":7,"covered":6,"skipped":0,"pct":85.71},"statements":{"total":9,"covered":8,"skipped":0,"pct":88.88},"branches":{"total":8,"covered":6,"skipped":0,"pct":75}}
,"C:\\Users\\Ekii\\Desktop\\datazup\\internal-dev\\ui\\dzup-ui\\apps\\landing\\src\\components\\home\\CommunityCTAV2.vue": {"lines":{"total":12,"covered":12,"skipped":0,"pct":100},"functions":{"total":8,"covered":8,"skipped":0,"pct":100},"statements":{"total":12,"covered":12,"skipped":0,"pct":100},"branches":{"total":16,"covered":16,"skipped":0,"pct":100}}
,"C:\\Users\\Ekii\\Desktop\\datazup\\internal-dev\\ui\\dzup-ui\\apps\\landing\\src\\components\\home\\EcosystemConstellation.vue": {"lines":{"total":37,"covered":36,"skipped":0,"pct":97.29},"functions":{"total":24,"covered":23,"skipped":0,"pct":95.83},"statements":{"total":43,"covered":42,"skipped":0,"pct":97.67},"branches":{"total":39,"covered":34,"skipped":0,"pct":87.17}}
,"C:\\Users\\Ekii\\Desktop\\datazup\\internal-dev\\ui\\dzup-ui\\apps\\landing\\src\\components\\home\\FeatureBento.vue": {"lines":{"total":22,"covered":22,"skipped":0,"pct":100},"functions":{"total":13,"covered":13,"skipped":0,"pct":100},"statements":{"total":23,"covered":23,"skipped":0,"pct":100},"branches":{"total":12,"covered":12,"skipped":0,"pct":100}}
,"C:\\Users\\Ekii\\Desktop\\datazup\\internal-dev\\ui\\dzup-ui\\apps\\landing\\src\\components\\home\\FreeVsProV2.vue": {"lines":{"total":26,"covered":26,"skipped":0,"pct":100},"functions":{"total":15,"covered":15,"skipped":0,"pct":100},"statements":{"total":27,"covered":27,"skipped":0,"pct":100},"branches":{"total":22,"covered":22,"skipped":0,"pct":100}}
,"C:\\Users\\Ekii\\Desktop\\datazup\\internal-dev\\ui\\dzup-ui\\apps\\landing\\src\\components\\home\\HeroV2.vue": {"lines":{"total":39,"covered":37,"skipped":0,"pct":94.87},"functions":{"total":14,"covered":13,"skipped":0,"pct":92.85},"statements":{"total":41,"covered":39,"skipped":0,"pct":95.12},"branches":{"total":25,"covered":22,"skipped":0,"pct":88}}
,"C:\\Users\\Ekii\\Desktop\\datazup\\internal-dev\\ui\\dzup-ui\\apps\\landing\\src\\components\\home\\ScrollProgressBar.vue": {"lines":{"total":3,"covered":3,"skipped":0,"pct":100},"functions":{"total":1,"covered":1,"skipped":0,"pct":100},"statements":{"total":4,"covered":4,"skipped":0,"pct":100},"branches":{"total":0,"covered":0,"skipped":0,"pct":100}}
,"C:\\Users\\Ekii\\Desktop\\datazup\\internal-dev\\ui\\dzup-ui\\apps\\landing\\src\\components\\home\\ShowcaseSection.vue": {"lines":{"total":10,"covered":10,"skipped":0,"pct":100},"functions":{"total":2,"covered":2,"skipped":0,"pct":100},"statements":{"total":10,"covered":10,"skipped":0,"pct":100},"branches":{"total":2,"covered":2,"skipped":0,"pct":100}}
,"C:\\Users\\Ekii\\Desktop\\datazup\\internal-dev\\ui\\dzup-ui\\apps\\landing\\src\\components\\home\\StatsSection.vue": {"lines":{"total":13,"covered":13,"skipped":0,"pct":100},"functions":{"total":7,"covered":7,"skipped":0,"pct":100},"statements":{"total":13,"covered":13,"skipped":0,"pct":100},"branches":{"total":26,"covered":19,"skipped":0,"pct":73.07}}
,"C:\\Users\\Ekii\\Desktop\\datazup\\internal-dev\\ui\\dzup-ui\\apps\\landing\\src\\components\\home\\TemplateWall.vue": {"lines":{"total":19,"covered":19,"skipped":0,"pct":100},"functions":{"total":8,"covered":8,"skipped":0,"pct":100},"statements":{"total":19,"covered":19,"skipped":0,"pct":100},"branches":{"total":4,"covered":2,"skipped":0,"pct":50}}
,"C:\\Users\\Ekii\\Desktop\\datazup\\internal-dev\\ui\\dzup-ui\\apps\\landing\\src\\components\\home\\showcaseRise.ts": {"lines":{"total":15,"covered":15,"skipped":0,"pct":100},"functions":{"total":1,"covered":1,"skipped":0,"pct":100},"statements":{"total":15,"covered":15,"skipped":0,"pct":100},"branches":{"total":4,"covered":4,"skipped":0,"pct":100}}
,"C:\\Users\\Ekii\\Desktop\\datazup\\internal-dev\\ui\\dzup-ui\\apps\\landing\\src\\components\\home\\templateWall.ts": {"lines":{"total":8,"covered":8,"skipped":0,"pct":100},"functions":{"total":3,"covered":3,"skipped":0,"pct":100},"statements":{"total":9,"covered":9,"skipped":0,"pct":100},"branches":{"total":4,"covered":3,"skipped":0,"pct":75}}
,"C:\\Users\\Ekii\\Desktop\\datazup\\internal-dev\\ui\\dzup-ui\\apps\\landing\\src\\components\\templates\\TemplatesHeroField.vue": {"lines":{"total":12,"covered":12,"skipped":0,"pct":100},"functions":{"total":7,"covered":7,"skipped":0,"pct":100},"statements":{"total":14,"covered":14,"skipped":0,"pct":100},"branches":{"total":3,"covered":3,"skipped":0,"pct":100}}
,"C:\\Users\\Ekii\\Desktop\\datazup\\internal-dev\\ui\\dzup-ui\\apps\\landing\\src\\components\\themes\\ThemeImageLab.vue": {"lines":{"total":80,"covered":64,"skipped":0,"pct":80},"functions":{"total":17,"covered":13,"skipped":0,"pct":76.47},"statements":{"total":82,"covered":65,"skipped":0,"pct":79.26},"branches":{"total":28,"covered":22,"skipped":0,"pct":78.57}}
,"C:\\Users\\Ekii\\Desktop\\datazup\\internal-dev\\ui\\dzup-ui\\apps\\landing\\src\\components\\themes\\ThemePreviewCluster.vue": {"lines":{"total":59,"covered":56,"skipped":0,"pct":94.91},"functions":{"total":44,"covered":41,"skipped":0,"pct":93.18},"statements":{"total":62,"covered":59,"skipped":0,"pct":95.16},"branches":{"total":48,"covered":48,"skipped":0,"pct":100}}
,"C:\\Users\\Ekii\\Desktop\\datazup\\internal-dev\\ui\\dzup-ui\\apps\\landing\\src\\components\\themes\\ThemesFinale.vue": {"lines":{"total":25,"covered":25,"skipped":0,"pct":100},"functions":{"total":13,"covered":13,"skipped":0,"pct":100},"statements":{"total":26,"covered":26,"skipped":0,"pct":100},"branches":{"total":24,"covered":24,"skipped":0,"pct":100}}
,"C:\\Users\\Ekii\\Desktop\\datazup\\internal-dev\\ui\\dzup-ui\\apps\\landing\\src\\components\\themes\\ThemesHeroField.vue": {"lines":{"total":9,"covered":9,"skipped":0,"pct":100},"functions":{"total":3,"covered":3,"skipped":0,"pct":100},"statements":{"total":9,"covered":9,"skipped":0,"pct":100},"branches":{"total":1,"covered":1,"skipped":0,"pct":100}}
,"C:\\Users\\Ekii\\Desktop\\datazup\\internal-dev\\ui\\dzup-ui\\apps\\landing\\src\\components\\themes\\themeImageSampling.ts": {"lines":{"total":26,"covered":26,"skipped":0,"pct":100},"functions":{"total":5,"covered":5,"skipped":0,"pct":100},"statements":{"total":32,"covered":32,"skipped":0,"pct":100},"branches":{"total":31,"covered":21,"skipped":0,"pct":67.74}}
,"C:\\Users\\Ekii\\Desktop\\datazup\\internal-dev\\ui\\dzup-ui\\apps\\landing\\src\\composables\\useBlockCodeView.ts": {"lines":{"total":38,"covered":38,"skipped":0,"pct":100},"functions":{"total":9,"covered":9,"skipped":0,"pct":100},"statements":{"total":40,"covered":40,"skipped":0,"pct":100},"branches":{"total":10,"covered":10,"skipped":0,"pct":100}}
,"C:\\Users\\Ekii\\Desktop\\datazup\\internal-dev\\ui\\dzup-ui\\apps\\landing\\src\\composables\\useBlockSearch.ts": {"lines":{"total":28,"covered":28,"skipped":0,"pct":100},"functions":{"total":13,"covered":13,"skipped":0,"pct":100},"statements":{"total":31,"covered":31,"skipped":0,"pct":100},"branches":{"total":11,"covered":11,"skipped":0,"pct":100}}
,"C:\\Users\\Ekii\\Desktop\\datazup\\internal-dev\\ui\\dzup-ui\\apps\\landing\\src\\composables\\useBlockTheme.ts": {"lines":{"total":87,"covered":84,"skipped":0,"pct":96.55},"functions":{"total":17,"covered":17,"skipped":0,"pct":100},"statements":{"total":88,"covered":85,"skipped":0,"pct":96.59},"branches":{"total":40,"covered":32,"skipped":0,"pct":80}}
,"C:\\Users\\Ekii\\Desktop\\datazup\\internal-dev\\ui\\dzup-ui\\apps\\landing\\src\\composables\\useGlobalSearch.ts": {"lines":{"total":42,"covered":42,"skipped":0,"pct":100},"functions":{"total":14,"covered":14,"skipped":0,"pct":100},"statements":{"total":47,"covered":47,"skipped":0,"pct":100},"branches":{"total":18,"covered":14,"skipped":0,"pct":77.77}}
,"C:\\Users\\Ekii\\Desktop\\datazup\\internal-dev\\ui\\dzup-ui\\apps\\landing\\src\\composables\\useLazyMount.ts": {"lines":{"total":22,"covered":21,"skipped":0,"pct":95.45},"functions":{"total":7,"covered":7,"skipped":0,"pct":100},"statements":{"total":23,"covered":22,"skipped":0,"pct":95.65},"branches":{"total":19,"covered":16,"skipped":0,"pct":84.21}}
,"C:\\Users\\Ekii\\Desktop\\datazup\\internal-dev\\ui\\dzup-ui\\apps\\landing\\src\\composables\\useLiveStats.ts": {"lines":{"total":16,"covered":10,"skipped":0,"pct":62.5},"functions":{"total":3,"covered":3,"skipped":0,"pct":100},"statements":{"total":16,"covered":10,"skipped":0,"pct":62.5},"branches":{"total":8,"covered":2,"skipped":0,"pct":25}}
,"C:\\Users\\Ekii\\Desktop\\datazup\\internal-dev\\ui\\dzup-ui\\apps\\landing\\src\\composables\\useTheme.ts": {"lines":{"total":11,"covered":10,"skipped":0,"pct":90.9},"functions":{"total":3,"covered":3,"skipped":0,"pct":100},"statements":{"total":11,"covered":10,"skipped":0,"pct":90.9},"branches":{"total":6,"covered":5,"skipped":0,"pct":83.33}}
,"C:\\Users\\Ekii\\Desktop\\datazup\\internal-dev\\ui\\dzup-ui\\apps\\landing\\src\\composables\\useThemeDesigner.ts": {"lines":{"total":120,"covered":116,"skipped":0,"pct":96.66},"functions":{"total":39,"covered":35,"skipped":0,"pct":89.74},"statements":{"total":127,"covered":123,"skipped":0,"pct":96.85},"branches":{"total":18,"covered":17,"skipped":0,"pct":94.44}}
,"C:\\Users\\Ekii\\Desktop\\datazup\\internal-dev\\ui\\dzup-ui\\apps\\landing\\src\\composables\\useThemeTransition.ts": {"lines":{"total":15,"covered":15,"skipped":0,"pct":100},"functions":{"total":4,"covered":4,"skipped":0,"pct":100},"statements":{"total":16,"covered":16,"skipped":0,"pct":100},"branches":{"total":10,"covered":9,"skipped":0,"pct":90}}
,"C:\\Users\\Ekii\\Desktop\\datazup\\internal-dev\\ui\\dzup-ui\\apps\\landing\\src\\data\\compare.ts": {"lines":{"total":3,"covered":3,"skipped":0,"pct":100},"functions":{"total":0,"covered":0,"skipped":0,"pct":100},"statements":{"total":3,"covered":3,"skipped":0,"pct":100},"branches":{"total":0,"covered":0,"skipped":0,"pct":100}}
,"C:\\Users\\Ekii\\Desktop\\datazup\\internal-dev\\ui\\dzup-ui\\apps\\landing\\src\\gallery\\AnimationCard.vue": {"lines":{"total":79,"covered":61,"skipped":0,"pct":77.21},"functions":{"total":33,"covered":29,"skipped":0,"pct":87.87},"statements":{"total":90,"covered":67,"skipped":0,"pct":74.44},"branches":{"total":66,"covered":43,"skipped":0,"pct":65.15}}
,"C:\\Users\\Ekii\\Desktop\\datazup\\internal-dev\\ui\\dzup-ui\\apps\\landing\\src\\gallery\\catalog.ts": {"lines":{"total":64,"covered":64,"skipped":0,"pct":100},"functions":{"total":60,"covered":60,"skipped":0,"pct":100},"statements":{"total":64,"covered":64,"skipped":0,"pct":100},"branches":{"total":2,"covered":1,"skipped":0,"pct":50}}
,"C:\\Users\\Ekii\\Desktop\\datazup\\internal-dev\\ui\\dzup-ui\\apps\\landing\\src\\gallery\\motionSources.ts": {"lines":{"total":5,"covered":5,"skipped":0,"pct":100},"functions":{"total":2,"covered":2,"skipped":0,"pct":100},"statements":{"total":5,"covered":5,"skipped":0,"pct":100},"branches":{"total":2,"covered":1,"skipped":0,"pct":50}}
,"C:\\Users\\Ekii\\Desktop\\datazup\\internal-dev\\ui\\dzup-ui\\apps\\landing\\src\\gallery\\registryItem.ts": {"lines":{"total":116,"covered":113,"skipped":0,"pct":97.41},"functions":{"total":27,"covered":27,"skipped":0,"pct":100},"statements":{"total":123,"covered":120,"skipped":0,"pct":97.56},"branches":{"total":51,"covered":45,"skipped":0,"pct":88.23}}
,"C:\\Users\\Ekii\\Desktop\\datazup\\internal-dev\\ui\\dzup-ui\\apps\\landing\\src\\gallery\\demos\\AccordionHeightDemo.vue": {"lines":{"total":9,"covered":8,"skipped":0,"pct":88.88},"functions":{"total":7,"covered":6,"skipped":0,"pct":85.71},"statements":{"total":11,"covered":10,"skipped":0,"pct":90.9},"branches":{"total":2,"covered":2,"skipped":0,"pct":100}}
,"C:\\Users\\Ekii\\Desktop\\datazup\\internal-dev\\ui\\dzup-ui\\apps\\landing\\src\\gallery\\demos\\AnimatedBeamDemo.vue": {"lines":{"total":7,"covered":7,"skipped":0,"pct":100},"functions":{"total":2,"covered":2,"skipped":0,"pct":100},"statements":{"total":9,"covered":9,"skipped":0,"pct":100},"branches":{"total":2,"covered":2,"skipped":0,"pct":100}}
,"C:\\Users\\Ekii\\Desktop\\datazup\\internal-dev\\ui\\dzup-ui\\apps\\landing\\src\\gallery\\demos\\AnimatedGridDemo.vue": {"lines":{"total":6,"covered":6,"skipped":0,"pct":100},"functions":{"total":3,"covered":3,"skipped":0,"pct":100},"statements":{"total":8,"covered":8,"skipped":0,"pct":100},"branches":{"total":4,"covered":4,"skipped":0,"pct":100}}
,"C:\\Users\\Ekii\\Desktop\\datazup\\internal-dev\\ui\\dzup-ui\\apps\\landing\\src\\gallery\\demos\\AuroraDriftDemo.vue": {"lines":{"total":4,"covered":4,"skipped":0,"pct":100},"functions":{"total":2,"covered":2,"skipped":0,"pct":100},"statements":{"total":5,"covered":5,"skipped":0,"pct":100},"branches":{"total":4,"covered":4,"skipped":0,"pct":100}}
,"C:\\Users\\Ekii\\Desktop\\datazup\\internal-dev\\ui\\dzup-ui\\apps\\landing\\src\\gallery\\demos\\AutoAnimateListDemo.vue": {"lines":{"total":35,"covered":24,"skipped":0,"pct":68.57},"functions":{"total":21,"covered":13,"skipped":0,"pct":61.9},"statements":{"total":43,"covered":28,"skipped":0,"pct":65.11},"branches":{"total":14,"covered":6,"skipped":0,"pct":42.85}}
,"C:\\Users\\Ekii\\Desktop\\datazup\\internal-dev\\ui\\dzup-ui\\apps\\landing\\src\\gallery\\demos\\BentoRevealDemo.vue": {"lines":{"total":8,"covered":8,"skipped":0,"pct":100},"functions":{"total":6,"covered":6,"skipped":0,"pct":100},"statements":{"total":9,"covered":9,"skipped":0,"pct":100},"branches":{"total":2,"covered":2,"skipped":0,"pct":100}}
,"C:\\Users\\Ekii\\Desktop\\datazup\\internal-dev\\ui\\dzup-ui\\apps\\landing\\src\\gallery\\demos\\BlurInDemo.vue": {"lines":{"total":4,"covered":4,"skipped":0,"pct":100},"functions":{"total":1,"covered":1,"skipped":0,"pct":100},"statements":{"total":5,"covered":5,"skipped":0,"pct":100},"branches":{"total":0,"covered":0,"skipped":0,"pct":100}}
,"C:\\Users\\Ekii\\Desktop\\datazup\\internal-dev\\ui\\dzup-ui\\apps\\landing\\src\\gallery\\demos\\BorderBeamDemo.vue": {"lines":{"total":4,"covered":4,"skipped":0,"pct":100},"functions":{"total":4,"covered":4,"skipped":0,"pct":100},"statements":{"total":6,"covered":6,"skipped":0,"pct":100},"branches":{"total":4,"covered":4,"skipped":0,"pct":100}}
,"C:\\Users\\Ekii\\Desktop\\datazup\\internal-dev\\ui\\dzup-ui\\apps\\landing\\src\\gallery\\demos\\CardLiftDemo.vue": {"lines":{"total":5,"covered":5,"skipped":0,"pct":100},"functions":{"total":4,"covered":4,"skipped":0,"pct":100},"statements":{"total":8,"covered":8,"skipped":0,"pct":100},"branches":{"total":4,"covered":4,"skipped":0,"pct":100}}
,"C:\\Users\\Ekii\\Desktop\\datazup\\internal-dev\\ui\\dzup-ui\\apps\\landing\\src\\gallery\\demos\\CardStackDemo.vue": {"lines":{"total":7,"covered":7,"skipped":0,"pct":100},"functions":{"total":4,"covered":4,"skipped":0,"pct":100},"statements":{"total":8,"covered":8,"skipped":0,"pct":100},"branches":{"total":2,"covered":2,"skipped":0,"pct":100}}
,"C:\\Users\\Ekii\\Desktop\\datazup\\internal-dev\\ui\\dzup-ui\\apps\\landing\\src\\gallery\\demos\\CircularTextDemo.vue": {"lines":{"total":3,"covered":3,"skipped":0,"pct":100},"functions":{"total":1,"covered":1,"skipped":0,"pct":100},"statements":{"total":4,"covered":4,"skipped":0,"pct":100},"branches":{"total":2,"covered":2,"skipped":0,"pct":100}}
,"C:\\Users\\Ekii\\Desktop\\datazup\\internal-dev\\ui\\dzup-ui\\apps\\landing\\src\\gallery\\demos\\ConfettiBurstDemo.vue": {"lines":{"total":17,"covered":17,"skipped":0,"pct":100},"functions":{"total":7,"covered":7,"skipped":0,"pct":100},"statements":{"total":18,"covered":18,"skipped":0,"pct":100},"branches":{"total":10,"covered":8,"skipped":0,"pct":80}}
,"C:\\Users\\Ekii\\Desktop\\datazup\\internal-dev\\ui\\dzup-ui\\apps\\landing\\src\\gallery\\demos\\CountUpDemo.vue": {"lines":{"total":5,"covered":5,"skipped":0,"pct":100},"functions":{"total":2,"covered":2,"skipped":0,"pct":100},"statements":{"total":6,"covered":6,"skipped":0,"pct":100},"branches":{"total":0,"covered":0,"skipped":0,"pct":100}}
,"C:\\Users\\Ekii\\Desktop\\datazup\\internal-dev\\ui\\dzup-ui\\apps\\landing\\src\\gallery\\demos\\CustomCursorDemo.vue": {"lines":{"total":4,"covered":4,"skipped":0,"pct":100},"functions":{"total":4,"covered":3,"skipped":0,"pct":75},"statements":{"total":6,"covered":6,"skipped":0,"pct":100},"branches":{"total":6,"covered":6,"skipped":0,"pct":100}}
,"C:\\Users\\Ekii\\Desktop\\datazup\\internal-dev\\ui\\dzup-ui\\apps\\landing\\src\\gallery\\demos\\DirectionalSlideDemo.vue": {"lines":{"total":6,"covered":6,"skipped":0,"pct":100},"functions":{"total":4,"covered":4,"skipped":0,"pct":100},"statements":{"total":7,"covered":7,"skipped":0,"pct":100},"branches":{"total":0,"covered":0,"skipped":0,"pct":100}}
,"C:\\Users\\Ekii\\Desktop\\datazup\\internal-dev\\ui\\dzup-ui\\apps\\landing\\src\\gallery\\demos\\DockDemo.vue": {"lines":{"total":5,"covered":5,"skipped":0,"pct":100},"functions":{"total":2,"covered":2,"skipped":0,"pct":100},"statements":{"total":6,"covered":6,"skipped":0,"pct":100},"branches":{"total":0,"covered":0,"skipped":0,"pct":100}}
,"C:\\Users\\Ekii\\Desktop\\datazup\\internal-dev\\ui\\dzup-ui\\apps\\landing\\src\\gallery\\demos\\DynamicIslandDemo.vue": {"lines":{"total":14,"covered":10,"skipped":0,"pct":71.42},"functions":{"total":5,"covered":1,"skipped":0,"pct":20},"statements":{"total":15,"covered":11,"skipped":0,"pct":73.33},"branches":{"total":18,"covered":5,"skipped":0,"pct":27.77}}
,"C:\\Users\\Ekii\\Desktop\\datazup\\internal-dev\\ui\\dzup-ui\\apps\\landing\\src\\gallery\\demos\\ErrorShakeDemo.vue": {"lines":{"total":34,"covered":27,"skipped":0,"pct":79.41},"functions":{"total":13,"covered":9,"skipped":0,"pct":69.23},"statements":{"total":35,"covered":28,"skipped":0,"pct":80},"branches":{"total":22,"covered":14,"skipped":0,"pct":63.63}}
,"C:\\Users\\Ekii\\Desktop\\datazup\\internal-dev\\ui\\dzup-ui\\apps\\landing\\src\\gallery\\demos\\FadeRiseDemo.vue": {"lines":{"total":4,"covered":4,"skipped":0,"pct":100},"functions":{"total":4,"covered":4,"skipped":0,"pct":100},"statements":{"total":6,"covered":6,"skipped":0,"pct":100},"branches":{"total":4,"covered":4,"skipped":0,"pct":100}}
,"C:\\Users\\Ekii\\Desktop\\datazup\\internal-dev\\ui\\dzup-ui\\apps\\landing\\src\\gallery\\demos\\FlipOnChangeDemo.vue": {"lines":{"total":17,"covered":16,"skipped":0,"pct":94.11},"functions":{"total":9,"covered":8,"skipped":0,"pct":88.88},"statements":{"total":19,"covered":18,"skipped":0,"pct":94.73},"branches":{"total":8,"covered":6,"skipped":0,"pct":75}}
,"C:\\Users\\Ekii\\Desktop\\datazup\\internal-dev\\ui\\dzup-ui\\apps\\landing\\src\\gallery\\demos\\GlareCardDemo.vue": {"lines":{"total":5,"covered":5,"skipped":0,"pct":100},"functions":{"total":3,"covered":3,"skipped":0,"pct":100},"statements":{"total":6,"covered":6,"skipped":0,"pct":100},"branches":{"total":6,"covered":6,"skipped":0,"pct":100}}
,"C:\\Users\\Ekii\\Desktop\\datazup\\internal-dev\\ui\\dzup-ui\\apps\\landing\\src\\gallery\\demos\\GlassSurfaceDemo.vue": {"lines":{"total":3,"covered":3,"skipped":0,"pct":100},"functions":{"total":3,"covered":3,"skipped":0,"pct":100},"statements":{"total":5,"covered":5,"skipped":0,"pct":100},"branches":{"total":6,"covered":6,"skipped":0,"pct":100}}
,"C:\\Users\\Ekii\\Desktop\\datazup\\internal-dev\\ui\\dzup-ui\\apps\\landing\\src\\gallery\\demos\\GradientBorderGlowDemo.vue": {"lines":{"total":5,"covered":5,"skipped":0,"pct":100},"functions":{"total":4,"covered":4,"skipped":0,"pct":100},"statements":{"total":8,"covered":8,"skipped":0,"pct":100},"branches":{"total":4,"covered":4,"skipped":0,"pct":100}}
,"C:\\Users\\Ekii\\Desktop\\datazup\\internal-dev\\ui\\dzup-ui\\apps\\landing\\src\\gallery\\demos\\GradientSweepDemo.vue": {"lines":{"total":2,"covered":2,"skipped":0,"pct":100},"functions":{"total":2,"covered":2,"skipped":0,"pct":100},"statements":{"total":4,"covered":4,"skipped":0,"pct":100},"branches":{"total":2,"covered":2,"skipped":0,"pct":100}}
,"C:\\Users\\Ekii\\Desktop\\datazup\\internal-dev\\ui\\dzup-ui\\apps\\landing\\src\\gallery\\demos\\HighlightSweepDemo.vue": {"lines":{"total":6,"covered":6,"skipped":0,"pct":100},"functions":{"total":2,"covered":2,"skipped":0,"pct":100},"statements":{"total":7,"covered":7,"skipped":0,"pct":100},"branches":{"total":2,"covered":2,"skipped":0,"pct":100}}
,"C:\\Users\\Ekii\\Desktop\\datazup\\internal-dev\\ui\\dzup-ui\\apps\\landing\\src\\gallery\\demos\\ImageCompareDemo.vue": {"lines":{"total":6,"covered":6,"skipped":0,"pct":100},"functions":{"total":1,"covered":1,"skipped":0,"pct":100},"statements":{"total":7,"covered":7,"skipped":0,"pct":100},"branches":{"total":4,"covered":4,"skipped":0,"pct":100}}
,"C:\\Users\\Ekii\\Desktop\\datazup\\internal-dev\\ui\\dzup-ui\\apps\\landing\\src\\gallery\\demos\\LensMagnifierDemo.vue": {"lines":{"total":12,"covered":12,"skipped":0,"pct":100},"functions":{"total":3,"covered":3,"skipped":0,"pct":100},"statements":{"total":13,"covered":13,"skipped":0,"pct":100},"branches":{"total":0,"covered":0,"skipped":0,"pct":100}}
,"C:\\Users\\Ekii\\Desktop\\datazup\\internal-dev\\ui\\dzup-ui\\apps\\landing\\src\\gallery\\demos\\LetterDecodeDemo.vue": {"lines":{"total":2,"covered":2,"skipped":0,"pct":100},"functions":{"total":1,"covered":1,"skipped":0,"pct":100},"statements":{"total":3,"covered":3,"skipped":0,"pct":100},"branches":{"total":0,"covered":0,"skipped":0,"pct":100}}
,"C:\\Users\\Ekii\\Desktop\\datazup\\internal-dev\\ui\\dzup-ui\\apps\\landing\\src\\gallery\\demos\\LikePopDemo.vue": {"lines":{"total":16,"covered":15,"skipped":0,"pct":93.75},"functions":{"total":9,"covered":8,"skipped":0,"pct":88.88},"statements":{"total":18,"covered":17,"skipped":0,"pct":94.44},"branches":{"total":14,"covered":13,"skipped":0,"pct":92.85}}
,"C:\\Users\\Ekii\\Desktop\\datazup\\internal-dev\\ui\\dzup-ui\\apps\\landing\\src\\gallery\\demos\\MagneticButtonDemo.vue": {"lines":{"total":4,"covered":4,"skipped":0,"pct":100},"functions":{"total":2,"covered":2,"skipped":0,"pct":100},"statements":{"total":5,"covered":5,"skipped":0,"pct":100},"branches":{"total":4,"covered":4,"skipped":0,"pct":100}}
,"C:\\Users\\Ekii\\Desktop\\datazup\\internal-dev\\ui\\dzup-ui\\apps\\landing\\src\\gallery\\demos\\MarqueeStripDemo.vue": {"lines":{"total":5,"covered":5,"skipped":0,"pct":100},"functions":{"total":3,"covered":3,"skipped":0,"pct":100},"statements":{"total":5,"covered":5,"skipped":0,"pct":100},"branches":{"total":0,"covered":0,"skipped":0,"pct":100}}
,"C:\\Users\\Ekii\\Desktop\\datazup\\internal-dev\\ui\\dzup-ui\\apps\\landing\\src\\gallery\\demos\\MeteorsDemo.vue": {"lines":{"total":9,"covered":9,"skipped":0,"pct":100},"functions":{"total":5,"covered":5,"skipped":0,"pct":100},"statements":{"total":12,"covered":12,"skipped":0,"pct":100},"branches":{"total":4,"covered":4,"skipped":0,"pct":100}}
,"C:\\Users\\Ekii\\Desktop\\datazup\\internal-dev\\ui\\dzup-ui\\apps\\landing\\src\\gallery\\demos\\MorphingDialogDemo.vue": {"lines":{"total":21,"covered":12,"skipped":0,"pct":57.14},"functions":{"total":13,"covered":4,"skipped":0,"pct":30.76},"statements":{"total":22,"covered":13,"skipped":0,"pct":59.09},"branches":{"total":18,"covered":4,"skipped":0,"pct":22.22}}
,"C:\\Users\\Ekii\\Desktop\\datazup\\internal-dev\\ui\\dzup-ui\\apps\\landing\\src\\gallery\\demos\\NativePopoverDemo.vue": {"lines":{"total":26,"covered":10,"skipped":0,"pct":38.46},"functions":{"total":20,"covered":3,"skipped":0,"pct":15},"statements":{"total":32,"covered":11,"skipped":0,"pct":34.37},"branches":{"total":14,"covered":3,"skipped":0,"pct":21.42}}
,"C:\\Users\\Ekii\\Desktop\\datazup\\internal-dev\\ui\\dzup-ui\\apps\\landing\\src\\gallery\\demos\\OdometerDemo.vue": {"lines":{"total":5,"covered":5,"skipped":0,"pct":100},"functions":{"total":2,"covered":2,"skipped":0,"pct":100},"statements":{"total":6,"covered":6,"skipped":0,"pct":100},"branches":{"total":0,"covered":0,"skipped":0,"pct":100}}
,"C:\\Users\\Ekii\\Desktop\\datazup\\internal-dev\\ui\\dzup-ui\\apps\\landing\\src\\gallery\\demos\\OrbitingIconsDemo.vue": {"lines":{"total":6,"covered":6,"skipped":0,"pct":100},"functions":{"total":6,"covered":6,"skipped":0,"pct":100},"statements":{"total":8,"covered":8,"skipped":0,"pct":100},"branches":{"total":6,"covered":6,"skipped":0,"pct":100}}
,"C:\\Users\\Ekii\\Desktop\\datazup\\internal-dev\\ui\\dzup-ui\\apps\\landing\\src\\gallery\\demos\\ParallaxDriftDemo.vue": {"lines":{"total":13,"covered":12,"skipped":0,"pct":92.3},"functions":{"total":3,"covered":3,"skipped":0,"pct":100},"statements":{"total":13,"covered":12,"skipped":0,"pct":92.3},"branches":{"total":6,"covered":5,"skipped":0,"pct":83.33}}
,"C:\\Users\\Ekii\\Desktop\\datazup\\internal-dev\\ui\\dzup-ui\\apps\\landing\\src\\gallery\\demos\\ParticleFieldDemo.vue": {"lines":{"total":4,"covered":4,"skipped":0,"pct":100},"functions":{"total":2,"covered":2,"skipped":0,"pct":100},"statements":{"total":5,"covered":5,"skipped":0,"pct":100},"branches":{"total":4,"covered":4,"skipped":0,"pct":100}}
,"C:\\Users\\Ekii\\Desktop\\datazup\\internal-dev\\ui\\dzup-ui\\apps\\landing\\src\\gallery\\demos\\PresenceExitDemo.vue": {"lines":{"total":10,"covered":9,"skipped":0,"pct":90},"functions":{"total":5,"covered":4,"skipped":0,"pct":80},"statements":{"total":10,"covered":9,"skipped":0,"pct":90},"branches":{"total":8,"covered":7,"skipped":0,"pct":87.5}}
,"C:\\Users\\Ekii\\Desktop\\datazup\\internal-dev\\ui\\dzup-ui\\apps\\landing\\src\\gallery\\demos\\ProgressFillDemo.vue": {"lines":{"total":10,"covered":10,"skipped":0,"pct":100},"functions":{"total":4,"covered":4,"skipped":0,"pct":100},"statements":{"total":11,"covered":11,"skipped":0,"pct":100},"branches":{"total":6,"covered":6,"skipped":0,"pct":100}}
,"C:\\Users\\Ekii\\Desktop\\datazup\\internal-dev\\ui\\dzup-ui\\apps\\landing\\src\\gallery\\demos\\ProgressiveBlurDemo.vue": {"lines":{"total":7,"covered":7,"skipped":0,"pct":100},"functions":{"total":3,"covered":3,"skipped":0,"pct":100},"statements":{"total":8,"covered":8,"skipped":0,"pct":100},"branches":{"total":4,"covered":4,"skipped":0,"pct":100}}
,"C:\\Users\\Ekii\\Desktop\\datazup\\internal-dev\\ui\\dzup-ui\\apps\\landing\\src\\gallery\\demos\\PulsePingDemo.vue": {"lines":{"total":3,"covered":3,"skipped":0,"pct":100},"functions":{"total":1,"covered":1,"skipped":0,"pct":100},"statements":{"total":4,"covered":4,"skipped":0,"pct":100},"branches":{"total":0,"covered":0,"skipped":0,"pct":100}}
,"C:\\Users\\Ekii\\Desktop\\datazup\\internal-dev\\ui\\dzup-ui\\apps\\landing\\src\\gallery\\demos\\RatingFillDemo.vue": {"lines":{"total":27,"covered":24,"skipped":0,"pct":88.88},"functions":{"total":6,"covered":5,"skipped":0,"pct":83.33},"statements":{"total":27,"covered":24,"skipped":0,"pct":88.88},"branches":{"total":15,"covered":14,"skipped":0,"pct":93.33}}
,"C:\\Users\\Ekii\\Desktop\\datazup\\internal-dev\\ui\\dzup-ui\\apps\\landing\\src\\gallery\\demos\\RouteTransitionDemo.vue": {"lines":{"total":14,"covered":13,"skipped":0,"pct":92.85},"functions":{"total":9,"covered":8,"skipped":0,"pct":88.88},"statements":{"total":17,"covered":16,"skipped":0,"pct":94.11},"branches":{"total":6,"covered":4,"skipped":0,"pct":66.66}}
,"C:\\Users\\Ekii\\Desktop\\datazup\\internal-dev\\ui\\dzup-ui\\apps\\landing\\src\\gallery\\demos\\ScaleInDemo.vue": {"lines":{"total":2,"covered":2,"skipped":0,"pct":100},"functions":{"total":1,"covered":1,"skipped":0,"pct":100},"statements":{"total":3,"covered":3,"skipped":0,"pct":100},"branches":{"total":0,"covered":0,"skipped":0,"pct":100}}
,"C:\\Users\\Ekii\\Desktop\\datazup\\internal-dev\\ui\\dzup-ui\\apps\\landing\\src\\gallery\\demos\\ScrollLinkedDemo.vue": {"lines":{"total":21,"covered":19,"skipped":0,"pct":90.47},"functions":{"total":6,"covered":6,"skipped":0,"pct":100},"statements":{"total":23,"covered":21,"skipped":0,"pct":91.3},"branches":{"total":14,"covered":12,"skipped":0,"pct":85.71}}
,"C:\\Users\\Ekii\\Desktop\\datazup\\internal-dev\\ui\\dzup-ui\\apps\\landing\\src\\gallery\\demos\\SheenSweepDemo.vue": {"lines":{"total":6,"covered":6,"skipped":0,"pct":100},"functions":{"total":5,"covered":5,"skipped":0,"pct":100},"statements":{"total":9,"covered":9,"skipped":0,"pct":100},"branches":{"total":6,"covered":6,"skipped":0,"pct":100}}
,"C:\\Users\\Ekii\\Desktop\\datazup\\internal-dev\\ui\\dzup-ui\\apps\\landing\\src\\gallery\\demos\\ShimmerSkeletonDemo.vue": {"lines":{"total":4,"covered":4,"skipped":0,"pct":100},"functions":{"total":1,"covered":1,"skipped":0,"pct":100},"statements":{"total":5,"covered":5,"skipped":0,"pct":100},"branches":{"total":0,"covered":0,"skipped":0,"pct":100}}
,"C:\\Users\\Ekii\\Desktop\\datazup\\internal-dev\\ui\\dzup-ui\\apps\\landing\\src\\gallery\\demos\\SpotlightFollowDemo.vue": {"lines":{"total":3,"covered":3,"skipped":0,"pct":100},"functions":{"total":3,"covered":3,"skipped":0,"pct":100},"statements":{"total":5,"covered":5,"skipped":0,"pct":100},"branches":{"total":4,"covered":4,"skipped":0,"pct":100}}
[...]
,"C:\\Users\\Ekii\\Desktop\\datazup\\internal-dev\\ui\\dzup-ui\\packages\\tooling\\src\\perf\\baselines.ts": {"lines":{"total":1,"covered":0,"skipped":0,"pct":0},"functions":{"total":0,"covered":0,"skipped":0,"pct":100},"statements":{"total":1,"covered":0,"skipped":0,"pct":0},"branches":{"total":0,"covered":0,"skipped":0,"pct":100}}
,"C:\\Users\\Ekii\\Desktop\\datazup\\internal-dev\\ui\\dzup-ui\\packages\\tooling\\src\\perf\\capture-baselines.ts": {"lines":{"total":29,"covered":0,"skipped":0,"pct":0},"functions":{"total":3,"covered":0,"skipped":0,"pct":0},"statements":{"total":30,"covered":0,"skipped":0,"pct":0},"branches":{"total":10,"covered":0,"skipped":0,"pct":0}}
,"C:\\Users\\Ekii\\Desktop\\datazup\\internal-dev\\ui\\dzup-ui\\packages\\tooling\\src\\perf\\export-sizes.ts": {"lines":{"total":34,"covered":0,"skipped":0,"pct":0},"functions":{"total":3,"covered":0,"skipped":0,"pct":0},"statements":{"total":34,"covered":0,"skipped":0,"pct":0},"branches":{"total":4,"covered":0,"skipped":0,"pct":0}}
,"C:\\Users\\Ekii\\Desktop\\datazup\\internal-dev\\ui\\dzup-ui\\packages\\tooling\\src\\perf\\read-baselines.ts": {"lines":{"total":10,"covered":8,"skipped":0,"pct":80},"functions":{"total":3,"covered":3,"skipped":0,"pct":100},"statements":{"total":11,"covered":9,"skipped":0,"pct":81.81},"branches":{"total":6,"covered":4,"skipped":0,"pct":66.66}}
,"C:\\Users\\Ekii\\Desktop\\datazup\\internal-dev\\ui\\dzup-ui\\packages\\tooling\\src\\perf\\statistics.ts": {"lines":{"total":37,"covered":37,"skipped":0,"pct":100},"functions":{"total":8,"covered":8,"skipped":0,"pct":100},"statements":{"total":39,"covered":39,"skipped":0,"pct":100},"branches":{"total":22,"covered":19,"skipped":0,"pct":86.36}}
,"C:\\Users\\Ekii\\Desktop\\datazup\\internal-dev\\ui\\dzup-ui\\packages\\tooling\\src\\playground\\playground-contract.ts": {"lines":{"total":27,"covered":27,"skipped":0,"pct":100},"functions":{"total":9,"covered":9,"skipped":0,"pct":100},"statements":{"total":29,"covered":29,"skipped":0,"pct":100},"branches":{"total":11,"covered":8,"skipped":0,"pct":72.72}}
,"C:\\Users\\Ekii\\Desktop\\datazup\\internal-dev\\ui\\dzup-ui\\packages\\tooling\\src\\quality\\accept-visual-baseline.ts": {"lines":{"total":38,"covered":0,"skipped":0,"pct":0},"functions":{"total":12,"covered":0,"skipped":0,"pct":0},"statements":{"total":41,"covered":0,"skipped":0,"pct":0},"branches":{"total":28,"covered":0,"skipped":0,"pct":0}}
,"C:\\Users\\Ekii\\Desktop\\datazup\\internal-dev\\ui\\dzup-ui\\packages\\tooling\\src\\quality\\at-matrix.ts": {"lines":{"total":25,"covered":24,"skipped":0,"pct":96},"functions":{"total":1,"covered":1,"skipped":0,"pct":100},"statements":{"total":25,"covered":24,"skipped":0,"pct":96},"branches":{"total":8,"covered":4,"skipped":0,"pct":50}}
,"C:\\Users\\Ekii\\Desktop\\datazup\\internal-dev\\ui\\dzup-ui\\packages\\tooling\\src\\quality\\at-scripts.data.ts": {"lines":{"total":1,"covered":0,"skipped":0,"pct":0},"functions":{"total":0,"covered":0,"skipped":0,"pct":100},"statements":{"total":1,"covered":0,"skipped":0,"pct":0},"branches":{"total":0,"covered":0,"skipped":0,"pct":100}}
,"C:\\Users\\Ekii\\Desktop\\datazup\\internal-dev\\ui\\dzup-ui\\packages\\tooling\\src\\quality\\capability-matrix.ts": {"lines":{"total":3,"covered":3,"skipped":0,"pct":100},"functions":{"total":1,"covered":1,"skipped":0,"pct":100},"statements":{"total":3,"covered":3,"skipped":0,"pct":100},"branches":{"total":0,"covered":0,"skipped":0,"pct":100}}
,"C:\\Users\\Ekii\\Desktop\\datazup\\internal-dev\\ui\\dzup-ui\\packages\\tooling\\src\\quality\\component-tiers.ts": {"lines":{"total":2,"covered":2,"skipped":0,"pct":100},"functions":{"total":0,"covered":0,"skipped":0,"pct":100},"statements":{"total":2,"covered":2,"skipped":0,"pct":100},"branches":{"total":0,"covered":0,"skipped":0,"pct":100}}
,"C:\\Users\\Ekii\\Desktop\\datazup\\internal-dev\\ui\\dzup-ui\\packages\\tooling\\src\\quality\\emit-capability-data.ts": {"lines":{"total":20,"covered":1,"skipped":0,"pct":5},"functions":{"total":6,"covered":0,"skipped":0,"pct":0},"statements":{"total":20,"covered":1,"skipped":0,"pct":5},"branches":{"total":14,"covered":0,"skipped":0,"pct":0}}
,"C:\\Users\\Ekii\\Desktop\\datazup\\internal-dev\\ui\\dzup-ui\\packages\\tooling\\src\\quality\\generate-at-matrix.ts": {"lines":{"total":56,"covered":32,"skipped":0,"pct":57.14},"functions":{"total":17,"covered":8,"skipped":0,"pct":47.05},"statements":{"total":58,"covered":33,"skipped":0,"pct":56.89},"branches":{"total":34,"covered":13,"skipped":0,"pct":38.23}}
,"C:\\Users\\Ekii\\Desktop\\datazup\\internal-dev\\ui\\dzup-ui\\packages\\tooling\\src\\quality\\generate-at-scripts.ts": {"lines":{"total":60,"covered":0,"skipped":0,"pct":0},"functions":{"total":18,"covered":0,"skipped":0,"pct":0},"statements":{"total":68,"covered":0,"skipped":0,"pct":0},"branches":{"total":24,"covered":0,"skipped":0,"pct":0}}
,"C:\\Users\\Ekii\\Desktop\\datazup\\internal-dev\\ui\\dzup-ui\\packages\\tooling\\src\\quality\\generate-capability-matrix.ts": {"lines":{"total":219,"covered":19,"skipped":0,"pct":8.67},"functions":{"total":56,"covered":2,"skipped":0,"pct":3.57},"statements":{"total":239,"covered":19,"skipped":0,"pct":7.94},"branches":{"total":217,"covered":4,"skipped":0,"pct":1.84}}
,"C:\\Users\\Ekii\\Desktop\\datazup\\internal-dev\\ui\\dzup-ui\\packages\\tooling\\src\\quality\\generate-matrix-targets.ts": {"lines":{"total":45,"covered":42,"skipped":0,"pct":93.33},"functions":{"total":13,"covered":13,"skipped":0,"pct":100},"statements":{"total":46,"covered":43,"skipped":0,"pct":93.47},"branches":{"total":30,"covered":26,"skipped":0,"pct":86.66}}
,"C:\\Users\\Ekii\\Desktop\\datazup\\internal-dev\\ui\\dzup-ui\\packages\\tooling\\src\\quality\\generate-quality-matrix.ts": {"lines":{"total":47,"covered":44,"skipped":0,"pct":93.61},"functions":{"total":13,"covered":11,"skipped":0,"pct":84.61},"statements":{"total":51,"covered":48,"skipped":0,"pct":94.11},"branches":{"total":34,"covered":27,"skipped":0,"pct":79.41}}
,"C:\\Users\\Ekii\\Desktop\\datazup\\internal-dev\\ui\\dzup-ui\\packages\\tooling\\src\\quality\\git.ts": {"lines":{"total":16,"covered":9,"skipped":0,"pct":56.25},"functions":{"total":3,"covered":2,"skipped":0,"pct":66.66},"statements":{"total":16,"covered":9,"skipped":0,"pct":56.25},"branches":{"total":12,"covered":7,"skipped":0,"pct":58.33}}
,"C:\\Users\\Ekii\\Desktop\\datazup\\internal-dev\\ui\\dzup-ui\\packages\\tooling\\src\\quality\\story-dod-triage.ts": {"lines":{"total":32,"covered":32,"skipped":0,"pct":100},"functions":{"total":7,"covered":7,"skipped":0,"pct":100},"statements":{"total":33,"covered":33,"skipped":0,"pct":100},"branches":{"total":23,"covered":22,"skipped":0,"pct":95.65}}
,"C:\\Users\\Ekii\\Desktop\\datazup\\internal-dev\\ui\\dzup-ui\\packages\\tooling\\src\\resolution\\dzup-resolution.ts": {"lines":{"total":92,"covered":84,"skipped":0,"pct":91.3},"functions":{"total":19,"covered":19,"skipped":0,"pct":100},"statements":{"total":100,"covered":92,"skipped":0,"pct":92},"branches":{"total":71,"covered":56,"skipped":0,"pct":78.87}}
,"C:\\Users\\Ekii\\Desktop\\datazup\\internal-dev\\ui\\dzup-ui\\packages\\tooling\\src\\token-checks\\color-lint.ts": {"lines":{"total":130,"covered":68,"skipped":0,"pct":52.3},"functions":{"total":12,"covered":6,"skipped":0,"pct":50},"statements":{"total":135,"covered":72,"skipped":0,"pct":53.33},"branches":{"total":55,"covered":29,"skipped":0,"pct":52.72}}
,"C:\\Users\\Ekii\\Desktop\\datazup\\internal-dev\\ui\\dzup-ui\\packages\\tooling\\src\\token-checks\\design-md-check.ts": {"lines":{"total":82,"covered":69,"skipped":0,"pct":84.14},"functions":{"total":8,"covered":7,"skipped":0,"pct":87.5},"statements":{"total":83,"covered":70,"skipped":0,"pct":84.33},"branches":{"total":31,"covered":25,"skipped":0,"pct":80.64}}
,"C:\\Users\\Ekii\\Desktop\\datazup\\internal-dev\\ui\\dzup-ui\\packages\\tooling\\src\\token-checks\\dtcg-round-trip.ts": {"lines":{"total":483,"covered":387,"skipped":0,"pct":80.12},"functions":{"total":49,"covered":46,"skipped":0,"pct":93.87},"statements":{"total":499,"covered":400,"skipped":0,"pct":80.16},"branches":{"total":327,"covered":238,"skipped":0,"pct":72.78}}
,"C:\\Users\\Ekii\\Desktop\\datazup\\internal-dev\\ui\\dzup-ui\\packages\\tooling\\src\\token-checks\\dtcg-schema.ts": {"lines":{"total":26,"covered":25,"skipped":0,"pct":96.15},"functions":{"total":3,"covered":2,"skipped":0,"pct":66.66},"statements":{"total":27,"covered":25,"skipped":0,"pct":92.59},"branches":{"total":12,"covered":7,"skipped":0,"pct":58.33}}
,"C:\\Users\\Ekii\\Desktop\\datazup\\internal-dev\\ui\\dzup-ui\\packages\\tooling\\src\\token-checks\\intent-text-contrast.ts": {"lines":{"total":37,"covered":25,"skipped":0,"pct":67.56},"functions":{"total":8,"covered":7,"skipped":0,"pct":87.5},"statements":{"total":38,"covered":26,"skipped":0,"pct":68.42},"branches":{"total":9,"covered":6,"skipped":0,"pct":66.66}}
,"C:\\Users\\Ekii\\Desktop\\datazup\\internal-dev\\ui\\dzup-ui\\packages\\tooling\\src\\token-checks\\json-schema-draft07.ts": {"lines":{"total":164,"covered":148,"skipped":0,"pct":90.24},"functions":{"total":28,"covered":24,"skipped":0,"pct":85.71},"statements":{"total":179,"covered":158,"skipped":0,"pct":88.26},"branches":{"total":174,"covered":147,"skipped":0,"pct":84.48}}
,"C:\\Users\\Ekii\\Desktop\\datazup\\internal-dev\\ui\\dzup-ui\\packages\\tooling\\src\\token-checks\\oklch-contrast.ts": {"lines":{"total":42,"covered":41,"skipped":0,"pct":97.61},"functions":{"total":8,"covered":8,"skipped":0,"pct":100},"statements":{"total":43,"covered":42,"skipped":0,"pct":97.67},"branches":{"total":24,"covered":20,"skipped":0,"pct":83.33}}
,"C:\\Users\\Ekii\\Desktop\\datazup\\internal-dev\\ui\\dzup-ui\\packages\\tooling\\src\\token-checks\\token-references.ts": {"lines":{"total":142,"covered":132,"skipped":0,"pct":92.95},"functions":{"total":14,"covered":14,"skipped":0,"pct":100},"statements":{"total":148,"covered":138,"skipped":0,"pct":93.24},"branches":{"total":61,"covered":44,"skipped":0,"pct":72.13}}
,"C:\\Users\\Ekii\\Desktop\\datazup\\internal-dev\\ui\\dzup-ui\\packages\\tooling\\src\\validators\\anatomy-parts.ts": {"lines":{"total":224,"covered":0,"skipped":0,"pct":0},"functions":{"total":21,"covered":0,"skipped":0,"pct":0},"statements":{"total":231,"covered":0,"skipped":0,"pct":0},"branches":{"total":157,"covered":0,"skipped":0,"pct":0}}
,"C:\\Users\\Ekii\\Desktop\\datazup\\internal-dev\\ui\\dzup-ui\\packages\\tooling\\src\\validators\\at-matrix.ts": {"lines":{"total":36,"covered":36,"skipped":0,"pct":100},"functions":{"total":4,"covered":4,"skipped":0,"pct":100},"statements":{"total":38,"covered":38,"skipped":0,"pct":100},"branches":{"total":16,"covered":16,"skipped":0,"pct":100}}
,"C:\\Users\\Ekii\\Desktop\\datazup\\internal-dev\\ui\\dzup-ui\\packages\\tooling\\src\\validators\\capability-matrix.ts": {"lines":{"total":19,"covered":19,"skipped":0,"pct":100},"functions":{"total":1,"covered":1,"skipped":0,"pct":100},"statements":{"total":19,"covered":19,"skipped":0,"pct":100},"branches":{"total":10,"covered":10,"skipped":0,"pct":100}}
,"C:\\Users\\Ekii\\Desktop\\datazup\\internal-dev\\ui\\dzup-ui\\packages\\tooling\\src\\validators\\component-meta.ts": {"lines":{"total":71,"covered":64,"skipped":0,"pct":90.14},"functions":{"total":14,"covered":13,"skipped":0,"pct":92.85},"statements":{"total":77,"covered":70,"skipped":0,"pct":90.9},"branches":{"total":48,"covered":42,"skipped":0,"pct":87.5}}
,"C:\\Users\\Ekii\\Desktop\\datazup\\internal-dev\\ui\\dzup-ui\\packages\\tooling\\src\\validators\\contract-parity.ts": {"lines":{"total":67,"covered":61,"skipped":0,"pct":91.04},"functions":{"total":9,"covered":9,"skipped":0,"pct":100},"statements":{"total":70,"covered":64,"skipped":0,"pct":91.42},"branches":{"total":36,"covered":31,"skipped":0,"pct":86.11}}
,"C:\\Users\\Ekii\\Desktop\\datazup\\internal-dev\\ui\\dzup-ui\\packages\\tooling\\src\\validators\\export-map.ts": {"lines":{"total":50,"covered":46,"skipped":0,"pct":92},"functions":{"total":10,"covered":10,"skipped":0,"pct":100},"statements":{"total":54,"covered":50,"skipped":0,"pct":92.59},"branches":{"total":50,"covered":43,"skipped":0,"pct":86}}
,"C:\\Users\\Ekii\\Desktop\\datazup\\internal-dev\\ui\\dzup-ui\\packages\\tooling\\src\\validators\\form-readiness.ts": {"lines":{"total":337,"covered":252,"skipped":0,"pct":74.77},"functions":{"total":56,"covered":44,"skipped":0,"pct":78.57},"statements":{"total":367,"covered":274,"skipped":0,"pct":74.65},"branches":{"total":253,"covered":171,"skipped":0,"pct":67.58}}
,"C:\\Users\\Ekii\\Desktop\\datazup\\internal-dev\\ui\\dzup-ui\\packages\\tooling\\src\\validators\\hardcoded-strings.ts": {"lines":{"total":65,"covered":44,"skipped":0,"pct":67.69},"functions":{"total":6,"covered":3,"skipped":0,"pct":50},"statements":{"total":67,"covered":45,"skipped":0,"pct":67.16},"branches":{"total":46,"covered":30,"skipped":0,"pct":65.21}}
,"C:\\Users\\Ekii\\Desktop\\datazup\\internal-dev\\ui\\dzup-ui\\packages\\tooling\\src\\validators\\i18n-packs.ts": {"lines":{"total":187,"covered":119,"skipped":0,"pct":63.63},"functions":{"total":22,"covered":16,"skipped":0,"pct":72.72},"statements":{"total":196,"covered":127,"skipped":0,"pct":64.79},"branches":{"total":134,"covered":90,"skipped":0,"pct":67.16}}
,"C:\\Users\\Ekii\\Desktop\\datazup\\internal-dev\\ui\\dzup-ui\\packages\\tooling\\src\\validators\\import-boundary.ts": {"lines":{"total":100,"covered":0,"skipped":0,"pct":0},"functions":{"total":7,"covered":0,"skipped":0,"pct":0},"statements":{"total":101,"covered":0,"skipped":0,"pct":0},"branches":{"total":53,"covered":0,"skipped":0,"pct":0}}
,"C:\\Users\\Ekii\\Desktop\\datazup\\internal-dev\\ui\\dzup-ui\\packages\\tooling\\src\\validators\\interaction-contract.ts": {"lines":{"total":57,"covered":40,"skipped":0,"pct":70.17},"functions":{"total":9,"covered":8,"skipped":0,"pct":88.88},"statements":{"total":61,"covered":44,"skipped":0,"pct":72.13},"branches":{"total":23,"covered":16,"skipped":0,"pct":69.56}}
,"C:\\Users\\Ekii\\Desktop\\datazup\\internal-dev\\ui\\dzup-ui\\packages\\tooling\\src\\validators\\llms.ts": {"lines":{"total":186,"covered":159,"skipped":0,"pct":85.48},"functions":{"total":20,"covered":19,"skipped":0,"pct":95},"statements":{"total":191,"covered":164,"skipped":0,"pct":85.86},"branches":{"total":116,"covered":85,"skipped":0,"pct":73.27}}
,"C:\\Users\\Ekii\\Desktop\\datazup\\internal-dev\\ui\\dzup-ui\\packages\\tooling\\src\\validators\\mcp-surface.ts": {"lines":{"total":126,"covered":104,"skipped":0,"pct":82.53},"functions":{"total":22,"covered":19,"skipped":0,"pct":86.36},"statements":{"total":139,"covered":113,"skipped":0,"pct":81.29},"branches":{"total":86,"covered":69,"skipped":0,"pct":80.23}}
,"C:\\Users\\Ekii\\Desktop\\datazup\\internal-dev\\ui\\dzup-ui\\packages\\tooling\\src\\validators\\ownership-manifest.ts": {"lines":{"total":102,"covered":93,"skipped":0,"pct":91.17},"functions":{"total":31,"covered":30,"skipped":0,"pct":96.77},"statements":{"total":112,"covered":102,"skipped":0,"pct":91.07},"branches":{"total":72,"covered":53,"skipped":0,"pct":73.61}}
,"C:\\Users\\Ekii\\Desktop\\datazup\\internal-dev\\ui\\dzup-ui\\packages\\tooling\\src\\validators\\peer-ranges.ts": {"lines":{"total":65,"covered":34,"skipped":0,"pct":52.3},"functions":{"total":5,"covered":5,"skipped":0,"pct":100},"statements":{"total":66,"covered":35,"skipped":0,"pct":53.03},"branches":{"total":71,"covered":30,"skipped":0,"pct":42.25}}
,"C:\\Users\\Ekii\\Desktop\\datazup\\internal-dev\\ui\\dzup-ui\\packages\\tooling\\src\\validators\\playground-parity.ts": {"lines":{"total":22,"covered":21,"skipped":0,"pct":95.45},"functions":{"total":7,"covered":6,"skipped":0,"pct":85.71},"statements":{"total":24,"covered":23,"skipped":0,"pct":95.83},"branches":{"total":11,"covered":11,"skipped":0,"pct":100}}
,"C:\\Users\\Ekii\\Desktop\\datazup\\internal-dev\\ui\\dzup-ui\\packages\\tooling\\src\\validators\\provider-defaults.ts": {"lines":{"total":117,"covered":115,"skipped":0,"pct":98.29},"functions":{"total":21,"covered":21,"skipped":0,"pct":100},"statements":{"total":126,"covered":124,"skipped":0,"pct":98.41},"branches":{"total":72,"covered":66,"skipped":0,"pct":91.66}}
,"C:\\Users\\Ekii\\Desktop\\datazup\\internal-dev\\ui\\dzup-ui\\packages\\tooling\\src\\validators\\quality-tiers.ts": {"lines":{"total":94,"covered":58,"skipped":0,"pct":61.7},"functions":{"total":9,"covered":4,"skipped":0,"pct":44.44},"statements":{"total":98,"covered":60,"skipped":0,"pct":61.22},"branches":{"total":86,"covered":56,"skipped":0,"pct":65.11}}
,"C:\\Users\\Ekii\\Desktop\\datazup\\internal-dev\\ui\\dzup-ui\\packages\\tooling\\src\\validators\\rtl.ts": {"lines":{"total":50,"covered":36,"skipped":0,"pct":72},"functions":{"total":14,"covered":8,"skipped":0,"pct":57.14},"statements":{"total":53,"covered":38,"skipped":0,"pct":71.69},"branches":{"total":24,"covered":14,"skipped":0,"pct":58.33}}
,"C:\\Users\\Ekii\\Desktop\\datazup\\internal-dev\\ui\\dzup-ui\\packages\\tooling\\src\\validators\\scoped-style.ts": {"lines":{"total":25,"covered":24,"skipped":0,"pct":96},"functions":{"total":5,"covered":5,"skipped":0,"pct":100},"statements":{"total":25,"covered":24,"skipped":0,"pct":96},"branches":{"total":9,"covered":8,"skipped":0,"pct":88.88}}
,"C:\\Users\\Ekii\\Desktop\\datazup\\internal-dev\\ui\\dzup-ui\\packages\\tooling\\src\\validators\\security-corpus.ts": {"lines":{"total":166,"covered":149,"skipped":0,"pct":89.75},"functions":{"total":15,"covered":15,"skipped":0,"pct":100},"statements":{"total":173,"covered":155,"skipped":0,"pct":89.59},"branches":{"total":109,"covered":75,"skipped":0,"pct":68.8}}
,"C:\\Users\\Ekii\\Desktop\\datazup\\internal-dev\\ui\\dzup-ui\\packages\\tooling\\src\\validators\\story-dod-tiers.ts": {"lines":{"total":33,"covered":29,"skipped":0,"pct":87.87},"functions":{"total":3,"covered":3,"skipped":0,"pct":100},"statements":{"total":33,"covered":29,"skipped":0,"pct":87.87},"branches":{"total":19,"covered":12,"skipped":0,"pct":63.15}}
,"C:\\Users\\Ekii\\Desktop\\datazup\\internal-dev\\ui\\dzup-ui\\packages\\tooling\\src\\validators\\story-dod.ts": {"lines":{"total":110,"covered":105,"skipped":0,"pct":95.45},"functions":{"total":50,"covered":50,"skipped":0,"pct":100},"statements":{"total":117,"covered":112,"skipped":0,"pct":95.72},"branches":{"total":48,"covered":43,"skipped":0,"pct":89.58}}
,"C:\\Users\\Ekii\\Desktop\\datazup\\internal-dev\\ui\\dzup-ui\\packages\\tooling\\src\\validators\\story-status.ts": {"lines":{"total":39,"covered":38,"skipped":0,"pct":97.43},"functions":{"total":8,"covered":8,"skipped":0,"pct":100},"statements":{"total":40,"covered":39,"skipped":0,"pct":97.5},"branches":{"total":21,"covered":20,"skipped":0,"pct":95.23}}
,"C:\\Users\\Ekii\\Desktop\\datazup\\internal-dev\\ui\\dzup-ui\\packages\\tooling\\src\\validators\\tv-slot-calls.ts": {"lines":{"total":146,"covered":140,"skipped":0,"pct":95.89},"functions":{"total":19,"covered":19,"skipped":0,"pct":100},"statements":{"total":152,"covered":146,"skipped":0,"pct":96.05},"branches":{"total":92,"covered":72,"skipped":0,"pct":78.26}}
,"C:\\Users\\Ekii\\Desktop\\datazup\\internal-dev\\ui\\dzup-ui\\packages\\tooling\\src\\validators\\vendor-sublayers.ts": {"lines":{"total":41,"covered":39,"skipped":0,"pct":95.12},"functions":{"total":7,"covered":6,"skipped":0,"pct":85.71},"statements":{"total":42,"covered":40,"skipped":0,"pct":95.23},"branches":{"total":26,"covered":21,"skipped":0,"pct":80.76}}
,"C:\\Users\\Ekii\\Desktop\\datazup\\internal-dev\\ui\\dzup-ui\\packages\\tooling\\src\\validators\\visual-baselines.ts": {"lines":{"total":83,"covered":0,"skipped":0,"pct":0},"functions":{"total":13,"covered":0,"skipped":0,"pct":0},"statements":{"total":87,"covered":0,"skipped":0,"pct":0},"branches":{"total":42,"covered":0,"skipped":0,"pct":0}}
}
